nohup: ignoring input
wandb: Currently logged in as: y4umeng (y4umeng-columbia-university) to https://api.wandb.ai. Use `wandb login --relogin` to force relogin
wandb: Using wandb-core as the SDK backend.  Please refer to https://wandb.me/wandb-core for more information.
wandb: Tracking run with wandb version 0.19.6
wandb: Run data is saved locally in /root/Projects/policy_distillation/src/wandb/run-20250304_031811-eo7p0djw
wandb: Run `wandb offline` to turn off syncing.
wandb: Syncing run policy_distillation_small_dqn/dqn_dqn4_da_pong
wandb: ⭐️ View project at https://wandb.ai/y4umeng-columbia-university/policy_distillation_small_dqn
wandb: 🚀 View run at https://wandb.ai/y4umeng-columbia-university/policy_distillation_small_dqn/runs/eo7p0djw
A.L.E: Arcade Learning Environment (version 0.10.1+unknown)
[Powered by Stella]
[36m[INFO] CONFIG:
DA:
  EPOCHS: 1
  LR: 0.001
  PROB: 0.3
DATA:
  EXPLORATION_RATE: 0.05
  INCREMENT_SIZE: 54000
  MAX_CAPACITY: 540000
DISTILLER:
  ENV: PongNoFrameskip-v4
  STUDENT: dqn4
  TEACHER: dqn
  TYPE: DA
EXPERIMENT:
  DEVICE: cuda
  NAME: dqn_dqn4_da_pong
  PROJECT: policy_distillation_small_dqn
  TAG: breakout, dqn, DA
LOG:
  BAR: false
  EVAL_EPISODES: 5
  EVAL_FREQ: 1
  PREFIX: ./output
  SAVE_CHECKPOINT_FREQ: 100
  WANDB: true
SOLVER:
  BATCH_SIZE: 32
  EPOCHS: 500
  LR: 0.0001
  LR_DECAY_RATE: 0.1
  LR_DECAY_STAGES: []
  MOMENTUM: 0.9
  SOFTMAX_TEMP: 0.01
  TRAINER: base
  TYPE: SGD
  WEIGHT_DECAY: 0.0001
[0m
Epoch 1. train_acc:  19.3, train_loss:  0.492, data_points:  5.4e+04, total_data_gen_time:  77.4, train_time:  0.00542, data_load_time:  9.41e-07, total_eval_time:  4.4, test_score: -105, best_score: -1, current lr:  0.0001, 
Epoch 2. train_acc:  19.9, train_loss:  0.424, data_points:  1.08e+05, total_data_gen_time:  77.1, train_time:  0.0061, data_load_time:  9.55e-07, total_eval_time:  4.39, test_score: -105, best_score: -1, current lr:  0.0001, 
Epoch 3. train_acc:  20.5, train_loss:  0.411, data_points:  1.62e+05, total_data_gen_time:  77.3, train_time:  0.00539, data_load_time:  9.54e-07, total_eval_time:  4.49, test_score: -105, best_score: -1, current lr:  0.0001, 
Epoch 4. train_acc:  21.4, train_loss:  0.406, data_points:  2.16e+05, total_data_gen_time:  77.7, train_time:  0.00546, data_load_time:  9.16e-07, total_eval_time:  4.53, test_score: -105, best_score: -1, current lr:  0.0001, 
Epoch 5. train_acc:  25.3, train_loss:  0.385, data_points:  2.7e+05, total_data_gen_time:  77.5, train_time:  0.00551, data_load_time:  9.77e-07, total_eval_time:  5.16, test_score: -105, best_score: -1, current lr:  0.0001, 
Epoch 6. train_acc:  30.3, train_loss:  0.354, data_points:  3.24e+05, total_data_gen_time:  77.7, train_time:  0.00556, data_load_time:  1.07e-06, total_eval_time:  6.38, test_score: -105, best_score: -1, current lr:  0.0001, 
Epoch 7. train_acc:  33.9, train_loss:  0.321, data_points:  3.78e+05, total_data_gen_time:  108, train_time:  0.00549, data_load_time:  9.67e-07, total_eval_time:  6.47, test_score: -105, best_score: -1, current lr:  0.0001, 
Epoch 8. train_acc:  36.5, train_loss:  0.303, data_points:  4.32e+05, total_data_gen_time:  106, train_time:  0.00602, data_load_time:  1.09e-06, total_eval_time:  6.58, test_score: -53, best_score: -1, current lr:  0.0001, 
Epoch 9. train_acc:  38.4, train_loss:  0.286, data_points:  4.86e+05, total_data_gen_time:  77.5, train_time:  0.00536, data_load_time:  1.02e-06, total_eval_time:  5.89, test_score: -60, best_score: -1, current lr:  0.0001, 
Epoch 10. train_acc:  40.2, train_loss:  0.273, data_points:  5.4e+05, total_data_gen_time:  77.7, train_time:  0.00555, data_load_time:  1.1e-06, total_eval_time:  6.49, test_score: -23, best_score: -1, current lr:  0.0001, 
Epoch 11. train_acc:  41.5, train_loss:  0.261, data_points:  5.4e+05, total_data_gen_time:  78.1, train_time:  0.00542, data_load_time:  9.92e-07, total_eval_time:  8.68, test_score:  18, best_score:  18, current lr:  0.0001, 
Epoch 12. train_acc:  42.8, train_loss:  0.249, data_points:  5.4e+05, total_data_gen_time:  78.7, train_time:  0.00573, data_load_time:  1.04e-06, total_eval_time:  9.12, test_score:  59, best_score:  59, current lr:  0.0001, 
Epoch 13. train_acc:  43.5, train_loss:  0.241, data_points:  5.4e+05, total_data_gen_time:  77.1, train_time:  0.00545, data_load_time:  1.01e-06, total_eval_time:  10.7, test_score:  84, best_score:  84, current lr:  0.0001, 
Epoch 14. train_acc:  44.5, train_loss:  0.23, data_points:  5.4e+05, total_data_gen_time:  78.4, train_time:  0.00544, data_load_time:  1.05e-06, total_eval_time:  10.3, test_score:  99, best_score:  99, current lr:  0.0001, 
Epoch 15. train_acc:  45.1, train_loss:  0.224, data_points:  5.4e+05, total_data_gen_time:  89, train_time:  0.00569, data_load_time:  1.1e-06, total_eval_time:  9.28, test_score:  61, best_score:  99, current lr:  0.0001, 
Epoch 16. train_acc:  45.5, train_loss:  0.221, data_points:  5.4e+05, total_data_gen_time:  77.3, train_time:  0.00548, data_load_time:  1.08e-06, total_eval_time:  10.6, test_score:  86, best_score:  99, current lr:  0.0001, 
Epoch 17. train_acc:  46.1, train_loss:  0.219, data_points:  5.4e+05, total_data_gen_time:  78.4, train_time:  0.00555, data_load_time:  1.1e-06, total_eval_time:  9.75, test_score:  102, best_score:  102, current lr:  0.0001, 
Epoch 18. train_acc:  46, train_loss:  0.212, data_points:  5.4e+05, total_data_gen_time:  77.5, train_time:  0.00651, data_load_time:  1.09e-06, total_eval_time:  10.3, test_score:  96, best_score:  102, current lr:  0.0001, 
Epoch 19. train_acc:  46.3, train_loss:  0.207, data_points:  5.4e+05, total_data_gen_time:  77.1, train_time:  0.00664, data_load_time:  1.16e-06, total_eval_time:  9.85, test_score:  101, best_score:  102, current lr:  0.0001, 
Epoch 20. train_acc:  47, train_loss:  0.198, data_points:  5.4e+05, total_data_gen_time:  78.2, train_time:  0.00651, data_load_time:  1.16e-06, total_eval_time:  10.1, test_score:  102, best_score:  102, current lr:  0.0001, 
Epoch 21. train_acc:  47.2, train_loss:  0.194, data_points:  5.4e+05, total_data_gen_time:  77.5, train_time:  0.00662, data_load_time:  1.1e-06, total_eval_time:  8.76, test_score:  62, best_score:  102, current lr:  0.0001, nohup: ignoring input
wandb: Currently logged in as: y4umeng (y4umeng-columbia-university) to https://api.wandb.ai. Use `wandb login --relogin` to force relogin
wandb: Using wandb-core as the SDK backend.  Please refer to https://wandb.me/wandb-core for more information.
wandb: Tracking run with wandb version 0.19.6
wandb: Run data is saved locally in /root/Projects/policy_distillation/src/wandb/run-20250304_042425-np8ikkgx
wandb: Run `wandb offline` to turn off syncing.
wandb: Syncing run policy_distillation_small_dqn/dqn_dqn4_da_pong
wandb: ⭐️ View project at https://wandb.ai/y4umeng-columbia-university/policy_distillation_small_dqn
wandb: 🚀 View run at https://wandb.ai/y4umeng-columbia-university/policy_distillation_small_dqn/runs/np8ikkgx
A.L.E: Arcade Learning Environment (version 0.10.1+unknown)
[Powered by Stella]
[36m[INFO] CONFIG:
DA:
  EPOCHS: 1
  LR: 0.001
  PROB: 0.3
DATA:
  EXPLORATION_RATE: 0.05
  INCREMENT_SIZE: 54000
  MAX_CAPACITY: 540000
DISTILLER:
  ENV: PongNoFrameskip-v4
  STUDENT: dqn4
  TEACHER: dqn
  TYPE: DA
EXPERIMENT:
  DEVICE: cuda
  NAME: dqn_dqn4_da_pong
  PROJECT: policy_distillation_small_dqn
  TAG: breakout, dqn, DA
LOG:
  BAR: false
  EVAL_EPISODES: 50
  EVAL_FREQ: 3
  PREFIX: ./output
  SAVE_CHECKPOINT_FREQ: 100
  WANDB: true
SOLVER:
  BATCH_SIZE: 32
  EPOCHS: 500
  LR: 0.0001
  LR_DECAY_RATE: 0.1
  LR_DECAY_STAGES: []
  MOMENTUM: 0.9
  SOFTMAX_TEMP: 0.01
  TRAINER: base
  TYPE: SGD
  WEIGHT_DECAY: 0.0001
[0m
Epoch 22. train_acc:  47.4, train_loss:  0.205, data_points:  5.4e+05, total_data_gen_time:  77.5, train_time:  0.00558, data_load_time:  9.76e-07, best_score:  102, current lr:  0.0001, 
Epoch 23. train_acc:  47.9, train_loss:  0.201, data_points:  5.4e+05, total_data_gen_time:  76.4, train_time:  0.00569, data_load_time:  1.04e-06, best_score:  102, current lr:  0.0001, 
Epoch 24. train_acc:  48.3, train_loss:  0.195, data_points:  5.4e+05, total_data_gen_time:  107, train_time:  0.00562, data_load_time:  1.04e-06, total_eval_time:  103, test_score:  1.03e+03, best_score:  1.03e+03, current lr:  0.0001, 
Epoch 25. train_acc:  48.7, train_loss:  0.193, data_points:  5.4e+05, total_data_gen_time:  78.3, train_time:  0.00549, data_load_time:  1.01e-06, best_score:  1.03e+03, current lr:  0.0001, 
Epoch 26. train_acc:  49.1, train_loss:  0.188, data_points:  5.4e+05, total_data_gen_time:  77.5, train_time:  0.00571, data_load_time:  1.02e-06, best_score:  1.03e+03, current lr:  0.0001, 
Epoch 27. train_acc:  49.6, train_loss:  0.183, data_points:  5.4e+05, total_data_gen_time:  77.3, train_time:  0.00558, data_load_time:  1.04e-06, total_eval_time:  86.7, test_score:  399, best_score:  1.03e+03, current lr:  0.0001, 
Epoch 28. train_acc:  49.7, train_loss:  0.183, data_points:  5.4e+05, total_data_gen_time:  78.5, train_time:  0.00557, data_load_time:  1e-06, best_score:  1.03e+03, current lr:  0.0001, 
Epoch 29. train_acc:  50.1, train_loss:  0.18, data_points:  5.4e+05, total_data_gen_time:  78, train_time:  0.0057, data_load_time:  9.89e-07, best_score:  1.03e+03, current lr:  0.0001, 
Epoch 30. train_acc:  50.5, train_loss:  0.176, data_points:  5.4e+05, total_data_gen_time:  78, train_time:  0.00549, data_load_time:  9.48e-07, total_eval_time:  90.4, test_score:  561, best_score:  1.03e+03, current lr:  0.0001, 
Epoch 31. train_acc:  50.7, train_loss:  0.174, data_points:  5.4e+05, total_data_gen_time:  79.8, train_time:  0.00575, data_load_time:  1.06e-06, best_score:  1.03e+03, current lr:  0.0001, 
Epoch 32. train_acc:  51, train_loss:  0.17, data_points:  5.4e+05, total_data_gen_time:  77.9, train_time:  0.00581, data_load_time:  1.05e-06, best_score:  1.03e+03, current lr:  0.0001, 
Epoch 33. train_acc:  51.2, train_loss:  0.168, data_points:  5.4e+05, total_data_gen_time:  77.7, train_time:  0.0056, data_load_time:  9.3e-07, total_eval_time:  90.2, test_score:  604, best_score:  1.03e+03, current lr:  0.0001, 
Epoch 34. train_acc:  51.3, train_loss:  0.17, data_points:  5.4e+05, total_data_gen_time:  78.4, train_time:  0.00543, data_load_time:  1.07e-06, best_score:  1.03e+03, current lr:  0.0001, 
Epoch 35. train_acc:  51.3, train_loss:  0.168, data_points:  5.4e+05, total_data_gen_time:  77, train_time:  0.00548, data_load_time:  9.94e-07, best_score:  1.03e+03, current lr:  0.0001, 
Epoch 36. train_acc:  51.5, train_loss:  0.166, data_points:  5.4e+05, total_data_gen_time:  77.2, train_time:  0.00609, data_load_time:  1.03e-06, total_eval_time:  102, test_score:  1.03e+03, best_score:  1.03e+03, current lr:  0.0001, 
Epoch 37. train_acc:  51.6, train_loss:  0.167, data_points:  5.4e+05, total_data_gen_time:  77.5, train_time:  0.00569, data_load_time:  1.08e-06, best_score:  1.03e+03, current lr:  0.0001, 
Epoch 38. train_acc:  51.7, train_loss:  0.166, data_points:  5.4e+05, total_data_gen_time:  77.7, train_time:  0.0056, data_load_time:  1.04e-06, best_score:  1.03e+03, current lr:  0.0001, 
Epoch 39. train_acc:  52.1, train_loss:  0.161, data_points:  5.4e+05, total_data_gen_time:  78.8, train_time:  0.00543, data_load_time:  1.02e-06, total_eval_time:  94, test_score:  745, best_score:  1.03e+03, current lr:  0.0001, 
Epoch 40. train_acc:  52.1, train_loss:  0.163, data_points:  5.4e+05, total_data_gen_time:  77.8, train_time:  0.00571, data_load_time:  9.96e-07, best_score:  1.03e+03, current lr:  0.0001, 
Epoch 41. train_acc:  52.2, train_loss:  0.163, data_points:  5.4e+05, total_data_gen_time:  78.3, train_time:  0.00565, data_load_time:  1.04e-06, best_score:  1.03e+03, current lr:  0.0001, 
Epoch 42. train_acc:  52.2, train_loss:  0.163, data_points:  5.4e+05, total_data_gen_time:  83.7, train_time:  0.00649, data_load_time:  9.32e-07, total_eval_time:  117, test_score:  932, best_score:  1.03e+03, current lr:  0.0001, 
Epoch 43. train_acc:  52.2, train_loss:  0.161, data_points:  5.4e+05, total_data_gen_time:  78.7, train_time:  0.00572, data_load_time:  1.04e-06, best_score:  1.03e+03, current lr:  0.0001, 
Epoch 44. train_acc:  52.5, train_loss:  0.158, data_points:  5.4e+05, total_data_gen_time:  78.1, train_time:  0.00565, data_load_time:  9.86e-07, best_score:  1.03e+03, current lr:  0.0001, 
Epoch 45. train_acc:  52.6, train_loss:  0.158, data_points:  5.4e+05, total_data_gen_time:  78.7, train_time:  0.00561, data_load_time:  8.89e-07, total_eval_time:  115, test_score:  981, best_score:  1.03e+03, current lr:  0.0001, 
Epoch 46. train_acc:  52.5, train_loss:  0.159, data_points:  5.4e+05, total_data_gen_time:  80.2, train_time:  0.00643, data_load_time:  9.95e-07, best_score:  1.03e+03, current lr:  0.0001, 
Epoch 47. train_acc:  52.6, train_loss:  0.16, data_points:  5.4e+05, total_data_gen_time:  81.4, train_time:  0.00623, data_load_time:  1e-06, best_score:  1.03e+03, current lr:  0.0001, 
Epoch 48. train_acc:  52.5, train_loss:  0.159, data_points:  5.4e+05, total_data_gen_time:  81.7, train_time:  0.00681, data_load_time:  1.09e-06, total_eval_time:  107, test_score:  985, best_score:  1.03e+03, current lr:  0.0001, 
Epoch 49. train_acc:  52.6, train_loss:  0.159, data_points:  5.4e+05, total_data_gen_time:  77.2, train_time:  0.00689, data_load_time:  9.97e-07, best_score:  1.03e+03, current lr:  0.0001, 
Epoch 50. train_acc:  52.7, train_loss:  0.155, data_points:  5.4e+05, total_data_gen_time:  77.9, train_time:  0.00671, data_load_time:  1.04e-06, best_score:  1.03e+03, current lr:  0.0001, 
Epoch 51. train_acc:  53, train_loss:  0.153, data_points:  5.4e+05, total_data_gen_time:  79.5, train_time:  0.00665, data_load_time:  1.12e-06, total_eval_time:  93.1, test_score:  552, best_score:  1.03e+03, current lr:  0.0001, 
Epoch 52. train_acc:  53, train_loss:  0.151, data_points:  5.4e+05, total_data_gen_time:  78.1, train_time:  0.00664, data_load_time:  1.06e-06, best_score:  1.03e+03, current lr:  0.0001, 
Epoch 53. train_acc:  53.2, train_loss:  0.151, data_points:  5.4e+05, total_data_gen_time:  78, train_time:  0.00614, data_load_time:  1.02e-06, best_score:  1.03e+03, current lr:  0.0001, 
Epoch 54. train_acc:  53.1, train_loss:  0.15, data_points:  5.4e+05, total_data_gen_time:  85.4, train_time:  0.00612, data_load_time:  9.86e-07, total_eval_time:  104, test_score:  1.01e+03, best_score:  1.03e+03, current lr:  0.0001, 
Epoch 55. train_acc:  53.1, train_loss:  0.151, data_points:  5.4e+05, total_data_gen_time:  78.2, train_time:  0.00634, data_load_time:  1.13e-06, best_score:  1.03e+03, current lr:  0.0001, 
Epoch 56. train_acc:  53.4, train_loss:  0.15, data_points:  5.4e+05, total_data_gen_time:  81.5, train_time:  0.00682, data_load_time:  1.06e-06, best_score:  1.03e+03, current lr:  0.0001, 
Epoch 57. train_acc:  53.3, train_loss:  0.146, data_points:  5.4e+05, total_data_gen_time:  85, train_time:  0.00625, data_load_time:  1.08e-06, total_eval_time:  104, test_score:  1.04e+03, best_score:  1.04e+03, current lr:  0.0001, 
Epoch 58. train_acc:  53.5, train_loss:  0.146, data_points:  5.4e+05, total_data_gen_time:  82.5, train_time:  0.00581, data_load_time:  9.94e-07, best_score:  1.04e+03, current lr:  0.0001, 
Epoch 59. train_acc:  53.5, train_loss:  0.143, data_points:  5.4e+05, total_data_gen_time:  78.4, train_time:  0.0062, data_load_time:  1.01e-06, best_score:  1.04e+03, current lr:  0.0001, 
Epoch 60. train_acc:  53.7, train_loss:  0.144, data_points:  5.4e+05, total_data_gen_time:  81.9, train_time:  0.00557, data_load_time:  9.29e-07, total_eval_time:  106, test_score:  1.04e+03, best_score:  1.04e+03, current lr:  0.0001, 
Epoch 61. train_acc:  53.4, train_loss:  0.143, data_points:  5.4e+05, total_data_gen_time:  80.7, train_time:  0.00587, data_load_time:  9.84e-07, best_score:  1.04e+03, current lr:  0.0001, 
Epoch 62. train_acc:  53.6, train_loss:  0.144, data_points:  5.4e+05, total_data_gen_time:  81.2, train_time:  0.00587, data_load_time:  9.19e-07, best_score:  1.04e+03, current lr:  0.0001, 
Epoch 63. train_acc:  53.4, train_loss:  0.145, data_points:  5.4e+05, total_data_gen_time:  84.2, train_time:  0.00566, data_load_time:  8.7e-07, total_eval_time:  104, test_score:  1.04e+03, best_score:  1.04e+03, current lr:  0.0001, 
Epoch 64. train_acc:  53.7, train_loss:  0.145, data_points:  5.4e+05, total_data_gen_time:  82.1, train_time:  0.00571, data_load_time:  9.64e-07, best_score:  1.04e+03, current lr:  0.0001, 
Epoch 65. train_acc:  53.6, train_loss:  0.143, data_points:  5.4e+05, total_data_gen_time:  82.6, train_time:  0.0065, data_load_time:  8.82e-07, best_score:  1.04e+03, current lr:  0.0001, 
Epoch 66. train_acc:  53.9, train_loss:  0.143, data_points:  5.4e+05, total_data_gen_time:  82.8, train_time:  0.00637, data_load_time:  1.05e-06, total_eval_time:  96.3, test_score:  661, best_score:  1.04e+03, current lr:  0.0001, 
Epoch 67. train_acc:  54, train_loss:  0.141, data_points:  5.4e+05, total_data_gen_time:  81.9, train_time:  0.00658, data_load_time:  1.02e-06, best_score:  1.04e+03, current lr:  0.0001, 
Epoch 68. train_acc:  54, train_loss:  0.141, data_points:  5.4e+05, total_data_gen_time:  78.3, train_time:  0.00554, data_load_time:  9.72e-07, best_score:  1.04e+03, current lr:  0.0001, 
Epoch 69. train_acc:  54.1, train_loss:  0.142, data_points:  5.4e+05, total_data_gen_time:  80.1, train_time:  0.00603, data_load_time:  1.07e-06, total_eval_time:  103, test_score:  412, best_score:  1.04e+03, current lr:  0.0001, 
Epoch 70. train_acc:  54.2, train_loss:  0.142, data_points:  5.4e+05, total_data_gen_time:  82.5, train_time:  0.00582, data_load_time:  1e-06, best_score:  1.04e+03, current lr:  0.0001, 
Epoch 71. train_acc:  54.1, train_loss:  0.142, data_points:  5.4e+05, total_data_gen_time:  81.1, train_time:  0.00619, data_load_time:  1.12e-06, best_score:  1.04e+03, current lr:  0.0001, 
Epoch 72. train_acc:  54.2, train_loss:  0.142, data_points:  5.4e+05, total_data_gen_time:  80.3, train_time:  0.00653, data_load_time:  1.03e-06, total_eval_time:  112, test_score:  1.05e+03, best_score:  1.05e+03, current lr:  0.0001, 
Epoch 73. train_acc:  54.2, train_loss:  0.14, data_points:  5.4e+05, total_data_gen_time:  81.7, train_time:  0.00619, data_load_time:  1.03e-06, best_score:  1.05e+03, current lr:  0.0001, 
Epoch 74. train_acc:  54.3, train_loss:  0.138, data_points:  5.4e+05, total_data_gen_time:  79.3, train_time:  0.00626, data_load_time:  9.33e-07, best_score:  1.05e+03, current lr:  0.0001, 
Epoch 75. train_acc:  54.4, train_loss:  0.136, data_points:  5.4e+05, total_data_gen_time:  81.2, train_time:  0.00569, data_load_time:  8.86e-07, total_eval_time:  116, test_score:  942, best_score:  1.05e+03, current lr:  0.0001, 
Epoch 76. train_acc:  54.5, train_loss:  0.135, data_points:  5.4e+05, total_data_gen_time:  81.1, train_time:  0.00622, data_load_time:  1.02e-06, best_score:  1.05e+03, current lr:  0.0001, 
Epoch 77. train_acc:  54.5, train_loss:  0.135, data_points:  5.4e+05, total_data_gen_time:  80.6, train_time:  0.00646, data_load_time:  9.01e-07, best_score:  1.05e+03, current lr:  0.0001, 
Epoch 78. train_acc:  54.6, train_loss:  0.135, data_points:  5.4e+05, total_data_gen_time:  83.2, train_time:  0.00631, data_load_time:  1.03e-06, total_eval_time:  145, test_score:  1.05e+03, best_score:  1.05e+03, current lr:  0.0001, 
Epoch 79. train_acc:  54.4, train_loss:  0.134, data_points:  5.4e+05, total_data_gen_time:  107, train_time:  0.00619, data_load_time:  1.01e-06, best_score:  1.05e+03, current lr:  0.0001, 
Epoch 80. train_acc:  54.5, train_loss:  0.131, data_points:  5.4e+05, total_data_gen_time:  79, train_time:  0.00613, data_load_time:  1.05e-06, best_score:  1.05e+03, current lr:  0.0001, 
Epoch 81. train_acc:  54.6, train_loss:  0.133, data_points:  5.4e+05, total_data_gen_time:  108, train_time:  0.00604, data_load_time:  1.06e-06, total_eval_time:  89.3, test_score:  496, best_score:  1.05e+03, current lr:  0.0001, 
Epoch 82. train_acc:  54.5, train_loss:  0.131, data_points:  5.4e+05, total_data_gen_time:  76.8, train_time:  0.00555, data_load_time:  1.09e-06, best_score:  1.05e+03, current lr:  0.0001, 
Epoch 83. train_acc:  54.6, train_loss:  0.133, data_points:  5.4e+05, total_data_gen_time:  78.6, train_time:  0.00568, data_load_time:  1.05e-06, best_score:  1.05e+03, current lr:  0.0001, 
Epoch 84. train_acc:  54.7, train_loss:  0.132, data_points:  5.4e+05, total_data_gen_time:  79.8, train_time:  0.00643, data_load_time:  9.11e-07, total_eval_time:  108, test_score:  1.04e+03, best_score:  1.05e+03, current lr:  0.0001, 
Epoch 85. train_acc:  54.6, train_loss:  0.133, data_points:  5.4e+05, total_data_gen_time:  81.4, train_time:  0.00619, data_load_time:  1.05e-06, best_score:  1.05e+03, current lr:  0.0001, 
Epoch 86. train_acc:  54.7, train_loss:  0.13, data_points:  5.4e+05, total_data_gen_time:  81.8, train_time:  0.00729, data_load_time:  1.18e-06, best_score:  1.05e+03, current lr:  0.0001, 
Epoch 87. train_acc:  54.7, train_loss:  0.129, data_points:  5.4e+05, total_data_gen_time:  109, train_time:  0.00625, data_load_time:  9.27e-07, total_eval_time:  107, test_score:  1.04e+03, best_score:  1.05e+03, current lr:  0.0001, 
Epoch 88. train_acc:  54.8, train_loss:  0.129, data_points:  5.4e+05, total_data_gen_time:  78.9, train_time:  0.00572, data_load_time:  9.94e-07, best_score:  1.05e+03, current lr:  0.0001, 
Epoch 89. train_acc:  54.7, train_loss:  0.129, data_points:  5.4e+05, total_data_gen_time:  80.7, train_time:  0.00599, data_load_time:  9.94e-07, best_score:  1.05e+03, current lr:  0.0001, 
Epoch 90. train_acc:  54.6, train_loss:  0.132, data_points:  5.4e+05, total_data_gen_time:  85.3, train_time:  0.00629, data_load_time:  9.66e-07, total_eval_time:  130, test_score:  206, best_score:  1.05e+03, current lr:  0.0001, 
Epoch 91. train_acc:  54.8, train_loss:  0.127, data_points:  5.4e+05, total_data_gen_time:  80.8, train_time:  0.00623, data_load_time:  9.9e-07, best_score:  1.05e+03, current lr:  0.0001, 
Epoch 92. train_acc:  54.9, train_loss:  0.128, data_points:  5.4e+05, total_data_gen_time:  78.6, train_time:  0.00626, data_load_time:  1.01e-06, best_score:  1.05e+03, current lr:  0.0001, 
Epoch 93. train_acc:  54.7, train_loss:  0.128, data_points:  5.4e+05, total_data_gen_time:  81.1, train_time:  0.00689, data_load_time:  1.2e-06, total_eval_time:  106, test_score:  1.05e+03, best_score:  1.05e+03, current lr:  0.0001, 
Epoch 94. train_acc:  54.8, train_loss:  0.129, data_points:  5.4e+05, total_data_gen_time:  77.1, train_time:  0.00629, data_load_time:  1.14e-06, best_score:  1.05e+03, current lr:  0.0001, 
Epoch 95. train_acc:  54.7, train_loss:  0.13, data_points:  5.4e+05, total_data_gen_time:  80.8, train_time:  0.00674, data_load_time:  9.6e-07, best_score:  1.05e+03, current lr:  0.0001, 
Epoch 96. train_acc:  54.7, train_loss:  0.131, data_points:  5.4e+05, total_data_gen_time:  86.2, train_time:  0.00652, data_load_time:  9.78e-07, total_eval_time:  107, test_score:  1.04e+03, best_score:  1.05e+03, current lr:  0.0001, 
Epoch 97. train_acc:  54.8, train_loss:  0.132, data_points:  5.4e+05, total_data_gen_time:  81.4, train_time:  0.00617, data_load_time:  9.13e-07, best_score:  1.05e+03, current lr:  0.0001, 
Epoch 98. train_acc:  54.9, train_loss:  0.132, data_points:  5.4e+05, total_data_gen_time:  82, train_time:  0.0066, data_load_time:  1.07e-06, best_score:  1.05e+03, current lr:  0.0001, 
Epoch 99. train_acc:  54.9, train_loss:  0.133, data_points:  5.4e+05, total_data_gen_time:  109, train_time:  0.00601, data_load_time:  9.53e-07, total_eval_time:  105, test_score:  1.05e+03, best_score:  1.05e+03, current lr:  0.0001, 
Epoch 100. train_acc:  55.1, train_loss:  0.132, data_points:  5.4e+05, total_data_gen_time:  78.4, train_time:  0.00624, data_load_time:  1.07e-06, best_score:  1.05e+03, current lr:  0.0001, 
Epoch 101. train_acc:  55, train_loss:  0.133, data_points:  5.4e+05, total_data_gen_time:  79, train_time:  0.00596, data_load_time:  9.68e-07, best_score:  1.05e+03, current lr:  0.0001, 
Epoch 102. train_acc:  55.1, train_loss:  0.132, data_points:  5.4e+05, total_data_gen_time:  78.2, train_time:  0.00614, data_load_time:  1e-06, total_eval_time:  107, test_score:  1.04e+03, best_score:  1.05e+03, current lr:  0.0001, 
Epoch 103. train_acc:  55.1, train_loss:  0.133, data_points:  5.4e+05, total_data_gen_time:  81.4, train_time:  0.00625, data_load_time:  9.87e-07, best_score:  1.05e+03, current lr:  0.0001, 
Epoch 104. train_acc:  55.2, train_loss:  0.131, data_points:  5.4e+05, total_data_gen_time:  80.9, train_time:  0.00612, data_load_time:  1.02e-06, best_score:  1.05e+03, current lr:  0.0001, 
Epoch 105. train_acc:  55.3, train_loss:  0.129, data_points:  5.4e+05, total_data_gen_time:  84.3, train_time:  0.00615, data_load_time:  9.78e-07, total_eval_time:  106, test_score:  1.05e+03, best_score:  1.05e+03, current lr:  0.0001, 
Epoch 106. train_acc:  55.3, train_loss:  0.127, data_points:  5.4e+05, total_data_gen_time:  105, train_time:  0.00706, data_load_time:  1.17e-06, best_score:  1.05e+03, current lr:  0.0001, 
Epoch 107. train_acc:  55.3, train_loss:  0.127, data_points:  5.4e+05, total_data_gen_time:  87.8, train_time:  0.00577, data_load_time:  9.56e-07, best_score:  1.05e+03, current lr:  0.0001, 
Epoch 108. train_acc:  55.2, train_loss:  0.126, data_points:  5.4e+05, total_data_gen_time:  79.9, train_time:  0.00582, data_load_time:  9.81e-07, total_eval_time:  106, test_score:  1.04e+03, best_score:  1.05e+03, current lr:  0.0001, 
Epoch 109. train_acc:  55.1, train_loss:  0.128, data_points:  5.4e+05, total_data_gen_time:  81.1, train_time:  0.00692, data_load_time:  9.82e-07, best_score:  1.05e+03, current lr:  0.0001, 
Epoch 110. train_acc:  55.3, train_loss:  0.127, data_points:  5.4e+05, total_data_gen_time:  78.1, train_time:  0.00675, data_load_time:  1.05e-06, best_score:  1.05e+03, current lr:  0.0001, 
Epoch 111. train_acc:  55.2, train_loss:  0.128, data_points:  5.4e+05, total_data_gen_time:  84.8, train_time:  0.00603, data_load_time:  9.03e-07, total_eval_time:  111, test_score:  1.03e+03, best_score:  1.05e+03, current lr:  0.0001, 
Epoch 112. train_acc:  55, train_loss:  0.128, data_points:  5.4e+05, total_data_gen_time:  82.3, train_time:  0.0064, data_load_time:  1.02e-06, best_score:  1.05e+03, current lr:  0.0001, 
Epoch 113. train_acc:  55.1, train_loss:  0.126, data_points:  5.4e+05, total_data_gen_time:  78.5, train_time:  0.00557, data_load_time:  1.09e-06, best_score:  1.05e+03, current lr:  0.0001, 
Epoch 114. train_acc:  55.5, train_loss:  0.127, data_points:  5.4e+05, total_data_gen_time:  77.9, train_time:  0.00548, data_load_time:  9.79e-07, total_eval_time:  105, test_score:  1.02e+03, best_score:  1.05e+03, current lr:  0.0001, 
Epoch 115. train_acc:  55.4, train_loss:  0.125, data_points:  5.4e+05, total_data_gen_time:  78.6, train_time:  0.00615, data_load_time:  1.07e-06, best_score:  1.05e+03, current lr:  0.0001, 
Epoch 116. train_acc:  55.4, train_loss:  0.128, data_points:  5.4e+05, total_data_gen_time:  79, train_time:  0.00622, data_load_time:  1.08e-06, best_score:  1.05e+03, current lr:  0.0001, 
Epoch 117. train_acc:  55.4, train_loss:  0.127, data_points:  5.4e+05, total_data_gen_time:  86.1, train_time:  0.00562, data_load_time:  9.33e-07, total_eval_time:  106, test_score:  1.04e+03, best_score:  1.05e+03, current lr:  0.0001, 
Epoch 118. train_acc:  55.3, train_loss:  0.128, data_points:  5.4e+05, total_data_gen_time:  81.8, train_time:  0.00587, data_load_time:  9.78e-07, best_score:  1.05e+03, current lr:  0.0001, 
Epoch 119. train_acc:  55.5, train_loss:  0.126, data_points:  5.4e+05, total_data_gen_time:  81.1, train_time:  0.00631, data_load_time:  1.02e-06, best_score:  1.05e+03, current lr:  0.0001, 
Epoch 120. train_acc:  55.5, train_loss:  0.126, data_points:  5.4e+05, total_data_gen_time:  85.3, train_time:  0.00611, data_load_time:  9.32e-07, total_eval_time:  108, test_score:  1.04e+03, best_score:  1.05e+03, current lr:  0.0001, 
Epoch 121. train_acc:  55.7, train_loss:  0.124, data_points:  5.4e+05, total_data_gen_time:  80.3, train_time:  0.00581, data_load_time:  1.06e-06, best_score:  1.05e+03, current lr:  0.0001, 
Epoch 122. train_acc:  55.6, train_loss:  0.124, data_points:  5.4e+05, total_data_gen_time:  78.3, train_time:  0.00582, data_load_time:  1.04e-06, best_score:  1.05e+03, current lr:  0.0001, 
Epoch 123. train_acc:  55.8, train_loss:  0.124, data_points:  5.4e+05, total_data_gen_time:  100, train_time:  0.00634, data_load_time:  1.07e-06, total_eval_time:  104, test_score:  1.02e+03, best_score:  1.05e+03, current lr:  0.0001, 
Epoch 124. train_acc:  55.6, train_loss:  0.125, data_points:  5.4e+05, total_data_gen_time:  79, train_time:  0.0063, data_load_time:  1.03e-06, best_score:  1.05e+03, current lr:  0.0001, 
Epoch 125. train_acc:  55.6, train_loss:  0.125, data_points:  5.4e+05, total_data_gen_time:  82.1, train_time:  0.00657, data_load_time:  1.01e-06, best_score:  1.05e+03, current lr:  0.0001, 
Epoch 126. train_acc:  55.7, train_loss:  0.124, data_points:  5.4e+05, total_data_gen_time:  102, train_time:  0.00645, data_load_time:  1e-06, total_eval_time:  103, test_score:  670, best_score:  1.05e+03, current lr:  0.0001, 
Epoch 127. train_acc:  55.7, train_loss:  0.125, data_points:  5.4e+05, total_data_gen_time:  81, train_time:  0.00526, data_load_time:  8.78e-07, best_score:  1.05e+03, current lr:  0.0001, 
Epoch 128. train_acc:  55.8, train_loss:  0.123, data_points:  5.4e+05, total_data_gen_time:  78.9, train_time:  0.00638, data_load_time:  1.03e-06, best_score:  1.05e+03, current lr:  0.0001, 
Epoch 129. train_acc:  55.8, train_loss:  0.122, data_points:  5.4e+05, total_data_gen_time:  84.6, train_time:  0.00642, data_load_time:  1.07e-06, total_eval_time:  106, test_score:  1.04e+03, best_score:  1.05e+03, current lr:  0.0001, 
Epoch 130. train_acc:  56, train_loss:  0.123, data_points:  5.4e+05, total_data_gen_time:  81.4, train_time:  0.00643, data_load_time:  9.99e-07, best_score:  1.05e+03, current lr:  0.0001, 
Epoch 131. train_acc:  56.1, train_loss:  0.124, data_points:  5.4e+05, total_data_gen_time:  80.3, train_time:  0.0064, data_load_time:  1.07e-06, best_score:  1.05e+03, current lr:  0.0001, 
Epoch 132. train_acc:  56.2, train_loss:  0.122, data_points:  5.4e+05, total_data_gen_time:  92.5, train_time:  0.00621, data_load_time:  1.02e-06, total_eval_time:  108, test_score:  1.04e+03, best_score:  1.05e+03, current lr:  0.0001, 
Epoch 133. train_acc:  56.2, train_loss:  0.121, data_points:  5.4e+05, total_data_gen_time:  80, train_time:  0.00615, data_load_time:  1.03e-06, best_score:  1.05e+03, current lr:  0.0001, 
Epoch 134. train_acc:  56.3, train_loss:  0.119, data_points:  5.4e+05, total_data_gen_time:  78.7, train_time:  0.00603, data_load_time:  9.4e-07, best_score:  1.05e+03, current lr:  0.0001, 
Epoch 135. train_acc:  56.2, train_loss:  0.119, data_points:  5.4e+05, total_data_gen_time:  114, train_time:  0.00731, data_load_time:  1.13e-06, total_eval_time:  148, test_score:  1.04e+03, best_score:  1.05e+03, current lr:  0.0001, 
Epoch 136. train_acc:  56.2, train_loss:  0.12, data_points:  5.4e+05, total_data_gen_time:  112, train_time:  0.00609, data_load_time:  9.18e-07, best_score:  1.05e+03, current lr:  0.0001, 
Epoch 137. train_acc:  56.3, train_loss:  0.12, data_points:  5.4e+05, total_data_gen_time:  79.1, train_time:  0.0063, data_load_time:  1.07e-06, best_score:  1.05e+03, current lr:  0.0001, 
Epoch 138. train_acc:  56.2, train_loss:  0.119, data_points:  5.4e+05, total_data_gen_time:  79.9, train_time:  0.00621, data_load_time:  1.03e-06, total_eval_time:  134, test_score:  1.04e+03, best_score:  1.05e+03, current lr:  0.0001, 
Epoch 139. train_acc:  56.3, train_loss:  0.119, data_points:  5.4e+05, total_data_gen_time:  107, train_time:  0.0058, data_load_time:  1.07e-06, best_score:  1.05e+03, current lr:  0.0001, 
Epoch 140. train_acc:  56.1, train_loss:  0.119, data_points:  5.4e+05, total_data_gen_time:  79.1, train_time:  0.00677, data_load_time:  1.03e-06, best_score:  1.05e+03, current lr:  0.0001, 
Epoch 141. train_acc:  56.1, train_loss:  0.119, data_points:  5.4e+05, total_data_gen_time:  82.4, train_time:  0.00729, data_load_time:  1.06e-06, total_eval_time:  121, test_score:  1.04e+03, best_score:  1.05e+03, current lr:  0.0001, 
Epoch 142. train_acc:  56.1, train_loss:  0.12, data_points:  5.4e+05, total_data_gen_time:  79.6, train_time:  0.00633, data_load_time:  1.04e-06, best_score:  1.05e+03, current lr:  0.0001, 
Epoch 143. train_acc:  56.4, train_loss:  0.12, data_points:  5.4e+05, total_data_gen_time:  109, train_time:  0.00582, data_load_time:  8.93e-07, best_score:  1.05e+03, current lr:  0.0001, 
Epoch 144. train_acc:  56.2, train_loss:  0.121, data_points:  5.4e+05, total_data_gen_time:  110, train_time:  0.00672, data_load_time:  1.05e-06, total_eval_time:  109, test_score:  1.04e+03, best_score:  1.05e+03, current lr:  0.0001, 
Epoch 145. train_acc:  56.3, train_loss:  0.12, data_points:  5.4e+05, total_data_gen_time:  78.7, train_time:  0.00584, data_load_time:  1.07e-06, best_score:  1.05e+03, current lr:  0.0001, 
Epoch 146. train_acc:  56.2, train_loss:  0.121, data_points:  5.4e+05, total_data_gen_time:  80.1, train_time:  0.00603, data_load_time:  9.76e-07, best_score:  1.05e+03, current lr:  0.0001, 
Epoch 147. train_acc:  56.4, train_loss:  0.12, data_points:  5.4e+05, total_data_gen_time:  87.3, train_time:  0.00608, data_load_time:  9.41e-07, total_eval_time:  106, test_score:  1.03e+03, best_score:  1.05e+03, current lr:  0.0001, 
Epoch 148. train_acc:  56.4, train_loss:  0.118, data_points:  5.4e+05, total_data_gen_time:  78.6, train_time:  0.00571, data_load_time:  9.53e-07, best_score:  1.05e+03, current lr:  0.0001, 
Epoch 149. train_acc:  56.4, train_loss:  0.118, data_points:  5.4e+05, total_data_gen_time:  78.8, train_time:  0.00641, data_load_time:  1.04e-06, best_score:  1.05e+03, current lr:  0.0001, 
Epoch 150. train_acc:  56.6, train_loss:  0.119, data_points:  5.4e+05, total_data_gen_time:  80, train_time:  0.00642, data_load_time:  1.05e-06, total_eval_time:  105, test_score:  1.05e+03, best_score:  1.05e+03, current lr:  0.0001, 
Epoch 151. train_acc:  56.6, train_loss:  0.12, data_points:  5.4e+05, total_data_gen_time:  79, train_time:  0.00571, data_load_time:  9.76e-07, best_score:  1.05e+03, current lr:  0.0001, 
Epoch 152. train_acc:  56.7, train_loss:  0.118, data_points:  5.4e+05, total_data_gen_time:  79.2, train_time:  0.00625, data_load_time:  1.12e-06, best_score:  1.05e+03, current lr:  0.0001, 
Epoch 153. train_acc:  56.9, train_loss:  0.12, data_points:  5.4e+05, total_data_gen_time:  81, train_time:  0.006, data_load_time:  9.28e-07, total_eval_time:  107, test_score:  1.05e+03, best_score:  1.05e+03, current lr:  0.0001, 
Epoch 154. train_acc:  56.9, train_loss:  0.12, data_points:  5.4e+05, total_data_gen_time:  78.9, train_time:  0.00645, data_load_time:  1.09e-06, best_score:  1.05e+03, current lr:  0.0001, 
Epoch 155. train_acc:  57, train_loss:  0.12, data_points:  5.4e+05, total_data_gen_time:  81.6, train_time:  0.00573, data_load_time:  1.01e-06, best_score:  1.05e+03, current lr:  0.0001, 
Epoch 156. train_acc:  57.1, train_loss:  0.117, data_points:  5.4e+05, total_data_gen_time:  80.4, train_time:  0.00576, data_load_time:  9.52e-07, total_eval_time:  103, test_score:  1.05e+03, best_score:  1.05e+03, current lr:  0.0001, 
Epoch 157. train_acc:  57.1, train_loss:  0.118, data_points:  5.4e+05, total_data_gen_time:  80.8, train_time:  0.00566, data_load_time:  1.12e-06, best_score:  1.05e+03, current lr:  0.0001, 
Epoch 158. train_acc:  57, train_loss:  0.12, data_points:  5.4e+05, total_data_gen_time:  77.4, train_time:  0.00563, data_load_time:  1.01e-06, best_score:  1.05e+03, current lr:  0.0001, 
Epoch 159. train_acc:  57, train_loss:  0.118, data_points:  5.4e+05, total_data_gen_time:  87.5, train_time:  0.0055, data_load_time:  8.79e-07, total_eval_time:  104, test_score:  1.04e+03, best_score:  1.05e+03, current lr:  0.0001, 
Epoch 160. train_acc:  57, train_loss:  0.117, data_points:  5.4e+05, total_data_gen_time:  78.3, train_time:  0.00583, data_load_time:  9.85e-07, best_score:  1.05e+03, current lr:  0.0001, 
Epoch 161. train_acc:  57, train_loss:  0.117, data_points:  5.4e+05, total_data_gen_time:  78.8, train_time:  0.00621, data_load_time:  1.1e-06, best_score:  1.05e+03, current lr:  0.0001, 
Epoch 162. train_acc:  56.9, train_loss:  0.117, data_points:  5.4e+05, total_data_gen_time:  82.5, train_time:  0.00594, data_load_time:  9.69e-07, total_eval_time:  107, test_score:  1.03e+03, best_score:  1.05e+03, current lr:  0.0001, 
Epoch 163. train_acc:  57.1, train_loss:  0.116, data_points:  5.4e+05, total_data_gen_time:  81.2, train_time:  0.00729, data_load_time:  9.97e-07, best_score:  1.05e+03, current lr:  0.0001, 
Epoch 164. train_acc:  57, train_loss:  0.116, data_points:  5.4e+05, total_data_gen_time:  81.1, train_time:  0.00701, data_load_time:  1.09e-06, best_score:  1.05e+03, current lr:  0.0001, 
Epoch 165. train_acc:  57.1, train_loss:  0.116, data_points:  5.4e+05, total_data_gen_time:  110, train_time:  0.00588, data_load_time:  1.14e-06, total_eval_time:  146, test_score:  1.04e+03, best_score:  1.05e+03, current lr:  0.0001, 
Epoch 166. train_acc:  57.1, train_loss:  0.118, data_points:  5.4e+05, total_data_gen_time:  111, train_time:  0.00615, data_load_time:  1.15e-06, best_score:  1.05e+03, current lr:  0.0001, 
Epoch 167. train_acc:  57.1, train_loss:  0.118, data_points:  5.4e+05, total_data_gen_time:  109, train_time:  0.00711, data_load_time:  1.22e-06, best_score:  1.05e+03, current lr:  0.0001, 
Epoch 168. train_acc:  56.9, train_loss:  0.118, data_points:  5.4e+05, total_data_gen_time:  115, train_time:  0.00609, data_load_time:  9.71e-07, total_eval_time:  115, test_score:  1.05e+03, best_score:  1.05e+03, current lr:  0.0001, 
Epoch 169. train_acc:  57.1, train_loss:  0.119, data_points:  5.4e+05, total_data_gen_time:  108, train_time:  0.00657, data_load_time:  9.74e-07, best_score:  1.05e+03, current lr:  0.0001, 
Epoch 170. train_acc:  57.1, train_loss:  0.117, data_points:  5.4e+05, total_data_gen_time:  79.4, train_time:  0.00586, data_load_time:  9.77e-07, best_score:  1.05e+03, current lr:  0.0001, 
Epoch 171. train_acc:  57.3, train_loss:  0.115, data_points:  5.4e+05, total_data_gen_time:  86.7, train_time:  0.00604, data_load_time:  9.07e-07, total_eval_time:  112, test_score:  1.02e+03, best_score:  1.05e+03, current lr:  0.0001, 
Epoch 172. train_acc:  57.3, train_loss:  0.116, data_points:  5.4e+05, total_data_gen_time:  81.8, train_time:  0.00582, data_load_time:  9.92e-07, best_score:  1.05e+03, current lr:  0.0001, 
Epoch 173. train_acc:  57.4, train_loss:  0.115, data_points:  5.4e+05, total_data_gen_time:  79.5, train_time:  0.00566, data_load_time:  8.63e-07, best_score:  1.05e+03, current lr:  0.0001, 
Epoch 174. train_acc:  57.3, train_loss:  0.115, data_points:  5.4e+05, total_data_gen_time:  84.8, train_time:  0.00652, data_load_time:  9.97e-07, total_eval_time:  107, test_score:  1.04e+03, best_score:  1.05e+03, current lr:  0.0001, 
Epoch 175. train_acc:  57.4, train_loss:  0.115, data_points:  5.4e+05, total_data_gen_time:  79.1, train_time:  0.00598, data_load_time:  1.07e-06, best_score:  1.05e+03, current lr:  0.0001, 
Epoch 176. train_acc:  57.5, train_loss:  0.112, data_points:  5.4e+05, total_data_gen_time:  80.4, train_time:  0.00683, data_load_time:  9.32e-07, best_score:  1.05e+03, current lr:  0.0001, 
Epoch 177. train_acc:  57.4, train_loss:  0.112, data_points:  5.4e+05, total_data_gen_time:  80.6, train_time:  0.00633, data_load_time:  9.29e-07, total_eval_time:  112, test_score:  1.04e+03, best_score:  1.05e+03, current lr:  0.0001, 
Epoch 178. train_acc:  57.6, train_loss:  0.111, data_points:  5.4e+05, total_data_gen_time:  81.3, train_time:  0.00643, data_load_time:  1.07e-06, best_score:  1.05e+03, current lr:  0.0001, 
Epoch 179. train_acc:  57.5, train_loss:  0.11, data_points:  5.4e+05, total_data_gen_time:  106, train_time:  0.00655, data_load_time:  1.05e-06, best_score:  1.05e+03, current lr:  0.0001, 
Epoch 180. train_acc:  57.6, train_loss:  0.11, data_points:  5.4e+05, total_data_gen_time:  118, train_time:  0.00643, data_load_time:  1.1e-06, total_eval_time:  147, test_score:  1.04e+03, best_score:  1.05e+03, current lr:  0.0001, 
Epoch 181. train_acc:  57.5, train_loss:  0.113, data_points:  5.4e+05, total_data_gen_time:  111, train_time:  0.00703, data_load_time:  1.11e-06, best_score:  1.05e+03, current lr:  0.0001, 
Epoch 182. train_acc:  57.5, train_loss:  0.112, data_points:  5.4e+05, total_data_gen_time:  80.6, train_time:  0.00632, data_load_time:  1.05e-06, best_score:  1.05e+03, current lr:  0.0001, 
Epoch 183. train_acc:  57.7, train_loss:  0.111, data_points:  5.4e+05, total_data_gen_time:  80.4, train_time:  0.0061, data_load_time:  1.04e-06, total_eval_time:  107, test_score:  1.04e+03, best_score:  1.05e+03, current lr:  0.0001, 
Epoch 184. train_acc:  57.7, train_loss:  0.111, data_points:  5.4e+05, total_data_gen_time:  77.2, train_time:  0.00627, data_load_time:  1.1e-06, best_score:  1.05e+03, current lr:  0.0001, 
Epoch 185. train_acc:  57.6, train_loss:  0.111, data_points:  5.4e+05, total_data_gen_time:  78.8, train_time:  0.00622, data_load_time:  1e-06, best_score:  1.05e+03, current lr:  0.0001, 
Epoch 186. train_acc:  57.7, train_loss:  0.112, data_points:  5.4e+05, total_data_gen_time:  117, train_time:  0.00577, data_load_time:  8.97e-07, total_eval_time:  120, test_score:  1.04e+03, best_score:  1.05e+03, current lr:  0.0001, 
Epoch 187. train_acc:  57.6, train_loss:  0.112, data_points:  5.4e+05, total_data_gen_time:  78.3, train_time:  0.00562, data_load_time:  9.8e-07, best_score:  1.05e+03, current lr:  0.0001, 
Epoch 188. train_acc:  57.7, train_loss:  0.112, data_points:  5.4e+05, total_data_gen_time:  77.1, train_time:  0.00588, data_load_time:  9.24e-07, best_score:  1.05e+03, current lr:  0.0001, 
Epoch 189. train_acc:  57.8, train_loss:  0.111, data_points:  5.4e+05, total_data_gen_time:  83.8, train_time:  0.00581, data_load_time:  9.26e-07, total_eval_time:  103, test_score:  1.04e+03, best_score:  1.05e+03, current lr:  0.0001, 
Epoch 190. train_acc:  57.8, train_loss:  0.11, data_points:  5.4e+05, total_data_gen_time:  79.4, train_time:  0.00641, data_load_time:  1.09e-06, best_score:  1.05e+03, current lr:  0.0001, 
Epoch 191. train_acc:  57.9, train_loss:  0.107, data_points:  5.4e+05, total_data_gen_time:  80.8, train_time:  0.00556, data_load_time:  1.05e-06, best_score:  1.05e+03, current lr:  0.0001, 
Epoch 192. train_acc:  57.9, train_loss:  0.11, data_points:  5.4e+05, total_data_gen_time:  77.8, train_time:  0.00611, data_load_time:  1.01e-06, total_eval_time:  145, test_score:  1.04e+03, best_score:  1.05e+03, current lr:  0.0001, 
Epoch 193. train_acc:  57.9, train_loss:  0.11, data_points:  5.4e+05, total_data_gen_time:  107, train_time:  0.00648, data_load_time:  1.04e-06, best_score:  1.05e+03, current lr:  0.0001, 
Epoch 194. train_acc:  58, train_loss:  0.108, data_points:  5.4e+05, total_data_gen_time:  81, train_time:  0.00585, data_load_time:  1.14e-06, best_score:  1.05e+03, current lr:  0.0001, 
Epoch 195. train_acc:  58.2, train_loss:  0.107, data_points:  5.4e+05, total_data_gen_time:  80.9, train_time:  0.00582, data_load_time:  9.24e-07, total_eval_time:  107, test_score:  1.05e+03, best_score:  1.05e+03, current lr:  0.0001, 
Epoch 196. train_acc:  58.1, train_loss:  0.107, data_points:  5.4e+05, total_data_gen_time:  77.6, train_time:  0.00603, data_load_time:  1e-06, best_score:  1.05e+03, current lr:  0.0001, 
Epoch 197. train_acc:  58.2, train_loss:  0.106, data_points:  5.4e+05, total_data_gen_time:  81.3, train_time:  0.00619, data_load_time:  9.96e-07, best_score:  1.05e+03, current lr:  0.0001, 
Epoch 198. train_acc:  58.3, train_loss:  0.107, data_points:  5.4e+05, total_data_gen_time:  79.6, train_time:  0.00605, data_load_time:  9.82e-07, total_eval_time:  135, test_score:  964, best_score:  1.05e+03, current lr:  0.0001, 
Epoch 199. train_acc:  58.5, train_loss:  0.107, data_points:  5.4e+05, total_data_gen_time:  78.4, train_time:  0.00636, data_load_time:  1.03e-06, best_score:  1.05e+03, current lr:  0.0001, 
Epoch 200. train_acc:  58.3, train_loss:  0.107, data_points:  5.4e+05, total_data_gen_time:  79.2, train_time:  0.00621, data_load_time:  1.04e-06, best_score:  1.05e+03, current lr:  0.0001, 
Epoch 201. train_acc:  58.6, train_loss:  0.106, data_points:  5.4e+05, total_data_gen_time:  80.2, train_time:  0.00619, data_load_time:  1.05e-06, total_eval_time:  111, test_score:  1.03e+03, best_score:  1.05e+03, current lr:  0.0001, 
Epoch 202. train_acc:  58.7, train_loss:  0.103, data_points:  5.4e+05, total_data_gen_time:  81.4, train_time:  0.00622, data_load_time:  1.03e-06, best_score:  1.05e+03, current lr:  0.0001, 
Epoch 203. train_acc:  58.7, train_loss:  0.103, data_points:  5.4e+05, total_data_gen_time:  78.4, train_time:  0.00571, data_load_time:  9.5e-07, best_score:  1.05e+03, current lr:  0.0001, 
Epoch 204. train_acc:  58.7, train_loss:  0.104, data_points:  5.4e+05, total_data_gen_time:  85.8, train_time:  0.006, data_load_time:  9.6e-07, total_eval_time:  113, test_score:  1.02e+03, best_score:  1.05e+03, current lr:  0.0001, 
Epoch 205. train_acc:  58.7, train_loss:  0.105, data_points:  5.4e+05, total_data_gen_time:  80.8, train_time:  0.00601, data_load_time:  9.65e-07, best_score:  1.05e+03, current lr:  0.0001, 
Epoch 206. train_acc:  58.6, train_loss:  0.105, data_points:  5.4e+05, total_data_gen_time:  79.7, train_time:  0.00624, data_load_time:  1.01e-06, best_score:  1.05e+03, current lr:  0.0001, 
Epoch 207. train_acc:  58.5, train_loss:  0.108, data_points:  5.4e+05, total_data_gen_time:  85.7, train_time:  0.0063, data_load_time:  9.92e-07, total_eval_time:  102, test_score:  692, best_score:  1.05e+03, current lr:  0.0001, 
Epoch 208. train_acc:  58.5, train_loss:  0.108, data_points:  5.4e+05, total_data_gen_time:  79.3, train_time:  0.00555, data_load_time:  1.08e-06, best_score:  1.05e+03, current lr:  0.0001, 
Epoch 209. train_acc:  58.5, train_loss:  0.108, data_points:  5.4e+05, total_data_gen_time:  78.1, train_time:  0.00579, data_load_time:  1.04e-06, best_score:  1.05e+03, current lr:  0.0001, 
Epoch 210. train_acc:  58.7, train_loss:  0.108, data_points:  5.4e+05, total_data_gen_time:  78.5, train_time:  0.00652, data_load_time:  1.03e-06, total_eval_time:  113, test_score:  1.05e+03, best_score:  1.05e+03, current lr:  0.0001, 
Epoch 211. train_acc:  58.5, train_loss:  0.11, data_points:  5.4e+05, total_data_gen_time:  82, train_time:  0.00567, data_load_time:  8.86e-07, best_score:  1.05e+03, current lr:  0.0001, 
Epoch 212. train_acc:  58.4, train_loss:  0.113, data_points:  5.4e+05, total_data_gen_time:  80.9, train_time:  0.00593, data_load_time:  1.02e-06, best_score:  1.05e+03, current lr:  0.0001, 
Epoch 213. train_acc:  58.5, train_loss:  0.114, data_points:  5.4e+05, total_data_gen_time:  80.8, train_time:  0.0061, data_load_time:  1.01e-06, total_eval_time:  106, test_score:  1.05e+03, best_score:  1.05e+03, current lr:  0.0001, 
Epoch 214. train_acc:  58.4, train_loss:  0.115, data_points:  5.4e+05, total_data_gen_time:  78.7, train_time:  0.00618, data_load_time:  1e-06, best_score:  1.05e+03, current lr:  0.0001, 
Epoch 215. train_acc:  58.6, train_loss:  0.114, data_points:  5.4e+05, total_data_gen_time:  79, train_time:  0.00634, data_load_time:  1.02e-06, best_score:  1.05e+03, current lr:  0.0001, 
Epoch 216. train_acc:  58.5, train_loss:  0.114, data_points:  5.4e+05, total_data_gen_time:  81, train_time:  0.00575, data_load_time:  1.03e-06, total_eval_time:  104, test_score:  1.03e+03, best_score:  1.05e+03, current lr:  0.0001, 
Epoch 217. train_acc:  58.8, train_loss:  0.111, data_points:  5.4e+05, total_data_gen_time:  77, train_time:  0.0055, data_load_time:  1.06e-06, best_score:  1.05e+03, current lr:  0.0001, 
Epoch 218. train_acc:  58.7, train_loss:  0.11, data_points:  5.4e+05, total_data_gen_time:  78.5, train_time:  0.00624, data_load_time:  1.03e-06, best_score:  1.05e+03, current lr:  0.0001, 
Epoch 219. train_acc:  58.9, train_loss:  0.11, data_points:  5.4e+05, total_data_gen_time:  80.1, train_time:  0.00618, data_load_time:  9.63e-07, total_eval_time:  109, test_score:  1.05e+03, best_score:  1.05e+03, current lr:  0.0001, 
Epoch 220. train_acc:  59, train_loss:  0.112, data_points:  5.4e+05, total_data_gen_time:  81.3, train_time:  0.00714, data_load_time:  9.91e-07, best_score:  1.05e+03, current lr:  0.0001, 
Epoch 221. train_acc:  58.9, train_loss:  0.111, data_points:  5.4e+05, total_data_gen_time:  78.8, train_time:  0.00691, data_load_time:  1.03e-06, best_score:  1.05e+03, current lr:  0.0001, 
Epoch 222. train_acc:  59.1, train_loss:  0.108, data_points:  5.4e+05, total_data_gen_time:  81.2, train_time:  0.00718, data_load_time:  1.07e-06, total_eval_time:  104, test_score:  1.04e+03, best_score:  1.05e+03, current lr:  0.0001, 
Epoch 223. train_acc:  59.2, train_loss:  0.109, data_points:  5.4e+05, total_data_gen_time:  79.2, train_time:  0.00662, data_load_time:  1.01e-06, best_score:  1.05e+03, current lr:  0.0001, 
Epoch 224. train_acc:  59.2, train_loss:  0.108, data_points:  5.4e+05, total_data_gen_time:  77.7, train_time:  0.00556, data_load_time:  1.03e-06, best_score:  1.05e+03, current lr:  0.0001, 
Epoch 225. train_acc:  59.1, train_loss:  0.106, data_points:  5.4e+05, total_data_gen_time:  80, train_time:  0.00598, data_load_time:  8.99e-07, total_eval_time:  106, test_score:  1.03e+03, best_score:  1.05e+03, current lr:  0.0001, 
Epoch 226. train_acc:  59.2, train_loss:  0.104, data_points:  5.4e+05, total_data_gen_time:  79.2, train_time:  0.00621, data_load_time:  1.06e-06, best_score:  1.05e+03, current lr:  0.0001, 
Epoch 227. train_acc:  59.1, train_loss:  0.104, data_points:  5.4e+05, total_data_gen_time:  79.3, train_time:  0.0061, data_load_time:  1.07e-06, best_score:  1.05e+03, current lr:  0.0001, 
Epoch 228. train_acc:  59.2, train_loss:  0.104, data_points:  5.4e+05, total_data_gen_time:  80.8, train_time:  0.00576, data_load_time:  9.34e-07, total_eval_time:  107, test_score:  1.05e+03, best_score:  1.05e+03, current lr:  0.0001, 
Epoch 229. train_acc:  59.2, train_loss:  0.106, data_points:  5.4e+05, total_data_gen_time:  77, train_time:  0.00553, data_load_time:  1.02e-06, best_score:  1.05e+03, current lr:  0.0001, 
Epoch 230. train_acc:  59.2, train_loss:  0.104, data_points:  5.4e+05, total_data_gen_time:  81.5, train_time:  0.00622, data_load_time:  1.01e-06, best_score:  1.05e+03, current lr:  0.0001, 
Epoch 231. train_acc:  59.2, train_loss:  0.105, data_points:  5.4e+05, total_data_gen_time:  81.9, train_time:  0.00629, data_load_time:  9.52e-07, total_eval_time:  105, test_score:  1.05e+03, best_score:  1.05e+03, current lr:  0.0001, 
Epoch 232. train_acc:  59.2, train_loss:  0.105, data_points:  5.4e+05, total_data_gen_time:  80.7, train_time:  0.00621, data_load_time:  1.03e-06, best_score:  1.05e+03, current lr:  0.0001, 
Epoch 233. train_acc:  59.1, train_loss:  0.104, data_points:  5.4e+05, total_data_gen_time:  79, train_time:  0.00591, data_load_time:  1.02e-06, best_score:  1.05e+03, current lr:  0.0001, 
Epoch 234. train_acc:  59.4, train_loss:  0.104, data_points:  5.4e+05, total_data_gen_time:  84.3, train_time:  0.00616, data_load_time:  1.03e-06, total_eval_time:  109, test_score:  1.03e+03, best_score:  1.05e+03, current lr:  0.0001, 
Epoch 235. train_acc:  59.5, train_loss:  0.103, data_points:  5.4e+05, total_data_gen_time:  79.5, train_time:  0.00623, data_load_time:  1e-06, best_score:  1.05e+03, current lr:  0.0001, 
Epoch 236. train_acc:  59.6, train_loss:  0.102, data_points:  5.4e+05, total_data_gen_time:  77.9, train_time:  0.00613, data_load_time:  1.05e-06, best_score:  1.05e+03, current lr:  0.0001, 
Epoch 237. train_acc:  59.5, train_loss:  0.102, data_points:  5.4e+05, total_data_gen_time:  85.1, train_time:  0.00631, data_load_time:  1.01e-06, total_eval_time:  105, test_score:  398, best_score:  1.05e+03, current lr:  0.0001, 
Epoch 238. train_acc:  59.7, train_loss:  0.102, data_points:  5.4e+05, total_data_gen_time:  82.6, train_time:  0.00592, data_load_time:  9.78e-07, best_score:  1.05e+03, current lr:  0.0001, 
Epoch 239. train_acc:  59.7, train_loss:  0.102, data_points:  5.4e+05, total_data_gen_time:  80.2, train_time:  0.00638, data_load_time:  1.01e-06, best_score:  1.05e+03, current lr:  0.0001, 
Epoch 240. train_acc:  59.8, train_loss:  0.102, data_points:  5.4e+05, total_data_gen_time:  82, train_time:  0.00576, data_load_time:  1e-06, total_eval_time:  110, test_score:  1.03e+03, best_score:  1.05e+03, current lr:  0.0001, 
Epoch 241. train_acc:  59.8, train_loss:  0.1, data_points:  5.4e+05, total_data_gen_time:  79.6, train_time:  0.00584, data_load_time:  9.7e-07, best_score:  1.05e+03, current lr:  0.0001, 
Epoch 242. train_acc:  59.8, train_loss:  0.102, data_points:  5.4e+05, total_data_gen_time:  79.6, train_time:  0.00573, data_load_time:  1.01e-06, best_score:  1.05e+03, current lr:  0.0001, 
Epoch 243. train_acc:  59.7, train_loss:  0.101, data_points:  5.4e+05, total_data_gen_time:  80.3, train_time:  0.00701, data_load_time:  1.1e-06, total_eval_time:  109, test_score:  1.05e+03, best_score:  1.05e+03, current lr:  0.0001, 
Epoch 244. train_acc:  59.8, train_loss:  0.0993, data_points:  5.4e+05, total_data_gen_time:  79, train_time:  0.0067, data_load_time:  1.05e-06, best_score:  1.05e+03, current lr:  0.0001, 
Epoch 245. train_acc:  59.7, train_loss:  0.101, data_points:  5.4e+05, total_data_gen_time:  79.2, train_time:  0.00629, data_load_time:  1.01e-06, best_score:  1.05e+03, current lr:  0.0001, 
Epoch 246. train_acc:  59.5, train_loss:  0.102, data_points:  5.4e+05, total_data_gen_time:  97, train_time:  0.00646, data_load_time:  9.71e-07, total_eval_time:  105, test_score:  1.05e+03, best_score:  1.05e+03, current lr:  0.0001, 
Epoch 247. train_acc:  59.5, train_loss:  0.103, data_points:  5.4e+05, total_data_gen_time:  78.4, train_time:  0.00587, data_load_time:  1.03e-06, best_score:  1.05e+03, current lr:  0.0001, 
Epoch 248. train_acc:  59.5, train_loss:  0.102, data_points:  5.4e+05, total_data_gen_time:  80.8, train_time:  0.00645, data_load_time:  9.17e-07, best_score:  1.05e+03, current lr:  0.0001, 
Epoch 249. train_acc:  59.6, train_loss:  0.101, data_points:  5.4e+05, total_data_gen_time:  78.8, train_time:  0.00643, data_load_time:  9.76e-07, total_eval_time:  109, test_score:  1.04e+03, best_score:  1.05e+03, current lr:  0.0001, 
Epoch 250. train_acc:  59.7, train_loss:  0.1, data_points:  5.4e+05, total_data_gen_time:  80.4, train_time:  0.00623, data_load_time:  9.91e-07, best_score:  1.05e+03, current lr:  0.0001, 
Epoch 251. train_acc:  59.6, train_loss:  0.1, data_points:  5.4e+05, total_data_gen_time:  80, train_time:  0.00686, data_load_time:  1.09e-06, best_score:  1.05e+03, current lr:  0.0001, 
Epoch 252. train_acc:  59.9, train_loss:  0.0993, data_points:  5.4e+05, total_data_gen_time:  119, train_time:  0.0062, data_load_time:  1.04e-06, total_eval_time:  108, test_score:  1.04e+03, best_score:  1.05e+03, current lr:  0.0001, 
Epoch 253. train_acc:  59.9, train_loss:  0.1, data_points:  5.4e+05, total_data_gen_time:  79.1, train_time:  0.0062, data_load_time:  1e-06, best_score:  1.05e+03, current lr:  0.0001, 
Epoch 254. train_acc:  60.1, train_loss:  0.101, data_points:  5.4e+05, total_data_gen_time:  81.6, train_time:  0.00618, data_load_time:  9.94e-07, best_score:  1.05e+03, current lr:  0.0001, 
Epoch 255. train_acc:  60.1, train_loss:  0.1, data_points:  5.4e+05, total_data_gen_time:  80.1, train_time:  0.00722, data_load_time:  1.04e-06, total_eval_time:  103, test_score:  1.05e+03, best_score:  1.05e+03, current lr:  0.0001, 
Epoch 256. train_acc:  60.3, train_loss:  0.0995, data_points:  5.4e+05, total_data_gen_time:  79.8, train_time:  0.00732, data_load_time:  9.88e-07, best_score:  1.05e+03, current lr:  0.0001, 
Epoch 257. train_acc:  60.4, train_loss:  0.0985, data_points:  5.4e+05, total_data_gen_time:  81.9, train_time:  0.00643, data_load_time:  1.01e-06, best_score:  1.05e+03, current lr:  0.0001, 
Epoch 258. train_acc:  60.2, train_loss:  0.097, data_points:  5.4e+05, total_data_gen_time:  87.2, train_time:  0.0066, data_load_time:  9.78e-07, total_eval_time:  113, test_score:  1.04e+03, best_score:  1.05e+03, current lr:  0.0001, 
Epoch 259. train_acc:  60.3, train_loss:  0.0976, data_points:  5.4e+05, total_data_gen_time:  78.8, train_time:  0.00628, data_load_time:  8.89e-07, best_score:  1.05e+03, current lr:  0.0001, 
Epoch 260. train_acc:  60.4, train_loss:  0.0976, data_points:  5.4e+05, total_data_gen_time:  82.3, train_time:  0.00593, data_load_time:  9.86e-07, best_score:  1.05e+03, current lr:  0.0001, 
Epoch 261. train_acc:  60.6, train_loss:  0.0962, data_points:  5.4e+05, total_data_gen_time:  87.2, train_time:  0.00653, data_load_time:  1.01e-06, total_eval_time:  108, test_score:  1.05e+03, best_score:  1.05e+03, current lr:  0.0001, 
Epoch 262. train_acc:  60.5, train_loss:  0.0953, data_points:  5.4e+05, total_data_gen_time:  78.5, train_time:  0.00618, data_load_time:  9.82e-07, best_score:  1.05e+03, current lr:  0.0001, 
Epoch 263. train_acc:  60.2, train_loss:  0.096, data_points:  5.4e+05, total_data_gen_time:  81.9, train_time:  0.00605, data_load_time:  9.92e-07, best_score:  1.05e+03, current lr:  0.0001, 
Epoch 264. train_acc:  60.3, train_loss:  0.0941, data_points:  5.4e+05, total_data_gen_time:  82, train_time:  0.00591, data_load_time:  9.95e-07, total_eval_time:  109, test_score:  1.02e+03, best_score:  1.05e+03, current lr:  0.0001, 
Epoch 265. train_acc:  60.1, train_loss:  0.0962, data_points:  5.4e+05, total_data_gen_time:  78.5, train_time:  0.00606, data_load_time:  1.07e-06, best_score:  1.05e+03, current lr:  0.0001, 
Epoch 266. train_acc:  60.2, train_loss:  0.097, data_points:  5.4e+05, total_data_gen_time:  81.2, train_time:  0.00573, data_load_time:  9.31e-07, best_score:  1.05e+03, current lr:  0.0001, 
Epoch 267. train_acc:  60.5, train_loss:  0.0952, data_points:  5.4e+05, total_data_gen_time:  83.7, train_time:  0.00588, data_load_time:  1.01e-06, total_eval_time:  104, test_score:  1.05e+03, best_score:  1.05e+03, current lr:  0.0001, 
Epoch 268. train_acc:  60.3, train_loss:  0.0962, data_points:  5.4e+05, total_data_gen_time:  78.7, train_time:  0.00616, data_load_time:  1.09e-06, best_score:  1.05e+03, current lr:  0.0001, 
Epoch 269. train_acc:  60.4, train_loss:  0.0953, data_points:  5.4e+05, total_data_gen_time:  107, train_time:  0.00777, data_load_time:  1.13e-06, best_score:  1.05e+03, current lr:  0.0001, 
Epoch 270. train_acc:  60.5, train_loss:  0.0953, data_points:  5.4e+05, total_data_gen_time:  117, train_time:  0.00651, data_load_time:  1.02e-06, total_eval_time:  111, test_score:  1.05e+03, best_score:  1.05e+03, current lr:  0.0001, 
Epoch 271. train_acc:  60.5, train_loss:  0.0963, data_points:  5.4e+05, total_data_gen_time:  81.8, train_time:  0.00648, data_load_time:  9.54e-07, best_score:  1.05e+03, current lr:  0.0001, 
Epoch 272. train_acc:  60.4, train_loss:  0.0954, data_points:  5.4e+05, total_data_gen_time:  79.4, train_time:  0.00685, data_load_time:  1.14e-06, best_score:  1.05e+03, current lr:  0.0001, 
Epoch 273. train_acc:  60.7, train_loss:  0.0942, data_points:  5.4e+05, total_data_gen_time:  110, train_time:  0.00719, data_load_time:  1.13e-06, total_eval_time:  147, test_score:  1.05e+03, best_score:  1.05e+03, current lr:  0.0001, 
Epoch 274. train_acc:  60.6, train_loss:  0.095, data_points:  5.4e+05, total_data_gen_time:  107, train_time:  0.00687, data_load_time:  1.17e-06, best_score:  1.05e+03, current lr:  0.0001, 
Epoch 275. train_acc:  60.8, train_loss:  0.0922, data_points:  5.4e+05, total_data_gen_time:  81.7, train_time:  0.00657, data_load_time:  9.87e-07, best_score:  1.05e+03, current lr:  0.0001, 
Epoch 276. train_acc:  60.8, train_loss:  0.0905, data_points:  5.4e+05, total_data_gen_time:  83.6, train_time:  0.0064, data_load_time:  9.4e-07, total_eval_time:  112, test_score:  1.05e+03, best_score:  1.05e+03, current lr:  0.0001, 
Epoch 277. train_acc:  60.8, train_loss:  0.0914, data_points:  5.4e+05, total_data_gen_time:  81.9, train_time:  0.0062, data_load_time:  1.03e-06, best_score:  1.05e+03, current lr:  0.0001, 
Epoch 278. train_acc:  60.9, train_loss:  0.0921, data_points:  5.4e+05, total_data_gen_time:  86.2, train_time:  0.0059, data_load_time:  9.62e-07, best_score:  1.05e+03, current lr:  0.0001, 
Epoch 279. train_acc:  60.9, train_loss:  0.0918, data_points:  5.4e+05, total_data_gen_time:  92.7, train_time:  0.00791, data_load_time:  1.21e-06, total_eval_time:  109, test_score:  1.04e+03, best_score:  1.05e+03, current lr:  0.0001, 
Epoch 280. train_acc:  60.9, train_loss:  0.091, data_points:  5.4e+05, total_data_gen_time:  78.6, train_time:  0.0069, data_load_time:  1.18e-06, best_score:  1.05e+03, current lr:  0.0001, 
Epoch 281. train_acc:  61, train_loss:  0.0901, data_points:  5.4e+05, total_data_gen_time:  107, train_time:  0.00722, data_load_time:  1.25e-06, best_score:  1.05e+03, current lr:  0.0001, 
Epoch 282. train_acc:  61, train_loss:  0.0904, data_points:  5.4e+05, total_data_gen_time:  109, train_time:  0.00657, data_load_time:  9.59e-07, total_eval_time:  106, test_score:  1.05e+03, best_score:  1.05e+03, current lr:  0.0001, 
Epoch 283. train_acc:  61, train_loss:  0.0897, data_points:  5.4e+05, total_data_gen_time:  79.7, train_time:  0.0061, data_load_time:  9.88e-07, best_score:  1.05e+03, current lr:  0.0001, 
Epoch 284. train_acc:  60.9, train_loss:  0.0905, data_points:  5.4e+05, total_data_gen_time:  81.8, train_time:  0.00604, data_load_time:  9.24e-07, best_score:  1.05e+03, current lr:  0.0001, 
Epoch 285. train_acc:  61.1, train_loss:  0.0905, data_points:  5.4e+05, total_data_gen_time:  84.6, train_time:  0.00598, data_load_time:  1.04e-06, total_eval_time:  104, test_score:  1.05e+03, best_score:  1.05e+03, current lr:  0.0001, 
Epoch 286. train_acc:  60.9, train_loss:  0.092, data_points:  5.4e+05, total_data_gen_time:  79.4, train_time:  0.0063, data_load_time:  1.08e-06, best_score:  1.05e+03, current lr:  0.0001, 
Epoch 287. train_acc:  60.8, train_loss:  0.092, data_points:  5.4e+05, total_data_gen_time:  78.7, train_time:  0.00631, data_load_time:  1.04e-06, best_score:  1.05e+03, current lr:  0.0001, 
Epoch 288. train_acc:  60.9, train_loss:  0.0918, data_points:  5.4e+05, total_data_gen_time:  80.3, train_time:  0.00619, data_load_time:  9.9e-07, total_eval_time:  144, test_score:  1.05e+03, best_score:  1.05e+03, current lr:  0.0001, 
Epoch 289. train_acc:  61.2, train_loss:  0.0912, data_points:  5.4e+05, total_data_gen_time:  107, train_time:  0.00733, data_load_time:  1.14e-06, best_score:  1.05e+03, current lr:  0.0001, 
Epoch 290. train_acc:  61.1, train_loss:  0.0909, data_points:  5.4e+05, total_data_gen_time:  111, train_time:  0.00731, data_load_time:  1.19e-06, best_score:  1.05e+03, current lr:  0.0001, 
Epoch 291. train_acc:  61.3, train_loss:  0.0904, data_points:  5.4e+05, total_data_gen_time:  118, train_time:  0.00677, data_load_time:  1.08e-06, total_eval_time:  148, test_score:  1.05e+03, best_score:  1.05e+03, current lr:  0.0001, 
Epoch 292. train_acc:  61.2, train_loss:  0.0921, data_points:  5.4e+05, total_data_gen_time:  112, train_time:  0.00714, data_load_time:  1.15e-06, best_score:  1.05e+03, current lr:  0.0001, 
Epoch 293. train_acc:  61, train_loss:  0.093, data_points:  5.4e+05, total_data_gen_time:  81.4, train_time:  0.00692, data_load_time:  1.02e-06, best_score:  1.05e+03, current lr:  0.0001, 
Epoch 294. train_acc:  61, train_loss:  0.0908, data_points:  5.4e+05, total_data_gen_time:  80.9, train_time:  0.00642, data_load_time:  1e-06, total_eval_time:  109, test_score:  1.05e+03, best_score:  1.05e+03, current lr:  0.0001, 
Epoch 295. train_acc:  60.9, train_loss:  0.0929, data_points:  5.4e+05, total_data_gen_time:  80.5, train_time:  0.00666, data_load_time:  1.05e-06, best_score:  1.05e+03, current lr:  0.0001, 
Epoch 296. train_acc:  61, train_loss:  0.0917, data_points:  5.4e+05, total_data_gen_time:  79.8, train_time:  0.00603, data_load_time:  1.08e-06, best_score:  1.05e+03, current lr:  0.0001, 
Epoch 297. train_acc:  61.2, train_loss:  0.0913, data_points:  5.4e+05, total_data_gen_time:  85.9, train_time:  0.00679, data_load_time:  1.02e-06, total_eval_time:  113, test_score:  1e+03, best_score:  1.05e+03, current lr:  0.0001, 
Epoch 298. train_acc:  61.1, train_loss:  0.0895, data_points:  5.4e+05, total_data_gen_time:  81.4, train_time:  0.00683, data_load_time:  1.04e-06, best_score:  1.05e+03, current lr:  0.0001, 
Epoch 299. train_acc:  61.1, train_loss:  0.0885, data_points:  5.4e+05, total_data_gen_time:  80.4, train_time:  0.00611, data_load_time:  1.01e-06, best_score:  1.05e+03, current lr:  0.0001, 
Epoch 300. train_acc:  61.2, train_loss:  0.0901, data_points:  5.4e+05, total_data_gen_time:  80.2, train_time:  0.0056, data_load_time:  9.72e-07, total_eval_time:  104, test_score:  1.05e+03, best_score:  1.05e+03, current lr:  0.0001, 
Epoch 301. train_acc:  61, train_loss:  0.0915, data_points:  5.4e+05, total_data_gen_time:  79, train_time:  0.00605, data_load_time:  1.1e-06, best_score:  1.05e+03, current lr:  0.0001, 
Epoch 302. train_acc:  61, train_loss:  0.0911, data_points:  5.4e+05, total_data_gen_time:  78.6, train_time:  0.00582, data_load_time:  1.07e-06, best_score:  1.05e+03, current lr:  0.0001, 
Epoch 303. train_acc:  60.9, train_loss:  0.0923, data_points:  5.4e+05, total_data_gen_time:  80.4, train_time:  0.00663, data_load_time:  9.98e-07, total_eval_time:  110, test_score:  1.05e+03, best_score:  1.05e+03, current lr:  0.0001, 
Epoch 304. train_acc:  61, train_loss:  0.0928, data_points:  5.4e+05, total_data_gen_time:  78.9, train_time:  0.00562, data_load_time:  1.04e-06, best_score:  1.05e+03, current lr:  0.0001, 
Epoch 305. train_acc:  61.1, train_loss:  0.0924, data_points:  5.4e+05, total_data_gen_time:  78.7, train_time:  0.00627, data_load_time:  9.64e-07, best_score:  1.05e+03, current lr:  0.0001, 
Epoch 306. train_acc:  60.9, train_loss:  0.0944, data_points:  5.4e+05, total_data_gen_time:  97.9, train_time:  0.00633, data_load_time:  9.71e-07, total_eval_time:  107, test_score:  1.05e+03, best_score:  1.05e+03, current lr:  0.0001, 
Epoch 307. train_acc:  61, train_loss:  0.0951, data_points:  5.4e+05, total_data_gen_time:  78.1, train_time:  0.00623, data_load_time:  1.04e-06, best_score:  1.05e+03, current lr:  0.0001, 
Epoch 308. train_acc:  60.9, train_loss:  0.0966, data_points:  5.4e+05, total_data_gen_time:  78.6, train_time:  0.00627, data_load_time:  1.03e-06, best_score:  1.05e+03, current lr:  0.0001, 
Epoch 309. train_acc:  60.8, train_loss:  0.0977, data_points:  5.4e+05, total_data_gen_time:  80.2, train_time:  0.00578, data_load_time:  9.13e-07, total_eval_time:  115, test_score:  1.04e+03, best_score:  1.05e+03, current lr:  0.0001, 
Epoch 310. train_acc:  60.9, train_loss:  0.0968, data_points:  5.4e+05, total_data_gen_time:  82.7, train_time:  0.00626, data_load_time:  1.09e-06, best_score:  1.05e+03, current lr:  0.0001, 
Epoch 311. train_acc:  61, train_loss:  0.098, data_points:  5.4e+05, total_data_gen_time:  79.2, train_time:  0.00594, data_load_time:  1.07e-06, best_score:  1.05e+03, current lr:  0.0001, 
Epoch 312. train_acc:  61.2, train_loss:  0.0972, data_points:  5.4e+05, total_data_gen_time:  80.5, train_time:  0.00564, data_load_time:  9.57e-07, total_eval_time:  104, test_score:  1.05e+03, best_score:  1.05e+03, current lr:  0.0001, 
Epoch 313. train_acc:  61.1, train_loss:  0.0973, data_points:  5.4e+05, total_data_gen_time:  80.2, train_time:  0.00601, data_load_time:  1e-06, best_score:  1.05e+03, current lr:  0.0001, 
Epoch 314. train_acc:  61.1, train_loss:  0.0981, data_points:  5.4e+05, total_data_gen_time:  78.1, train_time:  0.00526, data_load_time:  8.98e-07, best_score:  1.05e+03, current lr:  0.0001, 
Epoch 315. train_acc:  61.1, train_loss:  0.0979, data_points:  5.4e+05, total_data_gen_time:  86.2, train_time:  0.00583, data_load_time:  8.29e-07, total_eval_time:  108, test_score:  1.05e+03, best_score:  1.05e+03, current lr:  0.0001, 
Epoch 316. train_acc:  61.5, train_loss:  0.0963, data_points:  5.4e+05, total_data_gen_time:  81.5, train_time:  0.00627, data_load_time:  9.11e-07, best_score:  1.05e+03, current lr:  0.0001, 
Epoch 317. train_acc:  61.1, train_loss:  0.0978, data_points:  5.4e+05, total_data_gen_time:  80.4, train_time:  0.0065, data_load_time:  1.07e-06, best_score:  1.05e+03, current lr:  0.0001, 
Epoch 318. train_acc:  61.3, train_loss:  0.0961, data_points:  5.4e+05, total_data_gen_time:  81.4, train_time:  0.00626, data_load_time:  1.06e-06, total_eval_time:  109, test_score:  1.05e+03, best_score:  1.05e+03, current lr:  0.0001, 
Epoch 319. train_acc:  61.3, train_loss:  0.0979, data_points:  5.4e+05, total_data_gen_time:  78.6, train_time:  0.00575, data_load_time:  1.09e-06, best_score:  1.05e+03, current lr:  0.0001, 
Epoch 320. train_acc:  61.2, train_loss:  0.0969, data_points:  5.4e+05, total_data_gen_time:  78.7, train_time:  0.00622, data_load_time:  1.03e-06, best_score:  1.05e+03, current lr:  0.0001, 
Epoch 321. train_acc:  61.1, train_loss:  0.0947, data_points:  5.4e+05, total_data_gen_time:  81.3, train_time:  0.00586, data_load_time:  1.06e-06, total_eval_time:  105, test_score:  1.04e+03, best_score:  1.05e+03, current lr:  0.0001, 
Epoch 322. train_acc:  61.4, train_loss:  0.0941, data_points:  5.4e+05, total_data_gen_time:  78.2, train_time:  0.00556, data_load_time:  1.02e-06, best_score:  1.05e+03, current lr:  0.0001, 
Epoch 323. train_acc:  61.4, train_loss:  0.0924, data_points:  5.4e+05, total_data_gen_time:  78.2, train_time:  0.00579, data_load_time:  1.09e-06, best_score:  1.05e+03, current lr:  0.0001, 
Epoch 324. train_acc:  61.4, train_loss:  0.0925, data_points:  5.4e+05, total_data_gen_time:  79.9, train_time:  0.00565, data_load_time:  1.01e-06, total_eval_time:  105, test_score:  1.05e+03, best_score:  1.05e+03, current lr:  0.0001, 
Epoch 325. train_acc:  61.4, train_loss:  0.0915, data_points:  5.4e+05, total_data_gen_time:  78.6, train_time:  0.00618, data_load_time:  9.69e-07, best_score:  1.05e+03, current lr:  0.0001, 
Epoch 326. train_acc:  61.2, train_loss:  0.0925, data_points:  5.4e+05, total_data_gen_time:  79, train_time:  0.00577, data_load_time:  1.05e-06, best_score:  1.05e+03, current lr:  0.0001, 
Epoch 327. train_acc:  61.4, train_loss:  0.0909, data_points:  5.4e+05, total_data_gen_time:  80.2, train_time:  0.00574, data_load_time:  9.38e-07, total_eval_time:  104, test_score:  1.05e+03, best_score:  1.05e+03, current lr:  0.0001, 
Epoch 328. train_acc:  61.4, train_loss:  0.0913, data_points:  5.4e+05, total_data_gen_time:  79.5, train_time:  0.00615, data_load_time:  9.67e-07, best_score:  1.05e+03, current lr:  0.0001, 
Epoch 329. train_acc:  61.4, train_loss:  0.0879, data_points:  5.4e+05, total_data_gen_time:  80.7, train_time:  0.00584, data_load_time:  9.75e-07, best_score:  1.05e+03, current lr:  0.0001, 
Epoch 330. train_acc:  61.5, train_loss:  0.0887, data_points:  5.4e+05, total_data_gen_time:  80.3, train_time:  0.0068, data_load_time:  1.09e-06, total_eval_time:  103, test_score:  1.05e+03, best_score:  1.05e+03, current lr:  0.0001, 
Epoch 331. train_acc:  61.4, train_loss:  0.0907, data_points:  5.4e+05, total_data_gen_time:  77.8, train_time:  0.00684, data_load_time:  9.75e-07, best_score:  1.05e+03, current lr:  0.0001, 
Epoch 332. train_acc:  61.3, train_loss:  0.091, data_points:  5.4e+05, total_data_gen_time:  79.7, train_time:  0.007, data_load_time:  1.21e-06, best_score:  1.05e+03, current lr:  0.0001, 
Epoch 333. train_acc:  61.2, train_loss:  0.0911, data_points:  5.4e+05, total_data_gen_time:  110, train_time:  0.00703, data_load_time:  1.21e-06, total_eval_time:  148, test_score:  1.03e+03, best_score:  1.05e+03, current lr:  0.0001, 
Epoch 334. train_acc:  61.5, train_loss:  0.0911, data_points:  5.4e+05, total_data_gen_time:  91, train_time:  0.0062, data_load_time:  9.82e-07, best_score:  1.05e+03, current lr:  0.0001, 
Epoch 335. train_acc:  61.3, train_loss:  0.0924, data_points:  5.4e+05, total_data_gen_time:  79.7, train_time:  0.00599, data_load_time:  9.71e-07, best_score:  1.05e+03, current lr:  0.0001, 
Epoch 336. train_acc:  61.2, train_loss:  0.0924, data_points:  5.4e+05, total_data_gen_time:  80.6, train_time:  0.00579, data_load_time:  9.71e-07, total_eval_time:  116, test_score:  1.01e+03, best_score:  1.05e+03, current lr:  0.0001, 
Epoch 337. train_acc:  61.2, train_loss:  0.0928, data_points:  5.4e+05, total_data_gen_time:  79.8, train_time:  0.00616, data_load_time:  1.02e-06, best_score:  1.05e+03, current lr:  0.0001, 
Epoch 338. train_acc:  61.3, train_loss:  0.0928, data_points:  5.4e+05, total_data_gen_time:  79.8, train_time:  0.00587, data_load_time:  9.64e-07, best_score:  1.05e+03, current lr:  0.0001, 
Epoch 339. train_acc:  61.3, train_loss:  0.0939, data_points:  5.4e+05, total_data_gen_time:  87.2, train_time:  0.00632, data_load_time:  9.53e-07, total_eval_time:  110, test_score:  1.05e+03, best_score:  1.05e+03, current lr:  0.0001, 
Epoch 340. train_acc:  61.4, train_loss:  0.0943, data_points:  5.4e+05, total_data_gen_time:  81.6, train_time:  0.00643, data_load_time:  1.01e-06, best_score:  1.05e+03, current lr:  0.0001, 
Epoch 341. train_acc:  61.4, train_loss:  0.0933, data_points:  5.4e+05, total_data_gen_time:  81, train_time:  0.00562, data_load_time:  9.34e-07, best_score:  1.05e+03, current lr:  0.0001, 
Epoch 342. train_acc:  61.6, train_loss:  0.0922, data_points:  5.4e+05, total_data_gen_time:  84.5, train_time:  0.00526, data_load_time:  9.26e-07, total_eval_time:  113, test_score:  1.03e+03, best_score:  1.05e+03, current lr:  0.0001, 
Epoch 343. train_acc:  61.8, train_loss:  0.0935, data_points:  5.4e+05, total_data_gen_time:  80.9, train_time:  0.00546, data_load_time:  9.57e-07, best_score:  1.05e+03, current lr:  0.0001, 
Epoch 344. train_acc:  61.6, train_loss:  0.0931, data_points:  5.4e+05, total_data_gen_time:  81.8, train_time:  0.00569, data_load_time:  9.79e-07, best_score:  1.05e+03, current lr:  0.0001, 
Epoch 345. train_acc:  61.9, train_loss:  0.0898, data_points:  5.4e+05, total_data_gen_time:  85.1, train_time:  0.00534, data_load_time:  7.96e-07, total_eval_time:  111, test_score:  1.04e+03, best_score:  1.05e+03, current lr:  0.0001, 
Epoch 346. train_acc:  61.7, train_loss:  0.0904, data_points:  5.4e+05, total_data_gen_time:  81.6, train_time:  0.00566, data_load_time:  9.27e-07, best_score:  1.05e+03, current lr:  0.0001, 
Epoch 347. train_acc:  61.8, train_loss:  0.088, data_points:  5.4e+05, total_data_gen_time:  82.3, train_time:  0.00623, data_load_time:  9.82e-07, best_score:  1.05e+03, current lr:  0.0001, 
Epoch 348. train_acc:  61.8, train_loss:  0.0873, data_points:  5.4e+05, total_data_gen_time:  82, train_time:  0.00602, data_load_time:  9.15e-07, total_eval_time:  105, test_score:  683, best_score:  1.05e+03, current lr:  0.0001, 
Epoch 349. train_acc:  61.8, train_loss:  0.0879, data_points:  5.4e+05, total_data_gen_time:  79.2, train_time:  0.00556, data_load_time:  9.8e-07, best_score:  1.05e+03, current lr:  0.0001, 
Epoch 350. train_acc:  62, train_loss:  0.088, data_points:  5.4e+05, total_data_gen_time:  78.2, train_time:  0.00574, data_load_time:  9.25e-07, best_score:  1.05e+03, current lr:  0.0001, 
Epoch 351. train_acc:  61.8, train_loss:  0.0894, data_points:  5.4e+05, total_data_gen_time:  84.4, train_time:  0.00629, data_load_time:  9.68e-07, total_eval_time:  111, test_score:  1.05e+03, best_score:  1.05e+03, current lr:  0.0001, 
Epoch 352. train_acc:  61.8, train_loss:  0.0891, data_points:  5.4e+05, total_data_gen_time:  79.9, train_time:  0.00543, data_load_time:  9.27e-07, best_score:  1.05e+03, current lr:  0.0001, 
Epoch 353. train_acc:  61.8, train_loss:  0.089, data_points:  5.4e+05, total_data_gen_time:  81, train_time:  0.00551, data_load_time:  8.38e-07, best_score:  1.05e+03, current lr:  0.0001, 
Epoch 354. train_acc:  61.9, train_loss:  0.0893, data_points:  5.4e+05, total_data_gen_time:  85.7, train_time:  0.00545, data_load_time:  9.11e-07, total_eval_time:  148, test_score:  1.03e+03, best_score:  1.05e+03, current lr:  0.0001, 
Epoch 355. train_acc:  61.9, train_loss:  0.0913, data_points:  5.4e+05, total_data_gen_time:  111, train_time:  0.00593, data_load_time:  9.32e-07, best_score:  1.05e+03, current lr:  0.0001, 
Epoch 356. train_acc:  62, train_loss:  0.0899, data_points:  5.4e+05, total_data_gen_time:  82, train_time:  0.00584, data_load_time:  9.95e-07, best_score:  1.05e+03, current lr:  0.0001, 
Epoch 357. train_acc:  61.7, train_loss:  0.0919, data_points:  5.4e+05, total_data_gen_time:  80.7, train_time:  0.00562, data_load_time:  8e-07, total_eval_time:  148, test_score:  1.05e+03, best_score:  1.05e+03, current lr:  0.0001, 
Epoch 358. train_acc:  61.9, train_loss:  0.0925, data_points:  5.4e+05, total_data_gen_time:  111, train_time:  0.00561, data_load_time:  1.03e-06, best_score:  1.05e+03, current lr:  0.0001, 
Epoch 359. train_acc:  61.9, train_loss:  0.0916, data_points:  5.4e+05, total_data_gen_time:  111, train_time:  0.00557, data_load_time:  9.13e-07, best_score:  1.05e+03, current lr:  0.0001, 
Epoch 360. train_acc:  61.8, train_loss:  0.0905, data_points:  5.4e+05, total_data_gen_time:  81.7, train_time:  0.00508, data_load_time:  7.72e-07, total_eval_time:  108, test_score:  1.05e+03, best_score:  1.05e+03, current lr:  0.0001, 
Epoch 361. train_acc:  62, train_loss:  0.0877, data_points:  5.4e+05, total_data_gen_time:  79.3, train_time:  0.00537, data_load_time:  8.52e-07, best_score:  1.05e+03, current lr:  0.0001, 
Epoch 362. train_acc:  61.9, train_loss:  0.0901, data_points:  5.4e+05, total_data_gen_time:  82.1, train_time:  0.00544, data_load_time:  9.49e-07, best_score:  1.05e+03, current lr:  0.0001, 
Epoch 363. train_acc:  61.9, train_loss:  0.0896, data_points:  5.4e+05, total_data_gen_time:  85, train_time:  0.00557, data_load_time:  8.57e-07, total_eval_time:  111, test_score:  1.04e+03, best_score:  1.05e+03, current lr:  0.0001, 
Epoch 364. train_acc:  61.8, train_loss:  0.0892, data_points:  5.4e+05, total_data_gen_time:  81.8, train_time:  0.00551, data_load_time:  9.23e-07, best_score:  1.05e+03, current lr:  0.0001, 
Epoch 365. train_acc:  61.9, train_loss:  0.0885, data_points:  5.4e+05, total_data_gen_time:  82.6, train_time:  0.0055, data_load_time:  9.02e-07, best_score:  1.05e+03, current lr:  0.0001, 
Epoch 366. train_acc:  62, train_loss:  0.0873, data_points:  5.4e+05, total_data_gen_time:  80.6, train_time:  0.00568, data_load_time:  9.55e-07, total_eval_time:  106, test_score:  1.05e+03, best_score:  1.05e+03, current lr:  0.0001, 
Epoch 367. train_acc:  62, train_loss:  0.0875, data_points:  5.4e+05, total_data_gen_time:  79.1, train_time:  0.00528, data_load_time:  8.65e-07, best_score:  1.05e+03, current lr:  0.0001, 
Epoch 368. train_acc:  62, train_loss:  0.0879, data_points:  5.4e+05, total_data_gen_time:  81.8, train_time:  0.00536, data_load_time:  8.48e-07, best_score:  1.05e+03, current lr:  0.0001, 
Epoch 369. train_acc:  62.1, train_loss:  0.0875, data_points:  5.4e+05, total_data_gen_time:  84.3, train_time:  0.00619, data_load_time:  9.58e-07, total_eval_time:  129, test_score:  1.05e+03, best_score:  1.05e+03, current lr:  0.0001, 
Epoch 370. train_acc:  62.1, train_loss:  0.0884, data_points:  5.4e+05, total_data_gen_time:  80.7, train_time:  0.00587, data_load_time:  9.28e-07, best_score:  1.05e+03, current lr:  0.0001, 
Epoch 371. train_acc:  62, train_loss:  0.0912, data_points:  5.4e+05, total_data_gen_time:  81.1, train_time:  0.00583, data_load_time:  8.78e-07, best_score:  1.05e+03, current lr:  0.0001, 
Epoch 372. train_acc:  62.2, train_loss:  0.0901, data_points:  5.4e+05, total_data_gen_time:  85, train_time:  0.00638, data_load_time:  1.04e-06, total_eval_time:  144, test_score:  1.02e+03, best_score:  1.05e+03, current lr:  0.0001, 
Epoch 373. train_acc:  62.3, train_loss:  0.0882, data_points:  5.4e+05, total_data_gen_time:  81.9, train_time:  0.00562, data_load_time:  9.82e-07, best_score:  1.05e+03, current lr:  0.0001, 
Epoch 374. train_acc:  62.1, train_loss:  0.0888, data_points:  5.4e+05, total_data_gen_time:  80.7, train_time:  0.00577, data_load_time:  9.77e-07, best_score:  1.05e+03, current lr:  0.0001, 
Epoch 375. train_acc:  62.2, train_loss:  0.09, data_points:  5.4e+05, total_data_gen_time:  94.4, train_time:  0.00599, data_load_time:  9.46e-07, total_eval_time:  116, test_score:  1.05e+03, best_score:  1.05e+03, current lr:  0.0001, 
Epoch 376. train_acc:  62.1, train_loss:  0.0894, data_points:  5.4e+05, total_data_gen_time:  81.8, train_time:  0.00559, data_load_time:  8.63e-07, best_score:  1.05e+03, current lr:  0.0001, 
Epoch 377. train_acc:  62, train_loss:  0.0884, data_points:  5.4e+05, total_data_gen_time:  84.6, train_time:  0.00547, data_load_time:  9.75e-07, best_score:  1.05e+03, current lr:  0.0001, 
Epoch 378. train_acc:  62.4, train_loss:  0.0858, data_points:  5.4e+05, total_data_gen_time:  80.1, train_time:  0.00546, data_load_time:  9.17e-07, total_eval_time:  106, test_score:  1.05e+03, best_score:  1.05e+03, current lr:  0.0001, 
Epoch 379. train_acc:  62.3, train_loss:  0.0864, data_points:  5.4e+05, total_data_gen_time:  80, train_time:  0.0058, data_load_time:  9.69e-07, best_score:  1.05e+03, current lr:  0.0001, 
Epoch 380. train_acc:  62.3, train_loss:  0.085, data_points:  5.4e+05, total_data_gen_time:  81.2, train_time:  0.00592, data_load_time:  1.01e-06, best_score:  1.05e+03, current lr:  0.0001, 
Epoch 381. train_acc:  62.3, train_loss:  0.0828, data_points:  5.4e+05, total_data_gen_time:  81.5, train_time:  0.00611, data_load_time:  9.16e-07, total_eval_time:  112, test_score:  1.05e+03, best_score:  1.05e+03, current lr:  0.0001, 
Epoch 382. train_acc:  62.4, train_loss:  0.0814, data_points:  5.4e+05, total_data_gen_time:  94.7, train_time:  0.00592, data_load_time:  1.03e-06, best_score:  1.05e+03, current lr:  0.0001, 
Epoch 383. train_acc:  62.4, train_loss:  0.0807, data_points:  5.4e+05, total_data_gen_time:  79, train_time:  0.00702, data_load_time:  1.03e-06, best_score:  1.05e+03, current lr:  0.0001, 
Epoch 384. train_acc:  62.6, train_loss:  0.0795, data_points:  5.4e+05, total_data_gen_time:  79.8, train_time:  0.00688, data_load_time:  9.17e-07, total_eval_time:  110, test_score:  1.04e+03, best_score:  1.05e+03, current lr:  0.0001, 
Epoch 385. train_acc:  62.7, train_loss:  0.0774, data_points:  5.4e+05, total_data_gen_time:  80.8, train_time:  0.00653, data_load_time:  9.15e-07, best_score:  1.05e+03, current lr:  0.0001, 
Epoch 386. train_acc:  62.6, train_loss:  0.0797, data_points:  5.4e+05, total_data_gen_time:  82.4, train_time:  0.00678, data_load_time:  9.75e-07, best_score:  1.05e+03, current lr:  0.0001, 
Epoch 387. train_acc:  62.8, train_loss:  0.0787, data_points:  5.4e+05, total_data_gen_time:  117, train_time:  0.00572, data_load_time:  9.51e-07, total_eval_time:  153, test_score:  1.04e+03, best_score:  1.05e+03, current lr:  0.0001, 
Epoch 388. train_acc:  62.6, train_loss:  0.081, data_points:  5.4e+05, total_data_gen_time:  104, train_time:  0.00552, data_load_time:  9.66e-07, best_score:  1.05e+03, current lr:  0.0001, 
Epoch 389. train_acc:  62.8, train_loss:  0.0799, data_points:  5.4e+05, total_data_gen_time:  78.9, train_time:  0.00578, data_load_time:  8.83e-07, best_score:  1.05e+03, current lr:  0.0001, 
Epoch 390. train_acc:  62.7, train_loss:  0.0812, data_points:  5.4e+05, total_data_gen_time:  82.3, train_time:  0.00552, data_load_time:  7.89e-07, total_eval_time:  103, test_score:  1.04e+03, best_score:  1.05e+03, current lr:  0.0001, 
Epoch 391. train_acc:  62.6, train_loss:  0.0826, data_points:  5.4e+05, total_data_gen_time:  76.9, train_time:  0.00596, data_load_time:  1.01e-06, best_score:  1.05e+03, current lr:  0.0001, 
Epoch 392. train_acc:  62.6, train_loss:  0.0814, data_points:  5.4e+05, total_data_gen_time:  80.3, train_time:  0.00587, data_load_time:  1.02e-06, best_score:  1.05e+03, current lr:  0.0001, 
Epoch 393. train_acc:  62.6, train_loss:  0.0833, data_points:  5.4e+05, total_data_gen_time:  83.3, train_time:  0.00597, data_load_time:  9.29e-07, total_eval_time:  106, test_score:  1.04e+03, best_score:  1.05e+03, current lr:  0.0001, 
Epoch 394. train_acc:  62.7, train_loss:  0.0846, data_points:  5.4e+05, total_data_gen_time:  78.8, train_time:  0.00567, data_load_time:  9.48e-07, best_score:  1.05e+03, current lr:  0.0001, 
Epoch 395. train_acc:  62.6, train_loss:  0.0854, data_points:  5.4e+05, total_data_gen_time:  78.9, train_time:  0.00605, data_load_time:  1.01e-06, best_score:  1.05e+03, current lr:  0.0001, 
Epoch 396. train_acc:  62.7, train_loss:  0.0854, data_points:  5.4e+05, total_data_gen_time:  85, train_time:  0.00525, data_load_time:  8.52e-07, total_eval_time:  112, test_score:  1.02e+03, best_score:  1.05e+03, current lr:  0.0001, 
Epoch 397. train_acc:  62.6, train_loss:  0.0872, data_points:  5.4e+05, total_data_gen_time:  80.7, train_time:  0.00601, data_load_time:  9.46e-07, best_score:  1.05e+03, current lr:  0.0001, 
Epoch 398. train_acc:  62.6, train_loss:  0.0866, data_points:  5.4e+05, total_data_gen_time:  83.1, train_time:  0.00602, data_load_time:  9.39e-07, best_score:  1.05e+03, current lr:  0.0001, 
Epoch 399. train_acc:  62.5, train_loss:  0.0882, data_points:  5.4e+05, total_data_gen_time:  84.7, train_time:  0.00591, data_load_time:  8.88e-07, total_eval_time:  113, test_score:  1.02e+03, best_score:  1.05e+03, current lr:  0.0001, 
Epoch 400. train_acc:  62.4, train_loss:  0.0885, data_points:  5.4e+05, total_data_gen_time:  79.8, train_time:  0.00615, data_load_time:  9.93e-07, best_score:  1.05e+03, current lr:  0.0001, 
Epoch 401. train_acc:  62.3, train_loss:  0.0886, data_points:  5.4e+05, total_data_gen_time:  81, train_time:  0.00578, data_load_time:  8.93e-07, best_score:  1.05e+03, current lr:  0.0001, 
Epoch 402. train_acc:  62.4, train_loss:  0.0909, data_points:  5.4e+05, total_data_gen_time:  79.4, train_time:  0.00609, data_load_time:  9.86e-07, total_eval_time:  113, test_score:  1.02e+03, best_score:  1.05e+03, current lr:  0.0001, 
Epoch 403. train_acc:  62.3, train_loss:  0.0888, data_points:  5.4e+05, total_data_gen_time:  82.8, train_time:  0.00513, data_load_time:  8.69e-07, best_score:  1.05e+03, current lr:  0.0001, 
Epoch 404. train_acc:  62.2, train_loss:  0.0884, data_points:  5.4e+05, total_data_gen_time:  82.5, train_time:  0.00563, data_load_time:  9.77e-07, best_score:  1.05e+03, current lr:  0.0001, 
Epoch 405. train_acc:  62.4, train_loss:  0.0866, data_points:  5.4e+05, total_data_gen_time:  85.5, train_time:  0.00565, data_load_time:  8.92e-07, total_eval_time:  112, test_score:  1.03e+03, best_score:  1.05e+03, current lr:  0.0001, 
Epoch 406. train_acc:  62.6, train_loss:  0.0859, data_points:  5.4e+05, total_data_gen_time:  81.1, train_time:  0.00533, data_load_time:  9.2e-07, best_score:  1.05e+03, current lr:  0.0001, 
Epoch 407. train_acc:  62.6, train_loss:  0.0846, data_points:  5.4e+05, total_data_gen_time:  81.5, train_time:  0.00554, data_load_time:  8.62e-07, best_score:  1.05e+03, current lr:  0.0001, 
Epoch 408. train_acc:  62.6, train_loss:  0.0833, data_points:  5.4e+05, total_data_gen_time:  85.5, train_time:  0.00607, data_load_time:  9.8e-07, total_eval_time:  111, test_score:  1.05e+03, best_score:  1.05e+03, current lr:  0.0001, 
Epoch 409. train_acc:  62.8, train_loss:  0.0826, data_points:  5.4e+05, total_data_gen_time:  82.2, train_time:  0.00559, data_load_time:  8.8e-07, best_score:  1.05e+03, current lr:  0.0001, 