nohup: ignoring input
wandb: Currently logged in as: y4umeng (y4umeng-columbia-university) to https://api.wandb.ai. Use `wandb login --relogin` to force relogin
wandb: Using wandb-core as the SDK backend.  Please refer to https://wandb.me/wandb-core for more information.
wandb: Tracking run with wandb version 0.19.6
wandb: Run data is saved locally in /home/yw3809/Projects/policy_distillation/src/wandb/run-20250302_163301-ofs4pj6z
wandb: Run `wandb offline` to turn off syncing.
wandb: Syncing run policy_distillation_small_dqn/dqn_dqn4_da_001_3
wandb: ⭐️ View project at https://wandb.ai/y4umeng-columbia-university/policy_distillation_small_dqn
wandb: 🚀 View run at https://wandb.ai/y4umeng-columbia-university/policy_distillation_small_dqn/runs/ofs4pj6z
A.L.E: Arcade Learning Environment (version 0.10.1+unknown)
[Powered by Stella]
[36m[INFO] CONFIG:
DA:
  EPOCHS: 1
  LR: 0.001
  PROB: 0.3
DATA:
  EXPLORATION_RATE: 0.05
  INCREMENT_SIZE: 54000
  MAX_CAPACITY: 540000
DISTILLER:
  ENV: BreakoutNoFrameskip-v4
  STUDENT: dqn4
  TEACHER: dqn
  TYPE: DA
EXPERIMENT:
  DEVICE: cuda
  NAME: dqn_dqn4_da_001_3
  PROJECT: policy_distillation_small_dqn
  TAG: breakout, dqn, DA
LOG:
  BAR: false
  EVAL_EPISODES: 10
  EVAL_FREQ: 10
  PREFIX: ./output
  SAVE_CHECKPOINT_FREQ: 100
  WANDB: true
SOLVER:
  BATCH_SIZE: 32
  EPOCHS: 500
  LR: 0.0001
  LR_DECAY_RATE: 0.1
  LR_DECAY_STAGES: []
  MOMENTUM: 0.9
  SOFTMAX_TEMP: 0.01
  TRAINER: base
  TYPE: SGD
  WEIGHT_DECAY: 0.0001
[0m
Epoch 1. train_acc:  54.6, train_loss:  0.912, data_points:  5.4e+04, total_data_gen_time:  40.9, train_time:  0.00144, data_load_time:  2.73e-07, total_eval_time:  0.681, test_score:  0, best_score:  0, current lr:  0.0001, 
Epoch 2. train_acc:  54.9, train_loss:  0.816, data_points:  1.08e+05, total_data_gen_time:  41.1, train_time:  0.0014, data_load_time:  2.73e-07, best_score:  0, current lr:  0.0001, 
Epoch 3. train_acc:  55.6, train_loss:  0.802, data_points:  1.62e+05, total_data_gen_time:  41.3, train_time:  0.00134, data_load_time:  2.89e-07, best_score:  0, current lr:  0.0001, 
Epoch 4. train_acc:  56.4, train_loss:  0.789, data_points:  2.16e+05, total_data_gen_time:  41.3, train_time:  0.00136, data_load_time:  2.81e-07, best_score:  0, current lr:  0.0001, 
Epoch 5. train_acc:  57.5, train_loss:  0.767, data_points:  2.7e+05, total_data_gen_time:  41.1, train_time:  0.00134, data_load_time:  2.68e-07, best_score:  0, current lr:  0.0001, 
Epoch 6. train_acc:  58.5, train_loss:  0.751, data_points:  3.24e+05, total_data_gen_time:  40.6, train_time:  0.00137, data_load_time:  2.84e-07, best_score:  0, current lr:  0.0001, 
Epoch 7. train_acc:  59.2, train_loss:  0.736, data_points:  3.78e+05, total_data_gen_time:  40.8, train_time:  0.00128, data_load_time:  2.84e-07, best_score:  0, current lr:  0.0001, 
Epoch 8. train_acc:  60.3, train_loss:  0.717, data_points:  4.32e+05, total_data_gen_time:  40.3, train_time:  0.00136, data_load_time:  2.97e-07, best_score:  0, current lr:  0.0001, 
Epoch 9. train_acc:  61.1, train_loss:  0.696, data_points:  4.86e+05, total_data_gen_time:  41.5, train_time:  0.00133, data_load_time:  2.75e-07, best_score:  0, current lr:  0.0001, 
Epoch 10. train_acc:  61.6, train_loss:  0.677, data_points:  5.4e+05, total_data_gen_time:  39.5, train_time:  0.0013, data_load_time:  2.8e-07, total_eval_time:  0.664, test_score:  0, best_score:  0, current lr:  0.0001, 
Epoch 11. train_acc:  62.2, train_loss:  0.66, data_points:  5.4e+05, total_data_gen_time:  35.8, train_time:  0.00128, data_load_time:  2.84e-07, best_score:  0, current lr:  0.0001, 
Epoch 12. train_acc:  63, train_loss:  0.64, data_points:  5.4e+05, total_data_gen_time:  35.9, train_time:  0.0013, data_load_time:  2.82e-07, best_score:  0, current lr:  0.0001, 
Epoch 13. train_acc:  63.6, train_loss:  0.625, data_points:  5.4e+05, total_data_gen_time:  35.8, train_time:  0.00129, data_load_time:  2.82e-07, best_score:  0, current lr:  0.0001, 
Epoch 14. train_acc:  64.4, train_loss:  0.608, data_points:  5.4e+05, total_data_gen_time:  35.1, train_time:  0.00119, data_load_time:  2.79e-07, best_score:  0, current lr:  0.0001, 
Epoch 15. train_acc:  65.2, train_loss:  0.589, data_points:  5.4e+05, total_data_gen_time:  31.8, train_time:  0.00115, data_load_time:  2.81e-07, best_score:  0, current lr:  0.0001, 
Epoch 16. train_acc:  65.8, train_loss:  0.577, data_points:  5.4e+05, total_data_gen_time:  32.1, train_time:  0.00114, data_load_time:  2.53e-07, best_score:  0, current lr:  0.0001, 
Epoch 17. train_acc:  66.4, train_loss:  0.563, data_points:  5.4e+05, total_data_gen_time:  32.8, train_time:  0.00121, data_load_time:  2.81e-07, best_score:  0, current lr:  0.0001, 
Epoch 18. train_acc:  67.2, train_loss:  0.547, data_points:  5.4e+05, total_data_gen_time:  32.5, train_time:  0.00126, data_load_time:  2.91e-07, best_score:  0, current lr:  0.0001, 
Epoch 19. train_acc:  67.6, train_loss:  0.538, data_points:  5.4e+05, total_data_gen_time:  34.6, train_time:  0.00132, data_load_time:  2.88e-07, best_score:  0, current lr:  0.0001, 
Epoch 20. train_acc:  68.4, train_loss:  0.525, data_points:  5.4e+05, total_data_gen_time:  33.7, train_time:  0.00114, data_load_time:  2.73e-07, total_eval_time:  2.3, test_score:  98, best_score:  98, current lr:  0.0001, 
Epoch 21. train_acc:  68.9, train_loss:  0.512, data_points:  5.4e+05, total_data_gen_time:  32.2, train_time:  0.00116, data_load_time:  2.7e-07, best_score:  98, current lr:  0.0001, 
Epoch 22. train_acc:  69.4, train_loss:  0.501, data_points:  5.4e+05, total_data_gen_time:  32.6, train_time:  0.00119, data_load_time:  2.73e-07, best_score:  98, current lr:  0.0001, 
Epoch 23. train_acc:  70, train_loss:  0.491, data_points:  5.4e+05, total_data_gen_time:  32.9, train_time:  0.00119, data_load_time:  2.81e-07, best_score:  98, current lr:  0.0001, 
Epoch 24. train_acc:  70.3, train_loss:  0.486, data_points:  5.4e+05, total_data_gen_time:  33.1, train_time:  0.00121, data_load_time:  2.84e-07, best_score:  98, current lr:  0.0001, 
Epoch 25. train_acc:  70.6, train_loss:  0.48, data_points:  5.4e+05, total_data_gen_time:  32.9, train_time:  0.00118, data_load_time:  2.58e-07, best_score:  98, current lr:  0.0001, 
Epoch 26. train_acc:  71.2, train_loss:  0.469, data_points:  5.4e+05, total_data_gen_time:  31.9, train_time:  0.00121, data_load_time:  2.7e-07, best_score:  98, current lr:  0.0001, 
Epoch 27. train_acc:  71.7, train_loss:  0.459, data_points:  5.4e+05, total_data_gen_time:  32.7, train_time:  0.00116, data_load_time:  2.75e-07, best_score:  98, current lr:  0.0001, 
Epoch 28. train_acc:  71.8, train_loss:  0.457, data_points:  5.4e+05, total_data_gen_time:  32.5, train_time:  0.00117, data_load_time:  2.66e-07, best_score:  98, current lr:  0.0001, 
Epoch 29. train_acc:  72.1, train_loss:  0.45, data_points:  5.4e+05, total_data_gen_time:  31.8, train_time:  0.00117, data_load_time:  2.65e-07, best_score:  98, current lr:  0.0001, 
Epoch 30. train_acc:  72.2, train_loss:  0.449, data_points:  5.4e+05, total_data_gen_time:  32.4, train_time:  0.00122, data_load_time:  2.61e-07, total_eval_time:  128, test_score:  236, best_score:  236, current lr:  0.0001, 
Epoch 31. train_acc:  72.5, train_loss:  0.444, data_points:  5.4e+05, total_data_gen_time:  32, train_time:  0.00119, data_load_time:  2.7e-07, best_score:  236, current lr:  0.0001, 
Epoch 32. train_acc:  72.7, train_loss:  0.439, data_points:  5.4e+05, total_data_gen_time:  32, train_time:  0.0012, data_load_time:  2.88e-07, best_score:  236, current lr:  0.0001, 
Epoch 33. train_acc:  72.9, train_loss:  0.433, data_points:  5.4e+05, total_data_gen_time:  32.5, train_time:  0.00116, data_load_time:  2.79e-07, best_score:  236, current lr:  0.0001, 
Epoch 34. train_acc:  73.2, train_loss:  0.426, data_points:  5.4e+05, total_data_gen_time:  32.2, train_time:  0.00121, data_load_time:  2.82e-07, best_score:  236, current lr:  0.0001, 
Epoch 35. train_acc:  73.3, train_loss:  0.426, data_points:  5.4e+05, total_data_gen_time:  31.8, train_time:  0.0012, data_load_time:  2.71e-07, best_score:  236, current lr:  0.0001, 
Epoch 36. train_acc:  73.5, train_loss:  0.421, data_points:  5.4e+05, total_data_gen_time:  32.2, train_time:  0.00121, data_load_time:  2.79e-07, best_score:  236, current lr:  0.0001, 
Epoch 37. train_acc:  73.6, train_loss:  0.42, data_points:  5.4e+05, total_data_gen_time:  31.8, train_time:  0.00122, data_load_time:  2.72e-07, best_score:  236, current lr:  0.0001, 
Epoch 38. train_acc:  73.7, train_loss:  0.416, data_points:  5.4e+05, total_data_gen_time:  31.9, train_time:  0.00117, data_load_time:  2.75e-07, best_score:  236, current lr:  0.0001, 
Epoch 39. train_acc:  73.9, train_loss:  0.413, data_points:  5.4e+05, total_data_gen_time:  32, train_time:  0.00128, data_load_time:  2.68e-07, best_score:  236, current lr:  0.0001, 
Epoch 40. train_acc:  74.3, train_loss:  0.406, data_points:  5.4e+05, total_data_gen_time:  32, train_time:  0.0012, data_load_time:  2.78e-07, total_eval_time:  77.6, test_score:  116, best_score:  236, current lr:  0.0001, 
Epoch 41. train_acc:  74.4, train_loss:  0.403, data_points:  5.4e+05, total_data_gen_time:  31.7, train_time:  0.0012, data_load_time:  2.81e-07, best_score:  236, current lr:  0.0001, 
Epoch 42. train_acc:  74.6, train_loss:  0.402, data_points:  5.4e+05, total_data_gen_time:  31.7, train_time:  0.00119, data_load_time:  2.77e-07, best_score:  236, current lr:  0.0001, 
Epoch 43. train_acc:  74.8, train_loss:  0.4, data_points:  5.4e+05, total_data_gen_time:  32.2, train_time:  0.00118, data_load_time:  2.77e-07, best_score:  236, current lr:  0.0001, 
Epoch 44. train_acc:  74.9, train_loss:  0.398, data_points:  5.4e+05, total_data_gen_time:  32.1, train_time:  0.00119, data_load_time:  2.74e-07, best_score:  236, current lr:  0.0001, 
Epoch 45. train_acc:  75, train_loss:  0.398, data_points:  5.4e+05, total_data_gen_time:  32.4, train_time:  0.00119, data_load_time:  2.77e-07, best_score:  236, current lr:  0.0001, 
Epoch 46. train_acc:  75.1, train_loss:  0.394, data_points:  5.4e+05, total_data_gen_time:  31.8, train_time:  0.00124, data_load_time:  2.74e-07, best_score:  236, current lr:  0.0001, 
Epoch 47. train_acc:  75.2, train_loss:  0.394, data_points:  5.4e+05, total_data_gen_time:  32, train_time:  0.00124, data_load_time:  2.84e-07, best_score:  236, current lr:  0.0001, 
Epoch 48. train_acc:  75.3, train_loss:  0.39, data_points:  5.4e+05, total_data_gen_time:  32.1, train_time:  0.00118, data_load_time:  2.8e-07, best_score:  236, current lr:  0.0001, 
Epoch 49. train_acc:  75.4, train_loss:  0.39, data_points:  5.4e+05, total_data_gen_time:  31.8, train_time:  0.00117, data_load_time:  2.7e-07, best_score:  236, current lr:  0.0001, 
Epoch 50. train_acc:  75.6, train_loss:  0.388, data_points:  5.4e+05, total_data_gen_time:  31.9, train_time:  0.00117, data_load_time:  2.65e-07, total_eval_time:  93.8, test_score:  406, best_score:  406, current lr:  0.0001, 
Epoch 51. train_acc:  75.7, train_loss:  0.385, data_points:  5.4e+05, total_data_gen_time:  32.1, train_time:  0.00116, data_load_time:  2.47e-07, best_score:  406, current lr:  0.0001, 
Epoch 52. train_acc:  75.7, train_loss:  0.381, data_points:  5.4e+05, total_data_gen_time:  31.8, train_time:  0.00118, data_load_time:  2.72e-07, best_score:  406, current lr:  0.0001, 
Epoch 53. train_acc:  75.7, train_loss:  0.381, data_points:  5.4e+05, total_data_gen_time:  32, train_time:  0.00119, data_load_time:  2.69e-07, best_score:  406, current lr:  0.0001, 
Epoch 54. train_acc:  75.7, train_loss:  0.383, data_points:  5.4e+05, total_data_gen_time:  32.7, train_time:  0.00118, data_load_time:  2.74e-07, best_score:  406, current lr:  0.0001, 
Epoch 55. train_acc:  75.9, train_loss:  0.378, data_points:  5.4e+05, total_data_gen_time:  32.1, train_time:  0.00122, data_load_time:  2.77e-07, best_score:  406, current lr:  0.0001, 
Epoch 56. train_acc:  75.9, train_loss:  0.377, data_points:  5.4e+05, total_data_gen_time:  32.3, train_time:  0.00122, data_load_time:  2.8e-07, best_score:  406, current lr:  0.0001, 
Epoch 57. train_acc:  75.9, train_loss:  0.376, data_points:  5.4e+05, total_data_gen_time:  32.5, train_time:  0.00119, data_load_time:  2.67e-07, best_score:  406, current lr:  0.0001, 
Epoch 58. train_acc:  75.8, train_loss:  0.378, data_points:  5.4e+05, total_data_gen_time:  31.9, train_time:  0.0012, data_load_time:  2.77e-07, best_score:  406, current lr:  0.0001, 
Epoch 59. train_acc:  75.9, train_loss:  0.376, data_points:  5.4e+05, total_data_gen_time:  31.9, train_time:  0.0012, data_load_time:  2.64e-07, best_score:  406, current lr:  0.0001, 
Epoch 60. train_acc:  75.9, train_loss:  0.375, data_points:  5.4e+05, total_data_gen_time:  32.2, train_time:  0.00117, data_load_time:  2.76e-07, total_eval_time:  117, test_score:  244, best_score:  406, current lr:  0.0001, 
Epoch 61. train_acc:  75.8, train_loss:  0.375, data_points:  5.4e+05, total_data_gen_time:  31.9, train_time:  0.00129, data_load_time:  2.95e-07, best_score:  406, current lr:  0.0001, 
Epoch 62. train_acc:  75.8, train_loss:  0.377, data_points:  5.4e+05, total_data_gen_time:  32.4, train_time:  0.00124, data_load_time:  2.81e-07, best_score:  406, current lr:  0.0001, 
Epoch 63. train_acc:  75.9, train_loss:  0.374, data_points:  5.4e+05, total_data_gen_time:  32.5, train_time:  0.00118, data_load_time:  2.88e-07, best_score:  406, current lr:  0.0001, 
Epoch 64. train_acc:  76, train_loss:  0.373, data_points:  5.4e+05, total_data_gen_time:  31.9, train_time:  0.00123, data_load_time:  2.86e-07, best_score:  406, current lr:  0.0001, 
Epoch 65. train_acc:  76, train_loss:  0.372, data_points:  5.4e+05, total_data_gen_time:  31.8, train_time:  0.00123, data_load_time:  2.79e-07, best_score:  406, current lr:  0.0001, 
Epoch 66. train_acc:  76.1, train_loss:  0.372, data_points:  5.4e+05, total_data_gen_time:  32.3, train_time:  0.00118, data_load_time:  2.77e-07, best_score:  406, current lr:  0.0001, 
Epoch 67. train_acc:  76.3, train_loss:  0.368, data_points:  5.4e+05, total_data_gen_time:  32.5, train_time:  0.00117, data_load_time:  2.79e-07, best_score:  406, current lr:  0.0001, 
Epoch 68. train_acc:  76.5, train_loss:  0.366, data_points:  5.4e+05, total_data_gen_time:  31.7, train_time:  0.00119, data_load_time:  2.75e-07, best_score:  406, current lr:  0.0001, 
Epoch 69. train_acc:  76.5, train_loss:  0.364, data_points:  5.4e+05, total_data_gen_time:  32.2, train_time:  0.00119, data_load_time:  2.77e-07, best_score:  406, current lr:  0.0001, 
Epoch 70. train_acc:  76.4, train_loss:  0.364, data_points:  5.4e+05, total_data_gen_time:  31.7, train_time:  0.00121, data_load_time:  2.77e-07, total_eval_time:  130, test_score:  340, best_score:  406, current lr:  0.0001, 
Epoch 71. train_acc:  76.4, train_loss:  0.365, data_points:  5.4e+05, total_data_gen_time:  31.7, train_time:  0.00118, data_load_time:  2.84e-07, best_score:  406, current lr:  0.0001, 
Epoch 72. train_acc:  76.4, train_loss:  0.363, data_points:  5.4e+05, total_data_gen_time:  32, train_time:  0.00118, data_load_time:  2.75e-07, best_score:  406, current lr:  0.0001, 
Epoch 73. train_acc:  76.3, train_loss:  0.365, data_points:  5.4e+05, total_data_gen_time:  31.8, train_time:  0.0012, data_load_time:  2.75e-07, best_score:  406, current lr:  0.0001, 
Epoch 74. train_acc:  76.3, train_loss:  0.366, data_points:  5.4e+05, total_data_gen_time:  31.7, train_time:  0.00122, data_load_time:  2.8e-07, best_score:  406, current lr:  0.0001, 
Epoch 75. train_acc:  76.5, train_loss:  0.364, data_points:  5.4e+05, total_data_gen_time:  32.1, train_time:  0.00115, data_load_time:  2.71e-07, best_score:  406, current lr:  0.0001, 
Epoch 76. train_acc:  76.5, train_loss:  0.365, data_points:  5.4e+05, total_data_gen_time:  31.7, train_time:  0.00122, data_load_time:  2.84e-07, best_score:  406, current lr:  0.0001, 
Epoch 77. train_acc:  76.1, train_loss:  0.37, data_points:  5.4e+05, total_data_gen_time:  31.6, train_time:  0.00121, data_load_time:  2.78e-07, best_score:  406, current lr:  0.0001, 
Epoch 78. train_acc:  76.1, train_loss:  0.371, data_points:  5.4e+05, total_data_gen_time:  32.5, train_time:  0.0012, data_load_time:  2.82e-07, best_score:  406, current lr:  0.0001, 
Epoch 79. train_acc:  76.3, train_loss:  0.368, data_points:  5.4e+05, total_data_gen_time:  31.6, train_time:  0.00116, data_load_time:  2.79e-07, best_score:  406, current lr:  0.0001, 
Epoch 80. train_acc:  76.3, train_loss:  0.369, data_points:  5.4e+05, total_data_gen_time:  31.7, train_time:  0.00121, data_load_time:  2.81e-07, total_eval_time:  130, test_score:  1.51e+03, best_score:  1.51e+03, current lr:  0.0001, 
Epoch 81. train_acc:  76.4, train_loss:  0.367, data_points:  5.4e+05, total_data_gen_time:  32.5, train_time:  0.0012, data_load_time:  2.71e-07, best_score:  1.51e+03, current lr:  0.0001, 
Epoch 82. train_acc:  76.5, train_loss:  0.365, data_points:  5.4e+05, total_data_gen_time:  31.9, train_time:  0.0012, data_load_time:  2.65e-07, best_score:  1.51e+03, current lr:  0.0001, 
Epoch 83. train_acc:  76.7, train_loss:  0.362, data_points:  5.4e+05, total_data_gen_time:  31.8, train_time:  0.00122, data_load_time:  2.63e-07, best_score:  1.51e+03, current lr:  0.0001, 
Epoch 84. train_acc:  76.7, train_loss:  0.36, data_points:  5.4e+05, total_data_gen_time:  32.3, train_time:  0.00122, data_load_time:  2.78e-07, best_score:  1.51e+03, current lr:  0.0001, 
Epoch 85. train_acc:  76.8, train_loss:  0.36, data_points:  5.4e+05, total_data_gen_time:  31.9, train_time:  0.00116, data_load_time:  2.66e-07, best_score:  1.51e+03, current lr:  0.0001, 
Epoch 86. train_acc:  76.8, train_loss:  0.358, data_points:  5.4e+05, total_data_gen_time:  31.8, train_time:  0.00121, data_load_time:  2.78e-07, best_score:  1.51e+03, current lr:  0.0001, 
Epoch 87. train_acc:  77, train_loss:  0.354, data_points:  5.4e+05, total_data_gen_time:  32.2, train_time:  0.00117, data_load_time:  2.76e-07, best_score:  1.51e+03, current lr:  0.0001, 
Epoch 88. train_acc:  77.1, train_loss:  0.353, data_points:  5.4e+05, total_data_gen_time:  31.8, train_time:  0.00118, data_load_time:  2.74e-07, best_score:  1.51e+03, current lr:  0.0001, 
Epoch 89. train_acc:  77.1, train_loss:  0.353, data_points:  5.4e+05, total_data_gen_time:  32.1, train_time:  0.00122, data_load_time:  2.71e-07, best_score:  1.51e+03, current lr:  0.0001, 
Epoch 90. train_acc:  77.2, train_loss:  0.352, data_points:  5.4e+05, total_data_gen_time:  32, train_time:  0.0012, data_load_time:  2.81e-07, total_eval_time:  104, test_score:  1.76e+03, best_score:  1.76e+03, current lr:  0.0001, 
Epoch 91. train_acc:  77.1, train_loss:  0.353, data_points:  5.4e+05, total_data_gen_time:  31.5, train_time:  0.00119, data_load_time:  2.77e-07, best_score:  1.76e+03, current lr:  0.0001, 
Epoch 92. train_acc:  77, train_loss:  0.354, data_points:  5.4e+05, total_data_gen_time:  31.6, train_time:  0.00116, data_load_time:  2.73e-07, best_score:  1.76e+03, current lr:  0.0001, 
Epoch 93. train_acc:  77, train_loss:  0.356, data_points:  5.4e+05, total_data_gen_time:  32.1, train_time:  0.00119, data_load_time:  2.77e-07, best_score:  1.76e+03, current lr:  0.0001, 
Epoch 94. train_acc:  76.9, train_loss:  0.358, data_points:  5.4e+05, total_data_gen_time:  31.7, train_time:  0.0012, data_load_time:  2.86e-07, best_score:  1.76e+03, current lr:  0.0001, 
Epoch 95. train_acc:  76.8, train_loss:  0.358, data_points:  5.4e+05, total_data_gen_time:  31.7, train_time:  0.00121, data_load_time:  2.86e-07, best_score:  1.76e+03, current lr:  0.0001, 
Epoch 96. train_acc:  76.8, train_loss:  0.359, data_points:  5.4e+05, total_data_gen_time:  32.1, train_time:  0.00117, data_load_time:  2.77e-07, best_score:  1.76e+03, current lr:  0.0001, 
Epoch 97. train_acc:  76.7, train_loss:  0.36, data_points:  5.4e+05, total_data_gen_time:  31.7, train_time:  0.00116, data_load_time:  2.8e-07, best_score:  1.76e+03, current lr:  0.0001, 
Epoch 98. train_acc:  76.7, train_loss:  0.36, data_points:  5.4e+05, total_data_gen_time:  31.5, train_time:  0.00116, data_load_time:  2.78e-07, best_score:  1.76e+03, current lr:  0.0001, 
Epoch 99. train_acc:  76.6, train_loss:  0.362, data_points:  5.4e+05, total_data_gen_time:  32, train_time:  0.00115, data_load_time:  2.76e-07, best_score:  1.76e+03, current lr:  0.0001, 
Epoch 100. train_acc:  76.6, train_loss:  0.362, data_points:  5.4e+05, total_data_gen_time:  31.9, train_time:  0.00119, data_load_time:  2.67e-07, total_eval_time:  129, test_score:  307, best_score:  1.76e+03, current lr:  0.0001, 
Epoch 101. train_acc:  76.8, train_loss:  0.357, data_points:  5.4e+05, total_data_gen_time:  31.6, train_time:  0.00121, data_load_time:  2.75e-07, best_score:  1.76e+03, current lr:  0.0001, 
Epoch 102. train_acc:  76.9, train_loss:  0.355, data_points:  5.4e+05, total_data_gen_time:  31.9, train_time:  0.00119, data_load_time:  2.66e-07, best_score:  1.76e+03, current lr:  0.0001, 
Epoch 103. train_acc:  77.1, train_loss:  0.352, data_points:  5.4e+05, total_data_gen_time:  31.5, train_time:  0.00121, data_load_time:  2.76e-07, best_score:  1.76e+03, current lr:  0.0001, 
Epoch 104. train_acc:  77.1, train_loss:  0.351, data_points:  5.4e+05, total_data_gen_time:  31.8, train_time:  0.00117, data_load_time:  2.74e-07, best_score:  1.76e+03, current lr:  0.0001, 
Epoch 105. train_acc:  77.1, train_loss:  0.351, data_points:  5.4e+05, total_data_gen_time:  32.6, train_time:  0.00119, data_load_time:  2.72e-07, best_score:  1.76e+03, current lr:  0.0001, 
Epoch 106. train_acc:  77.1, train_loss:  0.35, data_points:  5.4e+05, total_data_gen_time:  31.8, train_time:  0.00114, data_load_time:  2.75e-07, best_score:  1.76e+03, current lr:  0.0001, 
Epoch 107. train_acc:  77.1, train_loss:  0.35, data_points:  5.4e+05, total_data_gen_time:  31.6, train_time:  0.00116, data_load_time:  2.59e-07, best_score:  1.76e+03, current lr:  0.0001, 
Epoch 108. train_acc:  77, train_loss:  0.351, data_points:  5.4e+05, total_data_gen_time:  32, train_time:  0.00118, data_load_time:  2.69e-07, best_score:  1.76e+03, current lr:  0.0001, 
Epoch 109. train_acc:  77.2, train_loss:  0.348, data_points:  5.4e+05, total_data_gen_time:  31.8, train_time:  0.00122, data_load_time:  2.81e-07, best_score:  1.76e+03, current lr:  0.0001, 
Epoch 110. train_acc:  77.2, train_loss:  0.347, data_points:  5.4e+05, total_data_gen_time:  31.8, train_time:  0.00116, data_load_time:  2.76e-07, total_eval_time:  135, test_score:  1.33e+03, best_score:  1.76e+03, current lr:  0.0001, 
Epoch 111. train_acc:  77.1, train_loss:  0.35, data_points:  5.4e+05, total_data_gen_time:  32.7, train_time:  0.00118, data_load_time:  2.82e-07, best_score:  1.76e+03, current lr:  0.0001, 
Epoch 112. train_acc:  77.2, train_loss:  0.349, data_points:  5.4e+05, total_data_gen_time:  31.8, train_time:  0.00119, data_load_time:  2.76e-07, best_score:  1.76e+03, current lr:  0.0001, 
Epoch 113. train_acc:  77.1, train_loss:  0.351, data_points:  5.4e+05, total_data_gen_time:  31.7, train_time:  0.00121, data_load_time:  2.75e-07, best_score:  1.76e+03, current lr:  0.0001, 
Epoch 114. train_acc:  77, train_loss:  0.352, data_points:  5.4e+05, total_data_gen_time:  32.2, train_time:  0.00122, data_load_time:  2.6e-07, best_score:  1.76e+03, current lr:  0.0001, 
Epoch 115. train_acc:  77.2, train_loss:  0.349, data_points:  5.4e+05, total_data_gen_time:  31.8, train_time:  0.00119, data_load_time:  2.75e-07, best_score:  1.76e+03, current lr:  0.0001, 
Epoch 116. train_acc:  77.1, train_loss:  0.349, data_points:  5.4e+05, total_data_gen_time:  31.6, train_time:  0.00116, data_load_time:  2.66e-07, best_score:  1.76e+03, current lr:  0.0001, 
Epoch 117. train_acc:  77.1, train_loss:  0.351, data_points:  5.4e+05, total_data_gen_time:  32.1, train_time:  0.00118, data_load_time:  2.74e-07, best_score:  1.76e+03, current lr:  0.0001, 
Epoch 118. train_acc:  76.9, train_loss:  0.354, data_points:  5.4e+05, total_data_gen_time:  31.5, train_time:  0.00118, data_load_time:  2.76e-07, best_score:  1.76e+03, current lr:  0.0001, 
Epoch 119. train_acc:  77, train_loss:  0.351, data_points:  5.4e+05, total_data_gen_time:  31.8, train_time:  0.00115, data_load_time:  2.67e-07, best_score:  1.76e+03, current lr:  0.0001, 
Epoch 120. train_acc:  77.1, train_loss:  0.35, data_points:  5.4e+05, total_data_gen_time:  32.1, train_time:  0.00121, data_load_time:  2.74e-07, total_eval_time:  129, test_score:  179, best_score:  1.76e+03, current lr:  0.0001, 
Epoch 121. train_acc:  77.1, train_loss:  0.35, data_points:  5.4e+05, total_data_gen_time:  31.6, train_time:  0.00115, data_load_time:  2.82e-07, best_score:  1.76e+03, current lr:  0.0001, 
Epoch 122. train_acc:  77, train_loss:  0.351, data_points:  5.4e+05, total_data_gen_time:  32, train_time:  0.00115, data_load_time:  2.79e-07, best_score:  1.76e+03, current lr:  0.0001, 
Epoch 123. train_acc:  77.1, train_loss:  0.351, data_points:  5.4e+05, total_data_gen_time:  32, train_time:  0.00118, data_load_time:  2.76e-07, best_score:  1.76e+03, current lr:  0.0001, 
Epoch 124. train_acc:  77, train_loss:  0.352, data_points:  5.4e+05, total_data_gen_time:  31.6, train_time:  0.00117, data_load_time:  2.75e-07, best_score:  1.76e+03, current lr:  0.0001, 
Epoch 125. train_acc:  77, train_loss:  0.352, data_points:  5.4e+05, total_data_gen_time:  31.6, train_time:  0.00118, data_load_time:  2.79e-07, best_score:  1.76e+03, current lr:  0.0001, 
Epoch 126. train_acc:  77, train_loss:  0.354, data_points:  5.4e+05, total_data_gen_time:  32.2, train_time:  0.00121, data_load_time:  2.75e-07, best_score:  1.76e+03, current lr:  0.0001, 
Epoch 127. train_acc:  77, train_loss:  0.353, data_points:  5.4e+05, total_data_gen_time:  31.7, train_time:  0.0012, data_load_time:  2.8e-07, best_score:  1.76e+03, current lr:  0.0001, 
Epoch 128. train_acc:  77.3, train_loss:  0.348, data_points:  5.4e+05, total_data_gen_time:  31.6, train_time:  0.0012, data_load_time:  2.71e-07, best_score:  1.76e+03, current lr:  0.0001, 
Epoch 129. train_acc:  77.2, train_loss:  0.349, data_points:  5.4e+05, total_data_gen_time:  32.1, train_time:  0.00119, data_load_time:  2.66e-07, best_score:  1.76e+03, current lr:  0.0001, 
Epoch 130. train_acc:  77.2, train_loss:  0.351, data_points:  5.4e+05, total_data_gen_time:  31.8, train_time:  0.00121, data_load_time:  2.73e-07, total_eval_time:  131, test_score:  443, best_score:  1.76e+03, current lr:  0.0001, 
Epoch 131. train_acc:  77.3, train_loss:  0.349, data_points:  5.4e+05, total_data_gen_time:  32.2, train_time:  0.0012, data_load_time:  2.79e-07, best_score:  1.76e+03, current lr:  0.0001, 
Epoch 132. train_acc:  77.3, train_loss:  0.35, data_points:  5.4e+05, total_data_gen_time:  32.2, train_time:  0.00121, data_load_time:  2.75e-07, best_score:  1.76e+03, current lr:  0.0001, 
Epoch 133. train_acc:  77.3, train_loss:  0.349, data_points:  5.4e+05, total_data_gen_time:  32, train_time:  0.00122, data_load_time:  2.68e-07, best_score:  1.76e+03, current lr:  0.0001, 
Epoch 134. train_acc:  77.4, train_loss:  0.348, data_points:  5.4e+05, total_data_gen_time:  31.8, train_time:  0.0012, data_load_time:  2.7e-07, best_score:  1.76e+03, current lr:  0.0001, 
Epoch 135. train_acc:  77.3, train_loss:  0.349, data_points:  5.4e+05, total_data_gen_time:  32.3, train_time:  0.00118, data_load_time:  2.68e-07, best_score:  1.76e+03, current lr:  0.0001, 
Epoch 136. train_acc:  77.5, train_loss:  0.344, data_points:  5.4e+05, total_data_gen_time:  31.7, train_time:  0.00118, data_load_time:  2.67e-07, best_score:  1.76e+03, current lr:  0.0001, 
Epoch 137. train_acc:  77.5, train_loss:  0.344, data_points:  5.4e+05, total_data_gen_time:  31.8, train_time:  0.00117, data_load_time:  2.73e-07, best_score:  1.76e+03, current lr:  0.0001, 
Epoch 138. train_acc:  77.3, train_loss:  0.347, data_points:  5.4e+05, total_data_gen_time:  32.1, train_time:  0.00117, data_load_time:  2.77e-07, best_score:  1.76e+03, current lr:  0.0001, 
Epoch 139. train_acc:  77.2, train_loss:  0.348, data_points:  5.4e+05, total_data_gen_time:  31.7, train_time:  0.00118, data_load_time:  2.73e-07, best_score:  1.76e+03, current lr:  0.0001, 
Epoch 140. train_acc:  77.3, train_loss:  0.347, data_points:  5.4e+05, total_data_gen_time:  31.7, train_time:  0.00117, data_load_time:  2.73e-07, total_eval_time:  131, test_score:  375, best_score:  1.76e+03, current lr:  0.0001, 
Epoch 141. train_acc:  77.3, train_loss:  0.347, data_points:  5.4e+05, total_data_gen_time:  32.3, train_time:  0.00121, data_load_time:  2.76e-07, best_score:  1.76e+03, current lr:  0.0001, 
Epoch 142. train_acc:  77.3, train_loss:  0.345, data_points:  5.4e+05, total_data_gen_time:  31.8, train_time:  0.00121, data_load_time:  2.73e-07, best_score:  1.76e+03, current lr:  0.0001, 
Epoch 143. train_acc:  77.3, train_loss:  0.345, data_points:  5.4e+05, total_data_gen_time:  31.8, train_time:  0.0012, data_load_time:  2.71e-07, best_score:  1.76e+03, current lr:  0.0001, 
Epoch 144. train_acc:  77.4, train_loss:  0.343, data_points:  5.4e+05, total_data_gen_time:  32.5, train_time:  0.0012, data_load_time:  2.73e-07, best_score:  1.76e+03, current lr:  0.0001, 
Epoch 145. train_acc:  77.3, train_loss:  0.345, data_points:  5.4e+05, total_data_gen_time:  31.6, train_time:  0.00122, data_load_time:  2.71e-07, best_score:  1.76e+03, current lr:  0.0001, 
Epoch 146. train_acc:  77, train_loss:  0.349, data_points:  5.4e+05, total_data_gen_time:  31.7, train_time:  0.00119, data_load_time:  2.66e-07, best_score:  1.76e+03, current lr:  0.0001, 
Epoch 147. train_acc:  77.1, train_loss:  0.348, data_points:  5.4e+05, total_data_gen_time:  32, train_time:  0.00118, data_load_time:  2.67e-07, best_score:  1.76e+03, current lr:  0.0001, 
Epoch 148. train_acc:  77.3, train_loss:  0.344, data_points:  5.4e+05, total_data_gen_time:  31.7, train_time:  0.00116, data_load_time:  2.74e-07, best_score:  1.76e+03, current lr:  0.0001, 
Epoch 149. train_acc:  77.5, train_loss:  0.34, data_points:  5.4e+05, total_data_gen_time:  31.6, train_time:  0.00118, data_load_time:  2.77e-07, best_score:  1.76e+03, current lr:  0.0001, 
Epoch 150. train_acc:  77.5, train_loss:  0.339, data_points:  5.4e+05, total_data_gen_time:  32.3, train_time:  0.00116, data_load_time:  2.7e-07, total_eval_time:  81.1, test_score:  3.5e+03, best_score:  3.5e+03, current lr:  0.0001, 
Epoch 151. train_acc:  77.6, train_loss:  0.339, data_points:  5.4e+05, total_data_gen_time:  31.6, train_time:  0.00117, data_load_time:  2.74e-07, best_score:  3.5e+03, current lr:  0.0001, 
Epoch 152. train_acc:  77.6, train_loss:  0.342, data_points:  5.4e+05, total_data_gen_time:  31.7, train_time:  0.00122, data_load_time:  2.68e-07, best_score:  3.5e+03, current lr:  0.0001, 
Epoch 153. train_acc:  77.4, train_loss:  0.345, data_points:  5.4e+05, total_data_gen_time:  32.1, train_time:  0.00116, data_load_time:  2.71e-07, best_score:  3.5e+03, current lr:  0.0001, 
Epoch 154. train_acc:  77.4, train_loss:  0.344, data_points:  5.4e+05, total_data_gen_time:  31.8, train_time:  0.00115, data_load_time:  2.72e-07, best_score:  3.5e+03, current lr:  0.0001, 
Epoch 155. train_acc:  77.6, train_loss:  0.342, data_points:  5.4e+05, total_data_gen_time:  32, train_time:  0.0012, data_load_time:  2.73e-07, best_score:  3.5e+03, current lr:  0.0001, 
Epoch 156. train_acc:  77.7, train_loss:  0.339, data_points:  5.4e+05, total_data_gen_time:  32.7, train_time:  0.00118, data_load_time:  2.74e-07, best_score:  3.5e+03, current lr:  0.0001, 
Epoch 157. train_acc:  77.7, train_loss:  0.339, data_points:  5.4e+05, total_data_gen_time:  31.6, train_time:  0.00116, data_load_time:  2.73e-07, best_score:  3.5e+03, current lr:  0.0001, 
Epoch 158. train_acc:  77.7, train_loss:  0.34, data_points:  5.4e+05, total_data_gen_time:  31.7, train_time:  0.00119, data_load_time:  2.77e-07, best_score:  3.5e+03, current lr:  0.0001, 
Epoch 159. train_acc:  77.5, train_loss:  0.343, data_points:  5.4e+05, total_data_gen_time:  32.2, train_time:  0.00118, data_load_time:  2.71e-07, best_score:  3.5e+03, current lr:  0.0001, 
Epoch 160. train_acc:  77.4, train_loss:  0.346, data_points:  5.4e+05, total_data_gen_time:  31.8, train_time:  0.00118, data_load_time:  2.75e-07, total_eval_time:  56.6, test_score:  580, best_score:  3.5e+03, current lr:  0.0001, 
Epoch 161. train_acc:  77.4, train_loss:  0.345, data_points:  5.4e+05, total_data_gen_time:  31.9, train_time:  0.00118, data_load_time:  2.67e-07, best_score:  3.5e+03, current lr:  0.0001, 
Epoch 162. train_acc:  77.5, train_loss:  0.344, data_points:  5.4e+05, total_data_gen_time:  32.4, train_time:  0.0012, data_load_time:  2.75e-07, best_score:  3.5e+03, current lr:  0.0001, 
Epoch 163. train_acc:  77.6, train_loss:  0.341, data_points:  5.4e+05, total_data_gen_time:  31.8, train_time:  0.0012, data_load_time:  2.78e-07, best_score:  3.5e+03, current lr:  0.0001, 
Epoch 164. train_acc:  77.6, train_loss:  0.341, data_points:  5.4e+05, total_data_gen_time:  31.9, train_time:  0.00121, data_load_time:  2.77e-07, best_score:  3.5e+03, current lr:  0.0001, 
Epoch 165. train_acc:  77.6, train_loss:  0.341, data_points:  5.4e+05, total_data_gen_time:  32.3, train_time:  0.00122, data_load_time:  2.74e-07, best_score:  3.5e+03, current lr:  0.0001, 
Epoch 166. train_acc:  77.6, train_loss:  0.342, data_points:  5.4e+05, total_data_gen_time:  31.9, train_time:  0.00119, data_load_time:  2.78e-07, best_score:  3.5e+03, current lr:  0.0001, 
Epoch 167. train_acc:  77.7, train_loss:  0.34, data_points:  5.4e+05, total_data_gen_time:  31.6, train_time:  0.00118, data_load_time:  2.74e-07, best_score:  3.5e+03, current lr:  0.0001, 
Epoch 168. train_acc:  77.8, train_loss:  0.338, data_points:  5.4e+05, total_data_gen_time:  32.3, train_time:  0.00123, data_load_time:  2.84e-07, best_score:  3.5e+03, current lr:  0.0001, 
Epoch 169. train_acc:  78, train_loss:  0.337, data_points:  5.4e+05, total_data_gen_time:  31.7, train_time:  0.0012, data_load_time:  2.77e-07, best_score:  3.5e+03, current lr:  0.0001, 
Epoch 170. train_acc:  78, train_loss:  0.335, data_points:  5.4e+05, total_data_gen_time:  31.9, train_time:  0.00117, data_load_time:  2.74e-07, total_eval_time:  130, test_score:  2.47e+03, best_score:  3.5e+03, current lr:  0.0001, 
Epoch 171. train_acc:  78, train_loss:  0.333, data_points:  5.4e+05, total_data_gen_time:  32.3, train_time:  0.00123, data_load_time:  2.75e-07, best_score:  3.5e+03, current lr:  0.0001, 
Epoch 172. train_acc:  78, train_loss:  0.334, data_points:  5.4e+05, total_data_gen_time:  31.7, train_time:  0.0012, data_load_time:  2.76e-07, best_score:  3.5e+03, current lr:  0.0001, 
Epoch 173. train_acc:  78.1, train_loss:  0.334, data_points:  5.4e+05, total_data_gen_time:  31.8, train_time:  0.00117, data_load_time:  2.73e-07, best_score:  3.5e+03, current lr:  0.0001, 
Epoch 174. train_acc:  78, train_loss:  0.334, data_points:  5.4e+05, total_data_gen_time:  32.2, train_time:  0.00118, data_load_time:  2.72e-07, best_score:  3.5e+03, current lr:  0.0001, 
Epoch 175. train_acc:  78.1, train_loss:  0.333, data_points:  5.4e+05, total_data_gen_time:  31.8, train_time:  0.00121, data_load_time:  2.76e-07, best_score:  3.5e+03, current lr:  0.0001, 
Epoch 176. train_acc:  78, train_loss:  0.335, data_points:  5.4e+05, total_data_gen_time:  31.8, train_time:  0.00121, data_load_time:  2.81e-07, best_score:  3.5e+03, current lr:  0.0001, 
Epoch 177. train_acc:  78, train_loss:  0.335, data_points:  5.4e+05, total_data_gen_time:  32.5, train_time:  0.00117, data_load_time:  2.71e-07, best_score:  3.5e+03, current lr:  0.0001, 
Epoch 178. train_acc:  78, train_loss:  0.335, data_points:  5.4e+05, total_data_gen_time:  31.7, train_time:  0.00117, data_load_time:  2.78e-07, best_score:  3.5e+03, current lr:  0.0001, 
Epoch 179. train_acc:  78.1, train_loss:  0.333, data_points:  5.4e+05, total_data_gen_time:  31.9, train_time:  0.00124, data_load_time:  2.83e-07, best_score:  3.5e+03, current lr:  0.0001, 
Epoch 180. train_acc:  78, train_loss:  0.334, data_points:  5.4e+05, total_data_gen_time:  32.2, train_time:  0.00119, data_load_time:  2.77e-07, total_eval_time:  132, test_score:  1.33e+03, best_score:  3.5e+03, current lr:  0.0001, 
Epoch 181. train_acc:  77.9, train_loss:  0.336, data_points:  5.4e+05, total_data_gen_time:  31.8, train_time:  0.0012, data_load_time:  2.73e-07, best_score:  3.5e+03, current lr:  0.0001, 
Epoch 182. train_acc:  78, train_loss:  0.335, data_points:  5.4e+05, total_data_gen_time:  32.3, train_time:  0.00116, data_load_time:  2.81e-07, best_score:  3.5e+03, current lr:  0.0001, 
Epoch 183. train_acc:  77.9, train_loss:  0.337, data_points:  5.4e+05, total_data_gen_time:  32.4, train_time:  0.0012, data_load_time:  2.8e-07, best_score:  3.5e+03, current lr:  0.0001, 
Epoch 184. train_acc:  77.8, train_loss:  0.336, data_points:  5.4e+05, total_data_gen_time:  32, train_time:  0.00118, data_load_time:  2.67e-07, best_score:  3.5e+03, current lr:  0.0001, 
Epoch 185. train_acc:  78, train_loss:  0.336, data_points:  5.4e+05, total_data_gen_time:  31.9, train_time:  0.00119, data_load_time:  2.75e-07, best_score:  3.5e+03, current lr:  0.0001, 
Epoch 186. train_acc:  77.9, train_loss:  0.334, data_points:  5.4e+05, total_data_gen_time:  32.5, train_time:  0.00119, data_load_time:  2.72e-07, best_score:  3.5e+03, current lr:  0.0001, 
Epoch 187. train_acc:  78, train_loss:  0.333, data_points:  5.4e+05, total_data_gen_time:  31.9, train_time:  0.00118, data_load_time:  2.72e-07, best_score:  3.5e+03, current lr:  0.0001, 
Epoch 188. train_acc:  77.9, train_loss:  0.335, data_points:  5.4e+05, total_data_gen_time:  32.1, train_time:  0.0012, data_load_time:  2.76e-07, best_score:  3.5e+03, current lr:  0.0001, 
Epoch 189. train_acc:  77.8, train_loss:  0.337, data_points:  5.4e+05, total_data_gen_time:  32.5, train_time:  0.00125, data_load_time:  2.56e-07, best_score:  3.5e+03, current lr:  0.0001, 
Epoch 190. train_acc:  77.9, train_loss:  0.336, data_points:  5.4e+05, total_data_gen_time:  31.8, train_time:  0.00121, data_load_time:  2.81e-07, total_eval_time:  118, test_score:  2.08e+03, best_score:  3.5e+03, current lr:  0.0001, 
Epoch 191. train_acc:  78, train_loss:  0.333, data_points:  5.4e+05, total_data_gen_time:  31.8, train_time:  0.00118, data_load_time:  2.78e-07, best_score:  3.5e+03, current lr:  0.0001, 
Epoch 192. train_acc:  78, train_loss:  0.334, data_points:  5.4e+05, total_data_gen_time:  32.4, train_time:  0.00117, data_load_time:  2.69e-07, best_score:  3.5e+03, current lr:  0.0001, 
Epoch 193. train_acc:  77.8, train_loss:  0.336, data_points:  5.4e+05, total_data_gen_time:  31.6, train_time:  0.00116, data_load_time:  2.8e-07, best_score:  3.5e+03, current lr:  0.0001, 
Epoch 194. train_acc:  77.8, train_loss:  0.337, data_points:  5.4e+05, total_data_gen_time:  31.8, train_time:  0.00117, data_load_time:  2.73e-07, best_score:  3.5e+03, current lr:  0.0001, 
Epoch 195. train_acc:  77.9, train_loss:  0.334, data_points:  5.4e+05, total_data_gen_time:  32.4, train_time:  0.00117, data_load_time:  2.52e-07, best_score:  3.5e+03, current lr:  0.0001, 
Epoch 196. train_acc:  78, train_loss:  0.335, data_points:  5.4e+05, total_data_gen_time:  31.8, train_time:  0.00118, data_load_time:  2.76e-07, best_score:  3.5e+03, current lr:  0.0001, 
Epoch 197. train_acc:  77.7, train_loss:  0.34, data_points:  5.4e+05, total_data_gen_time:  31.8, train_time:  0.00119, data_load_time:  2.82e-07, best_score:  3.5e+03, current lr:  0.0001, 
Epoch 198. train_acc:  77.7, train_loss:  0.34, data_points:  5.4e+05, total_data_gen_time:  32.3, train_time:  0.00118, data_load_time:  2.67e-07, best_score:  3.5e+03, current lr:  0.0001, 
Epoch 199. train_acc:  77.8, train_loss:  0.338, data_points:  5.4e+05, total_data_gen_time:  32, train_time:  0.00115, data_load_time:  2.75e-07, best_score:  3.5e+03, current lr:  0.0001, 
Epoch 200. train_acc:  77.9, train_loss:  0.336, data_points:  5.4e+05, total_data_gen_time:  31.6, train_time:  0.0012, data_load_time:  2.77e-07, total_eval_time:  20.8, test_score:  3.34e+03, best_score:  3.5e+03, current lr:  0.0001, 
Epoch 201. train_acc:  77.7, train_loss:  0.339, data_points:  5.4e+05, total_data_gen_time:  32.3, train_time:  0.0012, data_load_time:  2.81e-07, best_score:  3.5e+03, current lr:  0.0001, 
Epoch 202. train_acc:  77.8, train_loss:  0.338, data_points:  5.4e+05, total_data_gen_time:  31.9, train_time:  0.0012, data_load_time:  2.77e-07, best_score:  3.5e+03, current lr:  0.0001, 
Epoch 203. train_acc:  77.7, train_loss:  0.339, data_points:  5.4e+05, total_data_gen_time:  31.8, train_time:  0.00122, data_load_time:  2.71e-07, best_score:  3.5e+03, current lr:  0.0001, 
Epoch 204. train_acc:  77.8, train_loss:  0.337, data_points:  5.4e+05, total_data_gen_time:  32.3, train_time:  0.00116, data_load_time:  2.7e-07, best_score:  3.5e+03, current lr:  0.0001, 
Epoch 205. train_acc:  77.7, train_loss:  0.34, data_points:  5.4e+05, total_data_gen_time:  31.6, train_time:  0.00118, data_load_time:  2.72e-07, best_score:  3.5e+03, current lr:  0.0001, 
Epoch 206. train_acc:  77.7, train_loss:  0.34, data_points:  5.4e+05, total_data_gen_time:  31.8, train_time:  0.00119, data_load_time:  2.69e-07, best_score:  3.5e+03, current lr:  0.0001, 
Epoch 207. train_acc:  77.9, train_loss:  0.336, data_points:  5.4e+05, total_data_gen_time:  32.4, train_time:  0.0012, data_load_time:  2.72e-07, best_score:  3.5e+03, current lr:  0.0001, 
Epoch 208. train_acc:  77.9, train_loss:  0.336, data_points:  5.4e+05, total_data_gen_time:  32.4, train_time:  0.0012, data_load_time:  2.83e-07, best_score:  3.5e+03, current lr:  0.0001, 
Epoch 209. train_acc:  77.7, train_loss:  0.339, data_points:  5.4e+05, total_data_gen_time:  32, train_time:  0.00118, data_load_time:  2.53e-07, best_score:  3.5e+03, current lr:  0.0001, 
Epoch 210. train_acc:  77.7, train_loss:  0.341, data_points:  5.4e+05, total_data_gen_time:  32.8, train_time:  0.00121, data_load_time:  2.64e-07, total_eval_time:  130, test_score:  1.97e+03, best_score:  3.5e+03, current lr:  0.0001, 
Epoch 211. train_acc:  77.9, train_loss:  0.338, data_points:  5.4e+05, total_data_gen_time:  32, train_time:  0.00121, data_load_time:  2.72e-07, best_score:  3.5e+03, current lr:  0.0001, 
Epoch 212. train_acc:  77.9, train_loss:  0.337, data_points:  5.4e+05, total_data_gen_time:  31.9, train_time:  0.00124, data_load_time:  2.72e-07, best_score:  3.5e+03, current lr:  0.0001, 
Epoch 213. train_acc:  77.9, train_loss:  0.337, data_points:  5.4e+05, total_data_gen_time:  32.4, train_time:  0.00121, data_load_time:  2.71e-07, best_score:  3.5e+03, current lr:  0.0001, 
Epoch 214. train_acc:  77.9, train_loss:  0.337, data_points:  5.4e+05, total_data_gen_time:  31.9, train_time:  0.00119, data_load_time:  2.75e-07, best_score:  3.5e+03, current lr:  0.0001, 
Epoch 215. train_acc:  77.9, train_loss:  0.337, data_points:  5.4e+05, total_data_gen_time:  31.8, train_time:  0.00117, data_load_time:  2.75e-07, best_score:  3.5e+03, current lr:  0.0001, 
Epoch 216. train_acc:  78.1, train_loss:  0.334, data_points:  5.4e+05, total_data_gen_time:  32.5, train_time:  0.00116, data_load_time:  2.68e-07, best_score:  3.5e+03, current lr:  0.0001, 
Epoch 217. train_acc:  78.1, train_loss:  0.333, data_points:  5.4e+05, total_data_gen_time:  32, train_time:  0.00116, data_load_time:  2.68e-07, best_score:  3.5e+03, current lr:  0.0001, 
Epoch 218. train_acc:  78.3, train_loss:  0.329, data_points:  5.4e+05, total_data_gen_time:  32, train_time:  0.00119, data_load_time:  2.76e-07, best_score:  3.5e+03, current lr:  0.0001, 
Epoch 219. train_acc:  78.5, train_loss:  0.325, data_points:  5.4e+05, total_data_gen_time:  32.3, train_time:  0.00119, data_load_time:  2.76e-07, best_score:  3.5e+03, current lr:  0.0001, 
Epoch 220. train_acc:  78.7, train_loss:  0.323, data_points:  5.4e+05, total_data_gen_time:  31.9, train_time:  0.00115, data_load_time:  2.76e-07, total_eval_time:  137, test_score:  1.29e+03, best_score:  3.5e+03, current lr:  0.0001, 
Epoch 221. train_acc:  78.4, train_loss:  0.327, data_points:  5.4e+05, total_data_gen_time:  32.1, train_time:  0.00115, data_load_time:  2.72e-07, best_score:  3.5e+03, current lr:  0.0001, 
Epoch 222. train_acc:  78.4, train_loss:  0.328, data_points:  5.4e+05, total_data_gen_time:  32.3, train_time:  0.00117, data_load_time:  2.74e-07, best_score:  3.5e+03, current lr:  0.0001, 
Epoch 223. train_acc:  78.4, train_loss:  0.328, data_points:  5.4e+05, total_data_gen_time:  31.9, train_time:  0.00121, data_load_time:  2.8e-07, best_score:  3.5e+03, current lr:  0.0001, 
Epoch 224. train_acc:  78.5, train_loss:  0.326, data_points:  5.4e+05, total_data_gen_time:  31.9, train_time:  0.00117, data_load_time:  2.74e-07, best_score:  3.5e+03, current lr:  0.0001, 
Epoch 225. train_acc:  78.6, train_loss:  0.323, data_points:  5.4e+05, total_data_gen_time:  32.4, train_time:  0.00118, data_load_time:  2.8e-07, best_score:  3.5e+03, current lr:  0.0001, 
Epoch 226. train_acc:  78.6, train_loss:  0.324, data_points:  5.4e+05, total_data_gen_time:  31.9, train_time:  0.0012, data_load_time:  2.77e-07, best_score:  3.5e+03, current lr:  0.0001, 
Epoch 227. train_acc:  78.7, train_loss:  0.322, data_points:  5.4e+05, total_data_gen_time:  31.9, train_time:  0.00118, data_load_time:  2.74e-07, best_score:  3.5e+03, current lr:  0.0001, 
Epoch 228. train_acc:  78.5, train_loss:  0.324, data_points:  5.4e+05, total_data_gen_time:  32.5, train_time:  0.0012, data_load_time:  2.75e-07, best_score:  3.5e+03, current lr:  0.0001, 
Epoch 229. train_acc:  78.6, train_loss:  0.322, data_points:  5.4e+05, total_data_gen_time:  31.8, train_time:  0.00119, data_load_time:  2.73e-07, best_score:  3.5e+03, current lr:  0.0001, 
Epoch 230. train_acc:  78.5, train_loss:  0.324, data_points:  5.4e+05, total_data_gen_time:  31.8, train_time:  0.0012, data_load_time:  2.62e-07, total_eval_time:  132, test_score:  652, best_score:  3.5e+03, current lr:  0.0001, 
Epoch 231. train_acc:  78.6, train_loss:  0.324, data_points:  5.4e+05, total_data_gen_time:  32.4, train_time:  0.00115, data_load_time:  2.74e-07, best_score:  3.5e+03, current lr:  0.0001, 
Epoch 232. train_acc:  78.5, train_loss:  0.324, data_points:  5.4e+05, total_data_gen_time:  32, train_time:  0.00117, data_load_time:  2.77e-07, best_score:  3.5e+03, current lr:  0.0001, 
Epoch 233. train_acc:  78.5, train_loss:  0.325, data_points:  5.4e+05, total_data_gen_time:  31.9, train_time:  0.00118, data_load_time:  2.72e-07, best_score:  3.5e+03, current lr:  0.0001, 
Epoch 234. train_acc:  78.4, train_loss:  0.327, data_points:  5.4e+05, total_data_gen_time:  32.6, train_time:  0.00121, data_load_time:  2.73e-07, best_score:  3.5e+03, current lr:  0.0001, 
Epoch 235. train_acc:  78.3, train_loss:  0.328, data_points:  5.4e+05, total_data_gen_time:  31.9, train_time:  0.00119, data_load_time:  2.73e-07, best_score:  3.5e+03, current lr:  0.0001, 
Epoch 236. train_acc:  78.3, train_loss:  0.33, data_points:  5.4e+05, total_data_gen_time:  32, train_time:  0.00118, data_load_time:  2.75e-07, best_score:  3.5e+03, current lr:  0.0001, 
Epoch 237. train_acc:  78.2, train_loss:  0.331, data_points:  5.4e+05, total_data_gen_time:  32.5, train_time:  0.00116, data_load_time:  2.78e-07, best_score:  3.5e+03, current lr:  0.0001, 
Epoch 238. train_acc:  78.3, train_loss:  0.331, data_points:  5.4e+05, total_data_gen_time:  32.1, train_time:  0.00116, data_load_time:  2.5e-07, best_score:  3.5e+03, current lr:  0.0001, 
Epoch 239. train_acc:  78.2, train_loss:  0.332, data_points:  5.4e+05, total_data_gen_time:  32, train_time:  0.00118, data_load_time:  2.77e-07, best_score:  3.5e+03, current lr:  0.0001, 
Epoch 240. train_acc:  78.2, train_loss:  0.334, data_points:  5.4e+05, total_data_gen_time:  32.5, train_time:  0.0012, data_load_time:  2.71e-07, total_eval_time:  71.5, test_score:  2.25e+03, best_score:  3.5e+03, current lr:  0.0001, 
Epoch 241. train_acc:  78.2, train_loss:  0.331, data_points:  5.4e+05, total_data_gen_time:  32, train_time:  0.00117, data_load_time:  2.47e-07, best_score:  3.5e+03, current lr:  0.0001, 
Epoch 242. train_acc:  78.2, train_loss:  0.332, data_points:  5.4e+05, total_data_gen_time:  32.1, train_time:  0.00116, data_load_time:  2.7e-07, best_score:  3.5e+03, current lr:  0.0001, 
Epoch 243. train_acc:  78.3, train_loss:  0.33, data_points:  5.4e+05, total_data_gen_time:  32.8, train_time:  0.00118, data_load_time:  2.77e-07, best_score:  3.5e+03, current lr:  0.0001, 
Epoch 244. train_acc:  78.4, train_loss:  0.329, data_points:  5.4e+05, total_data_gen_time:  31.9, train_time:  0.00117, data_load_time:  2.73e-07, best_score:  3.5e+03, current lr:  0.0001, 
Epoch 245. train_acc:  78.4, train_loss:  0.328, data_points:  5.4e+05, total_data_gen_time:  32, train_time:  0.00122, data_load_time:  2.82e-07, best_score:  3.5e+03, current lr:  0.0001, 
Epoch 246. train_acc:  78.4, train_loss:  0.329, data_points:  5.4e+05, total_data_gen_time:  32.6, train_time:  0.0012, data_load_time:  2.86e-07, best_score:  3.5e+03, current lr:  0.0001, 
Epoch 247. train_acc:  78.3, train_loss:  0.329, data_points:  5.4e+05, total_data_gen_time:  32, train_time:  0.00122, data_load_time:  2.69e-07, best_score:  3.5e+03, current lr:  0.0001, 
Epoch 248. train_acc:  78.4, train_loss:  0.326, data_points:  5.4e+05, total_data_gen_time:  32, train_time:  0.0012, data_load_time:  2.7e-07, best_score:  3.5e+03, current lr:  0.0001, 
Epoch 249. train_acc:  78.5, train_loss:  0.325, data_points:  5.4e+05, total_data_gen_time:  32.5, train_time:  0.00116, data_load_time:  2.75e-07, best_score:  3.5e+03, current lr:  0.0001, 
Epoch 250. train_acc:  78.5, train_loss:  0.325, data_points:  5.4e+05, total_data_gen_time:  31.8, train_time:  0.00117, data_load_time:  2.73e-07, total_eval_time:  131, test_score:  1.42e+03, best_score:  3.5e+03, current lr:  0.0001, 
Epoch 251. train_acc:  78.5, train_loss:  0.325, data_points:  5.4e+05, total_data_gen_time:  31.8, train_time:  0.00118, data_load_time:  2.81e-07, best_score:  3.5e+03, current lr:  0.0001, 
Epoch 252. train_acc:  78.6, train_loss:  0.324, data_points:  5.4e+05, total_data_gen_time:  32.5, train_time:  0.00119, data_load_time:  2.72e-07, best_score:  3.5e+03, current lr:  0.0001, 
Epoch 253. train_acc:  78.5, train_loss:  0.323, data_points:  5.4e+05, total_data_gen_time:  31.9, train_time:  0.00119, data_load_time:  2.7e-07, best_score:  3.5e+03, current lr:  0.0001, 
Epoch 254. train_acc:  78.5, train_loss:  0.322, data_points:  5.4e+05, total_data_gen_time:  32.3, train_time:  0.00119, data_load_time:  2.79e-07, best_score:  3.5e+03, current lr:  0.0001, 
Epoch 255. train_acc:  78.6, train_loss:  0.322, data_points:  5.4e+05, total_data_gen_time:  32.5, train_time:  0.0012, data_load_time:  2.71e-07, best_score:  3.5e+03, current lr:  0.0001, 
Epoch 256. train_acc:  78.6, train_loss:  0.321, data_points:  5.4e+05, total_data_gen_time:  31.8, train_time:  0.00121, data_load_time:  2.79e-07, best_score:  3.5e+03, current lr:  0.0001, 
Epoch 257. train_acc:  78.6, train_loss:  0.322, data_points:  5.4e+05, total_data_gen_time:  32, train_time:  0.00122, data_load_time:  2.66e-07, best_score:  3.5e+03, current lr:  0.0001, 
Epoch 258. train_acc:  78.6, train_loss:  0.322, data_points:  5.4e+05, total_data_gen_time:  32.6, train_time:  0.00118, data_load_time:  2.81e-07, best_score:  3.5e+03, current lr:  0.0001, 
Epoch 259. train_acc:  78.6, train_loss:  0.322, data_points:  5.4e+05, total_data_gen_time:  32, train_time:  0.00118, data_load_time:  2.74e-07, best_score:  3.5e+03, current lr:  0.0001, 
Epoch 260. train_acc:  78.7, train_loss:  0.32, data_points:  5.4e+05, total_data_gen_time:  32.5, train_time:  0.00117, data_load_time:  2.83e-07, total_eval_time:  70.7, test_score:  1.41e+03, best_score:  3.5e+03, current lr:  0.0001, 
Epoch 261. train_acc:  78.7, train_loss:  0.321, data_points:  5.4e+05, total_data_gen_time:  32.7, train_time:  0.00118, data_load_time:  2.76e-07, best_score:  3.5e+03, current lr:  0.0001, 
Epoch 262. train_acc:  78.7, train_loss:  0.321, data_points:  5.4e+05, total_data_gen_time:  32.1, train_time:  0.0012, data_load_time:  2.73e-07, best_score:  3.5e+03, current lr:  0.0001, 
Epoch 263. train_acc:  78.9, train_loss:  0.318, data_points:  5.4e+05, total_data_gen_time:  32.1, train_time:  0.00119, data_load_time:  2.77e-07, best_score:  3.5e+03, current lr:  0.0001, 
Epoch 264. train_acc:  78.7, train_loss:  0.322, data_points:  5.4e+05, total_data_gen_time:  32.7, train_time:  0.00116, data_load_time:  2.72e-07, best_score:  3.5e+03, current lr:  0.0001, 
Epoch 265. train_acc:  78.5, train_loss:  0.324, data_points:  5.4e+05, total_data_gen_time:  32.1, train_time:  0.00118, data_load_time:  2.74e-07, best_score:  3.5e+03, current lr:  0.0001, 
Epoch 266. train_acc:  78.6, train_loss:  0.323, data_points:  5.4e+05, total_data_gen_time:  32, train_time:  0.00123, data_load_time:  2.75e-07, best_score:  3.5e+03, current lr:  0.0001, 
Epoch 267. train_acc:  78.6, train_loss:  0.323, data_points:  5.4e+05, total_data_gen_time:  32.5, train_time:  0.00124, data_load_time:  2.85e-07, best_score:  3.5e+03, current lr:  0.0001, 
Epoch 268. train_acc:  78.4, train_loss:  0.326, data_points:  5.4e+05, total_data_gen_time:  32, train_time:  0.0012, data_load_time:  2.64e-07, best_score:  3.5e+03, current lr:  0.0001, 
Epoch 269. train_acc:  78.4, train_loss:  0.325, data_points:  5.4e+05, total_data_gen_time:  32.1, train_time:  0.00121, data_load_time:  2.75e-07, best_score:  3.5e+03, current lr:  0.0001, 
Epoch 270. train_acc:  78.4, train_loss:  0.328, data_points:  5.4e+05, total_data_gen_time:  32.6, train_time:  0.00118, data_load_time:  2.75e-07, total_eval_time:  132, test_score:  1.04e+03, best_score:  3.5e+03, current lr:  0.0001, 
Epoch 271. train_acc:  78.4, train_loss:  0.326, data_points:  5.4e+05, total_data_gen_time:  31.9, train_time:  0.00121, data_load_time:  2.72e-07, best_score:  3.5e+03, current lr:  0.0001, 
Epoch 272. train_acc:  78.5, train_loss:  0.326, data_points:  5.4e+05, total_data_gen_time:  31.8, train_time:  0.00117, data_load_time:  2.75e-07, best_score:  3.5e+03, current lr:  0.0001, 
Epoch 273. train_acc:  78.2, train_loss:  0.33, data_points:  5.4e+05, total_data_gen_time:  32.5, train_time:  0.00119, data_load_time:  2.74e-07, best_score:  3.5e+03, current lr:  0.0001, 
Epoch 274. train_acc:  78.2, train_loss:  0.33, data_points:  5.4e+05, total_data_gen_time:  31.7, train_time:  0.00117, data_load_time:  2.78e-07, best_score:  3.5e+03, current lr:  0.0001, 
Epoch 275. train_acc:  78.3, train_loss:  0.329, data_points:  5.4e+05, total_data_gen_time:  31.8, train_time:  0.00116, data_load_time:  2.77e-07, best_score:  3.5e+03, current lr:  0.0001, 
Epoch 276. train_acc:  78.3, train_loss:  0.33, data_points:  5.4e+05, total_data_gen_time:  32.7, train_time:  0.00119, data_load_time:  2.7e-07, best_score:  3.5e+03, current lr:  0.0001, 
Epoch 277. train_acc:  78.3, train_loss:  0.33, data_points:  5.4e+05, total_data_gen_time:  32, train_time:  0.00119, data_load_time:  2.77e-07, best_score:  3.5e+03, current lr:  0.0001, 
Epoch 278. train_acc:  78.4, train_loss:  0.326, data_points:  5.4e+05, total_data_gen_time:  32, train_time:  0.0012, data_load_time:  2.74e-07, best_score:  3.5e+03, current lr:  0.0001, 
Epoch 279. train_acc:  78.4, train_loss:  0.327, data_points:  5.4e+05, total_data_gen_time:  32.6, train_time:  0.00119, data_load_time:  2.8e-07, best_score:  3.5e+03, current lr:  0.0001, 
Epoch 280. train_acc:  78.4, train_loss:  0.325, data_points:  5.4e+05, total_data_gen_time:  32.1, train_time:  0.00123, data_load_time:  2.73e-07, total_eval_time:  121, test_score:  1.76e+03, best_score:  3.5e+03, current lr:  0.0001, 
Epoch 281. train_acc:  78.4, train_loss:  0.326, data_points:  5.4e+05, total_data_gen_time:  32, train_time:  0.00119, data_load_time:  2.74e-07, best_score:  3.5e+03, current lr:  0.0001, 
Epoch 282. train_acc:  78.4, train_loss:  0.324, data_points:  5.4e+05, total_data_gen_time:  32.6, train_time:  0.00122, data_load_time:  2.78e-07, best_score:  3.5e+03, current lr:  0.0001, 
Epoch 283. train_acc:  78.4, train_loss:  0.325, data_points:  5.4e+05, total_data_gen_time:  31.9, train_time:  0.00116, data_load_time:  2.78e-07, best_score:  3.5e+03, current lr:  0.0001, 
Epoch 284. train_acc:  78.5, train_loss:  0.323, data_points:  5.4e+05, total_data_gen_time:  32.1, train_time:  0.00121, data_load_time:  2.72e-07, best_score:  3.5e+03, current lr:  0.0001, 
Epoch 285. train_acc:  78.5, train_loss:  0.322, data_points:  5.4e+05, total_data_gen_time:  33.2, train_time:  0.00118, data_load_time:  2.72e-07, best_score:  3.5e+03, current lr:  0.0001, 
Epoch 286. train_acc:  78.5, train_loss:  0.323, data_points:  5.4e+05, total_data_gen_time:  32, train_time:  0.00117, data_load_time:  2.78e-07, best_score:  3.5e+03, current lr:  0.0001, 
Epoch 287. train_acc:  78.5, train_loss:  0.323, data_points:  5.4e+05, total_data_gen_time:  32.2, train_time:  0.00117, data_load_time:  2.72e-07, best_score:  3.5e+03, current lr:  0.0001, 
Epoch 288. train_acc:  78.4, train_loss:  0.326, data_points:  5.4e+05, total_data_gen_time:  32.7, train_time:  0.00118, data_load_time:  2.73e-07, best_score:  3.5e+03, current lr:  0.0001, 
Epoch 289. train_acc:  78.4, train_loss:  0.326, data_points:  5.4e+05, total_data_gen_time:  32, train_time:  0.00122, data_load_time:  2.54e-07, best_score:  3.5e+03, current lr:  0.0001, 
Epoch 290. train_acc:  78.5, train_loss:  0.326, data_points:  5.4e+05, total_data_gen_time:  32.1, train_time:  0.00122, data_load_time:  2.74e-07, total_eval_time:  93.7, test_score:  1.63e+03, best_score:  3.5e+03, current lr:  0.0001, 
Epoch 291. train_acc:  78.3, train_loss:  0.328, data_points:  5.4e+05, total_data_gen_time:  32.9, train_time:  0.00124, data_load_time:  2.82e-07, best_score:  3.5e+03, current lr:  0.0001, 
Epoch 292. train_acc:  78.3, train_loss:  0.329, data_points:  5.4e+05, total_data_gen_time:  32.1, train_time:  0.00119, data_load_time:  2.72e-07, best_score:  3.5e+03, current lr:  0.0001, 
Epoch 293. train_acc:  78.3, train_loss:  0.328, data_points:  5.4e+05, total_data_gen_time:  31.9, train_time:  0.00118, data_load_time:  2.76e-07, best_score:  3.5e+03, current lr:  0.0001, 
Epoch 294. train_acc:  78.4, train_loss:  0.328, data_points:  5.4e+05, total_data_gen_time:  32.6, train_time:  0.00119, data_load_time:  2.77e-07, best_score:  3.5e+03, current lr:  0.0001, 
Epoch 295. train_acc:  78.3, train_loss:  0.329, data_points:  5.4e+05, total_data_gen_time:  32, train_time:  0.0012, data_load_time:  2.69e-07, best_score:  3.5e+03, current lr:  0.0001, 
Epoch 296. train_acc:  78.3, train_loss:  0.327, data_points:  5.4e+05, total_data_gen_time:  32.1, train_time:  0.00118, data_load_time:  2.71e-07, best_score:  3.5e+03, current lr:  0.0001, 
Epoch 297. train_acc:  78.2, train_loss:  0.329, data_points:  5.4e+05, total_data_gen_time:  32.8, train_time:  0.00121, data_load_time:  2.74e-07, best_score:  3.5e+03, current lr:  0.0001, 
Epoch 298. train_acc:  78.2, train_loss:  0.33, data_points:  5.4e+05, total_data_gen_time:  32.2, train_time:  0.00123, data_load_time:  2.71e-07, best_score:  3.5e+03, current lr:  0.0001, 
Epoch 299. train_acc:  78.1, train_loss:  0.331, data_points:  5.4e+05, total_data_gen_time:  32.1, train_time:  0.00121, data_load_time:  2.74e-07, best_score:  3.5e+03, current lr:  0.0001, 
Epoch 300. train_acc:  78.1, train_loss:  0.332, data_points:  5.4e+05, total_data_gen_time:  32.6, train_time:  0.00118, data_load_time:  2.69e-07, total_eval_time:  132, test_score:  2.9e+03, best_score:  3.5e+03, current lr:  0.0001, 
Epoch 301. train_acc:  78.3, train_loss:  0.329, data_points:  5.4e+05, total_data_gen_time:  31.9, train_time:  0.00118, data_load_time:  2.66e-07, best_score:  3.5e+03, current lr:  0.0001, 
Epoch 302. train_acc:  78.1, train_loss:  0.331, data_points:  5.4e+05, total_data_gen_time:  31.8, train_time:  0.00122, data_load_time:  2.76e-07, best_score:  3.5e+03, current lr:  0.0001, 
Epoch 303. train_acc:  78, train_loss:  0.333, data_points:  5.4e+05, total_data_gen_time:  32.5, train_time:  0.0012, data_load_time:  2.78e-07, best_score:  3.5e+03, current lr:  0.0001, 
Epoch 304. train_acc:  78, train_loss:  0.334, data_points:  5.4e+05, total_data_gen_time:  31.9, train_time:  0.00119, data_load_time:  2.7e-07, best_score:  3.5e+03, current lr:  0.0001, 
Epoch 305. train_acc:  77.9, train_loss:  0.335, data_points:  5.4e+05, total_data_gen_time:  31.9, train_time:  0.00121, data_load_time:  2.85e-07, best_score:  3.5e+03, current lr:  0.0001, 
Epoch 306. train_acc:  78.1, train_loss:  0.331, data_points:  5.4e+05, total_data_gen_time:  32.7, train_time:  0.00119, data_load_time:  2.71e-07, best_score:  3.5e+03, current lr:  0.0001, 
Epoch 307. train_acc:  78.1, train_loss:  0.332, data_points:  5.4e+05, total_data_gen_time:  32, train_time:  0.0012, data_load_time:  2.68e-07, best_score:  3.5e+03, current lr:  0.0001, 
Epoch 308. train_acc:  78.1, train_loss:  0.33, data_points:  5.4e+05, total_data_gen_time:  32, train_time:  0.00121, data_load_time:  2.72e-07, best_score:  3.5e+03, current lr:  0.0001, 
Epoch 309. train_acc:  78.2, train_loss:  0.328, data_points:  5.4e+05, total_data_gen_time:  32.8, train_time:  0.00119, data_load_time:  2.51e-07, best_score:  3.5e+03, current lr:  0.0001, 
Epoch 310. train_acc:  78.1, train_loss:  0.33, data_points:  5.4e+05, total_data_gen_time:  32.2, train_time:  0.00123, data_load_time:  2.78e-07, total_eval_time:  109, test_score:  1.57e+03, best_score:  3.5e+03, current lr:  0.0001, 
Epoch 311. train_acc:  78, train_loss:  0.333, data_points:  5.4e+05, total_data_gen_time:  32.5, train_time:  0.00119, data_load_time:  2.74e-07, best_score:  3.5e+03, current lr:  0.0001, 
Epoch 312. train_acc:  78.2, train_loss:  0.33, data_points:  5.4e+05, total_data_gen_time:  32.6, train_time:  0.00116, data_load_time:  2.74e-07, best_score:  3.5e+03, current lr:  0.0001, 
Epoch 313. train_acc:  78.2, train_loss:  0.329, data_points:  5.4e+05, total_data_gen_time:  32.3, train_time:  0.00114, data_load_time:  2.77e-07, best_score:  3.5e+03, current lr:  0.0001, 
Epoch 314. train_acc:  78.3, train_loss:  0.327, data_points:  5.4e+05, total_data_gen_time:  32, train_time:  0.00116, data_load_time:  2.75e-07, best_score:  3.5e+03, current lr:  0.0001, 
Epoch 315. train_acc:  78.5, train_loss:  0.323, data_points:  5.4e+05, total_data_gen_time:  32.7, train_time:  0.0012, data_load_time:  2.88e-07, best_score:  3.5e+03, current lr:  0.0001, 
Epoch 316. train_acc:  78.5, train_loss:  0.326, data_points:  5.4e+05, total_data_gen_time:  32, train_time:  0.00119, data_load_time:  2.72e-07, best_score:  3.5e+03, current lr:  0.0001, 
Epoch 317. train_acc:  78.5, train_loss:  0.326, data_points:  5.4e+05, total_data_gen_time:  32.6, train_time:  0.00116, data_load_time:  2.72e-07, best_score:  3.5e+03, current lr:  0.0001, 
Epoch 318. train_acc:  78.5, train_loss:  0.324, data_points:  5.4e+05, total_data_gen_time:  32.7, train_time:  0.0012, data_load_time:  2.68e-07, best_score:  3.5e+03, current lr:  0.0001, 
Epoch 319. train_acc:  78.7, train_loss:  0.322, data_points:  5.4e+05, total_data_gen_time:  32.1, train_time:  0.00117, data_load_time:  2.68e-07, best_score:  3.5e+03, current lr:  0.0001, 
Epoch 320. train_acc:  78.7, train_loss:  0.32, data_points:  5.4e+05, total_data_gen_time:  32.3, train_time:  0.00122, data_load_time:  2.67e-07, total_eval_time:  135, test_score:  950, best_score:  3.5e+03, current lr:  0.0001, 
Epoch 321. train_acc:  78.8, train_loss:  0.319, data_points:  5.4e+05, total_data_gen_time:  33.1, train_time:  0.00119, data_load_time:  2.75e-07, best_score:  3.5e+03, current lr:  0.0001, 
Epoch 322. train_acc:  78.7, train_loss:  0.321, data_points:  5.4e+05, total_data_gen_time:  31.9, train_time:  0.0012, data_load_time:  2.72e-07, best_score:  3.5e+03, current lr:  0.0001, 
Epoch 323. train_acc:  78.8, train_loss:  0.319, data_points:  5.4e+05, total_data_gen_time:  32.1, train_time:  0.00123, data_load_time:  2.83e-07, best_score:  3.5e+03, current lr:  0.0001, 
Epoch 324. train_acc:  78.8, train_loss:  0.318, data_points:  5.4e+05, total_data_gen_time:  32.6, train_time:  0.00118, data_load_time:  2.69e-07, best_score:  3.5e+03, current lr:  0.0001, 
Epoch 325. train_acc:  79, train_loss:  0.315, data_points:  5.4e+05, total_data_gen_time:  32, train_time:  0.00121, data_load_time:  2.7e-07, best_score:  3.5e+03, current lr:  0.0001, 
Epoch 326. train_acc:  78.8, train_loss:  0.318, data_points:  5.4e+05, total_data_gen_time:  32.1, train_time:  0.00121, data_load_time:  2.74e-07, best_score:  3.5e+03, current lr:  0.0001, 
Epoch 327. train_acc:  78.8, train_loss:  0.318, data_points:  5.4e+05, total_data_gen_time:  32.7, train_time:  0.0012, data_load_time:  2.69e-07, best_score:  3.5e+03, current lr:  0.0001, 
Epoch 328. train_acc:  78.9, train_loss:  0.315, data_points:  5.4e+05, total_data_gen_time:  32.2, train_time:  0.00127, data_load_time:  2.8e-07, best_score:  3.5e+03, current lr:  0.0001, 
Epoch 329. train_acc:  78.8, train_loss:  0.316, data_points:  5.4e+05, total_data_gen_time:  32.3, train_time:  0.00115, data_load_time:  2.73e-07, best_score:  3.5e+03, current lr:  0.0001, 
Epoch 330. train_acc:  78.7, train_loss:  0.318, data_points:  5.4e+05, total_data_gen_time:  32.5, train_time:  0.00116, data_load_time:  2.67e-07, total_eval_time:  136, test_score:  1.73e+03, best_score:  3.5e+03, current lr:  0.0001, 
Epoch 331. train_acc:  78.8, train_loss:  0.317, data_points:  5.4e+05, total_data_gen_time:  32.1, train_time:  0.00119, data_load_time:  2.77e-07, best_score:  3.5e+03, current lr:  0.0001, 
Epoch 332. train_acc:  78.9, train_loss:  0.315, data_points:  5.4e+05, total_data_gen_time:  32.2, train_time:  0.00119, data_load_time:  2.75e-07, best_score:  3.5e+03, current lr:  0.0001, 
Epoch 333. train_acc:  78.8, train_loss:  0.319, data_points:  5.4e+05, total_data_gen_time:  32.6, train_time:  0.00122, data_load_time:  2.72e-07, best_score:  3.5e+03, current lr:  0.0001, 
Epoch 334. train_acc:  78.7, train_loss:  0.321, data_points:  5.4e+05, total_data_gen_time:  31.8, train_time:  0.0012, data_load_time:  2.67e-07, best_score:  3.5e+03, current lr:  0.0001, 
Epoch 335. train_acc:  78.6, train_loss:  0.322, data_points:  5.4e+05, total_data_gen_time:  32, train_time:  0.0012, data_load_time:  2.7e-07, best_score:  3.5e+03, current lr:  0.0001, 
Epoch 336. train_acc:  78.7, train_loss:  0.32, data_points:  5.4e+05, total_data_gen_time:  33.1, train_time:  0.00116, data_load_time:  2.7e-07, best_score:  3.5e+03, current lr:  0.0001, 
Epoch 337. train_acc:  78.7, train_loss:  0.32, data_points:  5.4e+05, total_data_gen_time:  31.9, train_time:  0.00117, data_load_time:  2.74e-07, best_score:  3.5e+03, current lr:  0.0001, 
Epoch 338. train_acc:  78.6, train_loss:  0.323, data_points:  5.4e+05, total_data_gen_time:  32, train_time:  0.00118, data_load_time:  2.69e-07, best_score:  3.5e+03, current lr:  0.0001, 
Epoch 339. train_acc:  78.5, train_loss:  0.325, data_points:  5.4e+05, total_data_gen_time:  32.9, train_time:  0.00114, data_load_time:  2.84e-07, best_score:  3.5e+03, current lr:  0.0001, 
Epoch 340. train_acc:  78.6, train_loss:  0.324, data_points:  5.4e+05, total_data_gen_time:  31.9, train_time:  0.00117, data_load_time:  2.79e-07, total_eval_time:  45.3, test_score:  3.05e+03, best_score:  3.5e+03, current lr:  0.0001, 
Epoch 341. train_acc:  78.4, train_loss:  0.326, data_points:  5.4e+05, total_data_gen_time:  31.8, train_time:  0.00117, data_load_time:  2.75e-07, best_score:  3.5e+03, current lr:  0.0001, 
Epoch 342. train_acc:  78.4, train_loss:  0.323, data_points:  5.4e+05, total_data_gen_time:  32.8, train_time:  0.00118, data_load_time:  2.71e-07, best_score:  3.5e+03, current lr:  0.0001, 
Epoch 343. train_acc:  78.6, train_loss:  0.32, data_points:  5.4e+05, total_data_gen_time:  32.3, train_time:  0.00118, data_load_time:  2.71e-07, best_score:  3.5e+03, current lr:  0.0001, 
Epoch 344. train_acc:  78.6, train_loss:  0.321, data_points:  5.4e+05, total_data_gen_time:  32.1, train_time:  0.00115, data_load_time:  2.68e-07, best_score:  3.5e+03, current lr:  0.0001, 
Epoch 345. train_acc:  78.5, train_loss:  0.322, data_points:  5.4e+05, total_data_gen_time:  32.6, train_time:  0.00116, data_load_time:  2.74e-07, best_score:  3.5e+03, current lr:  0.0001, 
Epoch 346. train_acc:  78.5, train_loss:  0.323, data_points:  5.4e+05, total_data_gen_time:  32.3, train_time:  0.0012, data_load_time:  2.74e-07, best_score:  3.5e+03, current lr:  0.0001, 
Epoch 347. train_acc:  78.5, train_loss:  0.325, data_points:  5.4e+05, total_data_gen_time:  31.9, train_time:  0.0012, data_load_time:  2.83e-07, best_score:  3.5e+03, current lr:  0.0001, 
Epoch 348. train_acc:  78.6, train_loss:  0.323, data_points:  5.4e+05, total_data_gen_time:  32.5, train_time:  0.00118, data_load_time:  2.71e-07, best_score:  3.5e+03, current lr:  0.0001, 
Epoch 349. train_acc:  78.4, train_loss:  0.326, data_points:  5.4e+05, total_data_gen_time:  31.8, train_time:  0.00117, data_load_time:  2.66e-07, best_score:  3.5e+03, current lr:  0.0001, 
Epoch 350. train_acc:  78.4, train_loss:  0.325, data_points:  5.4e+05, total_data_gen_time:  31.9, train_time:  0.0012, data_load_time:  2.77e-07, total_eval_time:  107, test_score:  1.31e+03, best_score:  3.5e+03, current lr:  0.0001, 
Epoch 351. train_acc:  78.6, train_loss:  0.323, data_points:  5.4e+05, total_data_gen_time:  33, train_time:  0.00117, data_load_time:  2.8e-07, best_score:  3.5e+03, current lr:  0.0001, 
Epoch 352. train_acc:  78.6, train_loss:  0.324, data_points:  5.4e+05, total_data_gen_time:  32.2, train_time:  0.00117, data_load_time:  2.69e-07, best_score:  3.5e+03, current lr:  0.0001, 
Epoch 353. train_acc:  78.4, train_loss:  0.326, data_points:  5.4e+05, total_data_gen_time:  32.3, train_time:  0.00123, data_load_time:  2.78e-07, best_score:  3.5e+03, current lr:  0.0001, 
Epoch 354. train_acc:  78.5, train_loss:  0.327, data_points:  5.4e+05, total_data_gen_time:  32.7, train_time:  0.00119, data_load_time:  2.65e-07, best_score:  3.5e+03, current lr:  0.0001, 
Epoch 355. train_acc:  78.5, train_loss:  0.325, data_points:  5.4e+05, total_data_gen_time:  31.9, train_time:  0.00116, data_load_time:  2.74e-07, best_score:  3.5e+03, current lr:  0.0001, 
Epoch 356. train_acc:  78.4, train_loss:  0.327, data_points:  5.4e+05, total_data_gen_time:  32, train_time:  0.00121, data_load_time:  2.66e-07, best_score:  3.5e+03, current lr:  0.0001, 
Epoch 357. train_acc:  78.5, train_loss:  0.325, data_points:  5.4e+05, total_data_gen_time:  32.8, train_time:  0.00119, data_load_time:  2.75e-07, best_score:  3.5e+03, current lr:  0.0001, 
Epoch 358. train_acc:  78.5, train_loss:  0.324, data_points:  5.4e+05, total_data_gen_time:  32, train_time:  0.00116, data_load_time:  2.78e-07, best_score:  3.5e+03, current lr:  0.0001, 
Epoch 359. train_acc:  78.7, train_loss:  0.32, data_points:  5.4e+05, total_data_gen_time:  32, train_time:  0.0012, data_load_time:  2.77e-07, best_score:  3.5e+03, current lr:  0.0001, 
Epoch 360. train_acc:  78.8, train_loss:  0.319, data_points:  5.4e+05, total_data_gen_time:  33, train_time:  0.0012, data_load_time:  2.79e-07, total_eval_time:  131, test_score:  2.13e+03, best_score:  3.5e+03, current lr:  0.0001, 
Epoch 361. train_acc:  78.7, train_loss:  0.32, data_points:  5.4e+05, total_data_gen_time:  32, train_time:  0.00116, data_load_time:  2.68e-07, best_score:  3.5e+03, current lr:  0.0001, 
Epoch 362. train_acc:  78.8, train_loss:  0.32, data_points:  5.4e+05, total_data_gen_time:  32.7, train_time:  0.00121, data_load_time:  2.77e-07, best_score:  3.5e+03, current lr:  0.0001, 
Epoch 363. train_acc:  78.8, train_loss:  0.32, data_points:  5.4e+05, total_data_gen_time:  32.7, train_time:  0.00119, data_load_time:  2.81e-07, best_score:  3.5e+03, current lr:  0.0001, 
Epoch 364. train_acc:  78.7, train_loss:  0.322, data_points:  5.4e+05, total_data_gen_time:  32.1, train_time:  0.0012, data_load_time:  2.72e-07, best_score:  3.5e+03, current lr:  0.0001, 
Epoch 365. train_acc:  78.5, train_loss:  0.325, data_points:  5.4e+05, total_data_gen_time:  32, train_time:  0.00116, data_load_time:  2.78e-07, best_score:  3.5e+03, current lr:  0.0001, 
Epoch 366. train_acc:  78.6, train_loss:  0.324, data_points:  5.4e+05, total_data_gen_time:  32.7, train_time:  0.0012, data_load_time:  2.73e-07, best_score:  3.5e+03, current lr:  0.0001, 
Epoch 367. train_acc:  78.7, train_loss:  0.322, data_points:  5.4e+05, total_data_gen_time:  32, train_time:  0.00116, data_load_time:  2.7e-07, best_score:  3.5e+03, current lr:  0.0001, 
Epoch 368. train_acc:  78.6, train_loss:  0.321, data_points:  5.4e+05, total_data_gen_time:  32, train_time:  0.0012, data_load_time:  2.77e-07, best_score:  3.5e+03, current lr:  0.0001, 
Epoch 369. train_acc:  78.6, train_loss:  0.322, data_points:  5.4e+05, total_data_gen_time:  32.8, train_time:  0.00117, data_load_time:  2.92e-07, best_score:  3.5e+03, current lr:  0.0001, 
Epoch 370. train_acc:  78.7, train_loss:  0.321, data_points:  5.4e+05, total_data_gen_time:  32.2, train_time:  0.00116, data_load_time:  2.73e-07, total_eval_time:  56.6, test_score:  838, best_score:  3.5e+03, current lr:  0.0001, 
Epoch 371. train_acc:  78.6, train_loss:  0.324, data_points:  5.4e+05, total_data_gen_time:  32.1, train_time:  0.00116, data_load_time:  2.68e-07, best_score:  3.5e+03, current lr:  0.0001, 
Epoch 372. train_acc:  78.5, train_loss:  0.326, data_points:  5.4e+05, total_data_gen_time:  32.8, train_time:  0.00116, data_load_time:  2.62e-07, best_score:  3.5e+03, current lr:  0.0001, 
Epoch 373. train_acc:  78.4, train_loss:  0.327, data_points:  5.4e+05, total_data_gen_time:  32.3, train_time:  0.00119, data_load_time:  2.8e-07, best_score:  3.5e+03, current lr:  0.0001, 
Epoch 374. train_acc:  78.5, train_loss:  0.326, data_points:  5.4e+05, total_data_gen_time:  32.1, train_time:  0.00117, data_load_time:  2.72e-07, best_score:  3.5e+03, current lr:  0.0001, 
Epoch 375. train_acc:  78.5, train_loss:  0.325, data_points:  5.4e+05, total_data_gen_time:  33.2, train_time:  0.00122, data_load_time:  2.69e-07, best_score:  3.5e+03, current lr:  0.0001, 
Epoch 376. train_acc:  78.5, train_loss:  0.325, data_points:  5.4e+05, total_data_gen_time:  32.4, train_time:  0.00115, data_load_time:  2.68e-07, best_score:  3.5e+03, current lr:  0.0001, 
Epoch 377. train_acc:  78.6, train_loss:  0.324, data_points:  5.4e+05, total_data_gen_time:  32, train_time:  0.00122, data_load_time:  2.68e-07, best_score:  3.5e+03, current lr:  0.0001, 
Epoch 378. train_acc:  78.5, train_loss:  0.325, data_points:  5.4e+05, total_data_gen_time:  32.8, train_time:  0.00115, data_load_time:  2.5e-07, best_score:  3.5e+03, current lr:  0.0001, 
Epoch 379. train_acc:  78.6, train_loss:  0.326, data_points:  5.4e+05, total_data_gen_time:  31.8, train_time:  0.00117, data_load_time:  2.78e-07, best_score:  3.5e+03, current lr:  0.0001, 
Epoch 380. train_acc:  78.5, train_loss:  0.327, data_points:  5.4e+05, total_data_gen_time:  32, train_time:  0.00115, data_load_time:  2.75e-07, total_eval_time:  134, test_score:  1.53e+03, best_score:  3.5e+03, current lr:  0.0001, 
Epoch 381. train_acc:  78.7, train_loss:  0.323, data_points:  5.4e+05, total_data_gen_time:  32.8, train_time:  0.00117, data_load_time:  2.76e-07, best_score:  3.5e+03, current lr:  0.0001, 
Epoch 382. train_acc:  78.7, train_loss:  0.322, data_points:  5.4e+05, total_data_gen_time:  32.3, train_time:  0.00119, data_load_time:  2.75e-07, best_score:  3.5e+03, current lr:  0.0001, 
Epoch 383. train_acc:  78.7, train_loss:  0.321, data_points:  5.4e+05, total_data_gen_time:  32, train_time:  0.00115, data_load_time:  2.72e-07, best_score:  3.5e+03, current lr:  0.0001, 
Epoch 384. train_acc:  78.8, train_loss:  0.321, data_points:  5.4e+05, total_data_gen_time:  32.7, train_time:  0.00118, data_load_time:  2.78e-07, best_score:  3.5e+03, current lr:  0.0001, 
Epoch 385. train_acc:  78.9, train_loss:  0.318, data_points:  5.4e+05, total_data_gen_time:  32, train_time:  0.0012, data_load_time:  2.71e-07, best_score:  3.5e+03, current lr:  0.0001, 
Epoch 386. train_acc:  79, train_loss:  0.317, data_points:  5.4e+05, total_data_gen_time:  32.6, train_time:  0.00122, data_load_time:  2.67e-07, best_score:  3.5e+03, current lr:  0.0001, 
Epoch 387. train_acc:  78.9, train_loss:  0.317, data_points:  5.4e+05, total_data_gen_time:  33, train_time:  0.00123, data_load_time:  2.76e-07, best_score:  3.5e+03, current lr:  0.0001, 
Epoch 388. train_acc:  78.9, train_loss:  0.317, data_points:  5.4e+05, total_data_gen_time:  32, train_time:  0.00122, data_load_time:  2.74e-07, best_score:  3.5e+03, current lr:  0.0001, 
Epoch 389. train_acc:  78.7, train_loss:  0.32, data_points:  5.4e+05, total_data_gen_time:  32.5, train_time:  0.00118, data_load_time:  2.79e-07, best_score:  3.5e+03, current lr:  0.0001, 
Epoch 390. train_acc:  78.6, train_loss:  0.32, data_points:  5.4e+05, total_data_gen_time:  32.7, train_time:  0.00116, data_load_time:  2.78e-07, total_eval_time:  131, test_score:  2.03e+03, best_score:  3.5e+03, current lr:  0.0001, 
Epoch 391. train_acc:  78.7, train_loss:  0.32, data_points:  5.4e+05, total_data_gen_time:  32.1, train_time:  0.00114, data_load_time:  2.78e-07, best_score:  3.5e+03, current lr:  0.0001, 
Epoch 392. train_acc:  78.8, train_loss:  0.319, data_points:  5.4e+05, total_data_gen_time:  32.1, train_time:  0.00116, data_load_time:  2.84e-07, best_score:  3.5e+03, current lr:  0.0001, 
Epoch 393. train_acc:  78.9, train_loss:  0.317, data_points:  5.4e+05, total_data_gen_time:  32.9, train_time:  0.00119, data_load_time:  2.59e-07, best_score:  3.5e+03, current lr:  0.0001, 
Epoch 394. train_acc:  79, train_loss:  0.316, data_points:  5.4e+05, total_data_gen_time:  32, train_time:  0.00118, data_load_time:  2.77e-07, best_score:  3.5e+03, current lr:  0.0001, 
Epoch 395. train_acc:  79, train_loss:  0.316, data_points:  5.4e+05, total_data_gen_time:  32.1, train_time:  0.00119, data_load_time:  2.76e-07, best_score:  3.5e+03, current lr:  0.0001, 
Epoch 396. train_acc:  79.2, train_loss:  0.315, data_points:  5.4e+05, total_data_gen_time:  32.8, train_time:  0.00117, data_load_time:  2.63e-07, best_score:  3.5e+03, current lr:  0.0001, 
Epoch 397. train_acc:  79, train_loss:  0.318, data_points:  5.4e+05, total_data_gen_time:  32.5, train_time:  0.00121, data_load_time:  2.76e-07, best_score:  3.5e+03, current lr:  0.0001, 
Epoch 398. train_acc:  79.2, train_loss:  0.314, data_points:  5.4e+05, total_data_gen_time:  32.4, train_time:  0.00121, data_load_time:  2.8e-07, best_score:  3.5e+03, current lr:  0.0001, 
Epoch 399. train_acc:  79.2, train_loss:  0.313, data_points:  5.4e+05, total_data_gen_time:  32.9, train_time:  0.00121, data_load_time:  2.55e-07, best_score:  3.5e+03, current lr:  0.0001, 
Epoch 400. train_acc:  79.2, train_loss:  0.312, data_points:  5.4e+05, total_data_gen_time:  31.8, train_time:  0.00123, data_load_time:  2.73e-07, total_eval_time:  58.5, test_score:  2.65e+03, best_score:  3.5e+03, current lr:  0.0001, 
Epoch 401. train_acc:  79.2, train_loss:  0.313, data_points:  5.4e+05, total_data_gen_time:  32, train_time:  0.00119, data_load_time:  2.64e-07, best_score:  3.5e+03, current lr:  0.0001, 
Epoch 402. train_acc:  79, train_loss:  0.315, data_points:  5.4e+05, total_data_gen_time:  32.7, train_time:  0.00118, data_load_time:  2.76e-07, best_score:  3.5e+03, current lr:  0.0001, 
Epoch 403. train_acc:  79, train_loss:  0.315, data_points:  5.4e+05, total_data_gen_time:  32, train_time:  0.00118, data_load_time:  2.76e-07, best_score:  3.5e+03, current lr:  0.0001, 
Epoch 404. train_acc:  78.9, train_loss:  0.316, data_points:  5.4e+05, total_data_gen_time:  31.9, train_time:  0.00117, data_load_time:  2.77e-07, best_score:  3.5e+03, current lr:  0.0001, 
Epoch 405. train_acc:  79.1, train_loss:  0.315, data_points:  5.4e+05, total_data_gen_time:  32.8, train_time:  0.00121, data_load_time:  2.78e-07, best_score:  3.5e+03, current lr:  0.0001, 
Epoch 406. train_acc:  79, train_loss:  0.314, data_points:  5.4e+05, total_data_gen_time:  32, train_time:  0.00119, data_load_time:  2.79e-07, best_score:  3.5e+03, current lr:  0.0001, 
Epoch 407. train_acc:  79.1, train_loss:  0.312, data_points:  5.4e+05, total_data_gen_time:  32.2, train_time:  0.00119, data_load_time:  2.85e-07, best_score:  3.5e+03, current lr:  0.0001, 
Epoch 408. train_acc:  78.8, train_loss:  0.316, data_points:  5.4e+05, total_data_gen_time:  33.1, train_time:  0.00124, data_load_time:  2.7e-07, best_score:  3.5e+03, current lr:  0.0001, 
Epoch 409. train_acc:  79, train_loss:  0.315, data_points:  5.4e+05, total_data_gen_time:  32.1, train_time:  0.00118, data_load_time:  2.75e-07, best_score:  3.5e+03, current lr:  0.0001, 
Epoch 410. train_acc:  78.9, train_loss:  0.316, data_points:  5.4e+05, total_data_gen_time:  31.8, train_time:  0.00118, data_load_time:  2.78e-07, total_eval_time:  132, test_score:  1.5e+03, best_score:  3.5e+03, current lr:  0.0001, 
Epoch 411. train_acc:  78.8, train_loss:  0.317, data_points:  5.4e+05, total_data_gen_time:  32.7, train_time:  0.0012, data_load_time:  2.81e-07, best_score:  3.5e+03, current lr:  0.0001, 
Epoch 412. train_acc:  79, train_loss:  0.314, data_points:  5.4e+05, total_data_gen_time:  32, train_time:  0.00116, data_load_time:  2.76e-07, best_score:  3.5e+03, current lr:  0.0001, 
Epoch 413. train_acc:  78.9, train_loss:  0.313, data_points:  5.4e+05, total_data_gen_time:  32.1, train_time:  0.00119, data_load_time:  2.79e-07, best_score:  3.5e+03, current lr:  0.0001, 
Epoch 414. train_acc:  78.9, train_loss:  0.314, data_points:  5.4e+05, total_data_gen_time:  33.2, train_time:  0.00116, data_load_time:  2.79e-07, best_score:  3.5e+03, current lr:  0.0001, 
Epoch 415. train_acc:  78.7, train_loss:  0.319, data_points:  5.4e+05, total_data_gen_time:  32, train_time:  0.00115, data_load_time:  2.64e-07, best_score:  3.5e+03, current lr:  0.0001, 
Epoch 416. train_acc:  78.6, train_loss:  0.322, data_points:  5.4e+05, total_data_gen_time:  31.9, train_time:  0.00119, data_load_time:  2.71e-07, best_score:  3.5e+03, current lr:  0.0001, 
Epoch 417. train_acc:  78.6, train_loss:  0.323, data_points:  5.4e+05, total_data_gen_time:  32.7, train_time:  0.00116, data_load_time:  2.77e-07, best_score:  3.5e+03, current lr:  0.0001, 
Epoch 418. train_acc:  78.7, train_loss:  0.321, data_points:  5.4e+05, total_data_gen_time:  31.9, train_time:  0.00117, data_load_time:  2.69e-07, best_score:  3.5e+03, current lr:  0.0001, 
Epoch 419. train_acc:  78.7, train_loss:  0.321, data_points:  5.4e+05, total_data_gen_time:  32.2, train_time:  0.00117, data_load_time:  2.74e-07, best_score:  3.5e+03, current lr:  0.0001, 
Epoch 420. train_acc:  78.6, train_loss:  0.322, data_points:  5.4e+05, total_data_gen_time:  32.9, train_time:  0.00117, data_load_time:  2.73e-07, total_eval_time:  82.7, test_score:  3.13e+03, best_score:  3.5e+03, current lr:  0.0001, 
Epoch 421. train_acc:  78.9, train_loss:  0.316, data_points:  5.4e+05, total_data_gen_time:  32.1, train_time:  0.00123, data_load_time:  2.75e-07, best_score:  3.5e+03, current lr:  0.0001, 
Epoch 422. train_acc:  78.7, train_loss:  0.324, data_points:  5.4e+05, total_data_gen_time:  32, train_time:  0.00116, data_load_time:  2.72e-07, best_score:  3.5e+03, current lr:  0.0001, 
Epoch 423. train_acc:  78.6, train_loss:  0.326, data_points:  5.4e+05, total_data_gen_time:  32.6, train_time:  0.00119, data_load_time:  2.58e-07, best_score:  3.5e+03, current lr:  0.0001, 
Epoch 424. train_acc:  78.9, train_loss:  0.322, data_points:  5.4e+05, total_data_gen_time:  31.9, train_time:  0.0012, data_load_time:  2.62e-07, best_score:  3.5e+03, current lr:  0.0001, 
Epoch 425. train_acc:  78.7, train_loss:  0.323, data_points:  5.4e+05, total_data_gen_time:  31.9, train_time:  0.00116, data_load_time:  2.75e-07, best_score:  3.5e+03, current lr:  0.0001, 
Epoch 426. train_acc:  78.8, train_loss:  0.321, data_points:  5.4e+05, total_data_gen_time:  32.5, train_time:  0.00119, data_load_time:  2.77e-07, best_score:  3.5e+03, current lr:  0.0001, 
Epoch 427. train_acc:  78.8, train_loss:  0.32, data_points:  5.4e+05, total_data_gen_time:  32, train_time:  0.00118, data_load_time:  2.71e-07, best_score:  3.5e+03, current lr:  0.0001, 
Epoch 428. train_acc:  78.7, train_loss:  0.322, data_points:  5.4e+05, total_data_gen_time:  32, train_time:  0.00119, data_load_time:  2.79e-07, best_score:  3.5e+03, current lr:  0.0001, 
Epoch 429. train_acc:  78.7, train_loss:  0.321, data_points:  5.4e+05, total_data_gen_time:  32.6, train_time:  0.00122, data_load_time:  2.63e-07, best_score:  3.5e+03, current lr:  0.0001, 
Epoch 430. train_acc:  78.7, train_loss:  0.319, data_points:  5.4e+05, total_data_gen_time:  32.3, train_time:  0.00123, data_load_time:  2.76e-07, total_eval_time:  131, test_score:  421, best_score:  3.5e+03, current lr:  0.0001, 
Epoch 431. train_acc:  78.7, train_loss:  0.32, data_points:  5.4e+05, total_data_gen_time:  32.1, train_time:  0.00119, data_load_time:  2.51e-07, best_score:  3.5e+03, current lr:  0.0001, 
Epoch 432. train_acc:  78.8, train_loss:  0.318, data_points:  5.4e+05, total_data_gen_time:  32.6, train_time:  0.00122, data_load_time:  2.77e-07, best_score:  3.5e+03, current lr:  0.0001, 
Epoch 433. train_acc:  79, train_loss:  0.315, data_points:  5.4e+05, total_data_gen_time:  32, train_time:  0.00123, data_load_time:  2.65e-07, best_score:  3.5e+03, current lr:  0.0001, 
Epoch 434. train_acc:  78.9, train_loss:  0.316, data_points:  5.4e+05, total_data_gen_time:  31.9, train_time:  0.00118, data_load_time:  2.75e-07, best_score:  3.5e+03, current lr:  0.0001, 
Epoch 435. train_acc:  79.1, train_loss:  0.312, data_points:  5.4e+05, total_data_gen_time:  32.7, train_time:  0.00121, data_load_time:  2.72e-07, best_score:  3.5e+03, current lr:  0.0001, 
Epoch 436. train_acc:  79, train_loss:  0.314, data_points:  5.4e+05, total_data_gen_time:  31.8, train_time:  0.00116, data_load_time:  2.59e-07, best_score:  3.5e+03, current lr:  0.0001, 
Epoch 437. train_acc:  79, train_loss:  0.313, data_points:  5.4e+05, total_data_gen_time:  32, train_time:  0.00118, data_load_time:  2.7e-07, best_score:  3.5e+03, current lr:  0.0001, 
Epoch 438. train_acc:  79.3, train_loss:  0.31, data_points:  5.4e+05, total_data_gen_time:  32.6, train_time:  0.00118, data_load_time:  2.77e-07, best_score:  3.5e+03, current lr:  0.0001, 
Epoch 439. train_acc:  79.1, train_loss:  0.314, data_points:  5.4e+05, total_data_gen_time:  32.7, train_time:  0.00119, data_load_time:  2.81e-07, best_score:  3.5e+03, current lr:  0.0001, 
Epoch 440. train_acc:  79, train_loss:  0.315, data_points:  5.4e+05, total_data_gen_time:  32, train_time:  0.0012, data_load_time:  2.76e-07, total_eval_time:  132, test_score:  2.23e+03, best_score:  3.5e+03, current lr:  0.0001, 
Epoch 441. train_acc:  79, train_loss:  0.317, data_points:  5.4e+05, total_data_gen_time:  33, train_time:  0.0012, data_load_time:  2.71e-07, best_score:  3.5e+03, current lr:  0.0001, 
Epoch 442. train_acc:  78.9, train_loss:  0.318, data_points:  5.4e+05, total_data_gen_time:  32.2, train_time:  0.00122, data_load_time:  2.66e-07, best_score:  3.5e+03, current lr:  0.0001, 
Epoch 443. train_acc:  78.8, train_loss:  0.32, data_points:  5.4e+05, total_data_gen_time:  32, train_time:  0.0012, data_load_time:  2.74e-07, best_score:  3.5e+03, current lr:  0.0001, 
Epoch 444. train_acc:  78.9, train_loss:  0.318, data_points:  5.4e+05, total_data_gen_time:  32.8, train_time:  0.00116, data_load_time:  2.78e-07, best_score:  3.5e+03, current lr:  0.0001, 
Epoch 445. train_acc:  78.9, train_loss:  0.318, data_points:  5.4e+05, total_data_gen_time:  31.9, train_time:  0.00118, data_load_time:  2.74e-07, best_score:  3.5e+03, current lr:  0.0001, 
Epoch 446. train_acc:  79, train_loss:  0.317, data_points:  5.4e+05, total_data_gen_time:  32.4, train_time:  0.00116, data_load_time:  2.73e-07, best_score:  3.5e+03, current lr:  0.0001, 
Epoch 447. train_acc:  78.9, train_loss:  0.317, data_points:  5.4e+05, total_data_gen_time:  32.7, train_time:  0.0012, data_load_time:  2.82e-07, best_score:  3.5e+03, current lr:  0.0001, 
Epoch 448. train_acc:  78.9, train_loss:  0.318, data_points:  5.4e+05, total_data_gen_time:  31.8, train_time:  0.00119, data_load_time:  2.77e-07, best_score:  3.5e+03, current lr:  0.0001, 
Epoch 449. train_acc:  78.9, train_loss:  0.317, data_points:  5.4e+05, total_data_gen_time:  31.9, train_time:  0.00121, data_load_time:  2.57e-07, best_score:  3.5e+03, current lr:  0.0001, 
Epoch 450. train_acc:  78.9, train_loss:  0.317, data_points:  5.4e+05, total_data_gen_time:  32.7, train_time:  0.00121, data_load_time:  2.72e-07, total_eval_time:  57.3, test_score:  2.76e+03, best_score:  3.5e+03, current lr:  0.0001, 
Epoch 451. train_acc:  79.1, train_loss:  0.313, data_points:  5.4e+05, total_data_gen_time:  31.9, train_time:  0.00121, data_load_time:  2.53e-07, best_score:  3.5e+03, current lr:  0.0001, 
Epoch 452. train_acc:  79.1, train_loss:  0.313, data_points:  5.4e+05, total_data_gen_time:  32.7, train_time:  0.00121, data_load_time:  2.72e-07, best_score:  3.5e+03, current lr:  0.0001, 
Epoch 453. train_acc:  79, train_loss:  0.314, data_points:  5.4e+05, total_data_gen_time:  32.8, train_time:  0.00117, data_load_time:  2.77e-07, best_score:  3.5e+03, current lr:  0.0001, 
Epoch 454. train_acc:  79, train_loss:  0.314, data_points:  5.4e+05, total_data_gen_time:  31.9, train_time:  0.00122, data_load_time:  2.77e-07, best_score:  3.5e+03, current lr:  0.0001, 
Epoch 455. train_acc:  78.9, train_loss:  0.318, data_points:  5.4e+05, total_data_gen_time:  31.9, train_time:  0.00115, data_load_time:  2.74e-07, best_score:  3.5e+03, current lr:  0.0001, 
Epoch 456. train_acc:  79.1, train_loss:  0.314, data_points:  5.4e+05, total_data_gen_time:  32.6, train_time:  0.00116, data_load_time:  2.68e-07, best_score:  3.5e+03, current lr:  0.0001, 
Epoch 457. train_acc:  79.1, train_loss:  0.314, data_points:  5.4e+05, total_data_gen_time:  32, train_time:  0.00118, data_load_time:  2.73e-07, best_score:  3.5e+03, current lr:  0.0001, 
Epoch 458. train_acc:  79.1, train_loss:  0.315, data_points:  5.4e+05, total_data_gen_time:  32, train_time:  0.00122, data_load_time:  2.71e-07, best_score:  3.5e+03, current lr:  0.0001, 
Epoch 459. train_acc:  79.2, train_loss:  0.312, data_points:  5.4e+05, total_data_gen_time:  33.1, train_time:  0.0012, data_load_time:  2.61e-07, best_score:  3.5e+03, current lr:  0.0001, 
Epoch 460. train_acc:  79.2, train_loss:  0.312, data_points:  5.4e+05, total_data_gen_time:  32.2, train_time:  0.00118, data_load_time:  2.71e-07, total_eval_time:  131, test_score:  1.15e+03, best_score:  3.5e+03, current lr:  0.0001, 
Epoch 461. train_acc:  79, train_loss:  0.315, data_points:  5.4e+05, total_data_gen_time:  32, train_time:  0.00121, data_load_time:  2.74e-07, best_score:  3.5e+03, current lr:  0.0001, 
Epoch 462. train_acc:  78.9, train_loss:  0.317, data_points:  5.4e+05, total_data_gen_time:  32.6, train_time:  0.00118, data_load_time:  2.83e-07, best_score:  3.5e+03, current lr:  0.0001, 
Epoch 463. train_acc:  79, train_loss:  0.314, data_points:  5.4e+05, total_data_gen_time:  32.8, train_time:  0.0012, data_load_time:  2.71e-07, best_score:  3.5e+03, current lr:  0.0001, 
Epoch 464. train_acc:  79, train_loss:  0.316, data_points:  5.4e+05, total_data_gen_time:  32.7, train_time:  0.00119, data_load_time:  2.8e-07, best_score:  3.5e+03, current lr:  0.0001, 
Epoch 465. train_acc:  79.1, train_loss:  0.314, data_points:  5.4e+05, total_data_gen_time:  32.6, train_time:  0.0012, data_load_time:  2.76e-07, best_score:  3.5e+03, current lr:  0.0001, 
Epoch 466. train_acc:  79.1, train_loss:  0.315, data_points:  5.4e+05, total_data_gen_time:  31.9, train_time:  0.00118, data_load_time:  2.71e-07, best_score:  3.5e+03, current lr:  0.0001, 
Epoch 467. train_acc:  79, train_loss:  0.318, data_points:  5.4e+05, total_data_gen_time:  32.1, train_time:  0.00116, data_load_time:  2.67e-07, best_score:  3.5e+03, current lr:  0.0001, 
Epoch 468. train_acc:  79.1, train_loss:  0.315, data_points:  5.4e+05, total_data_gen_time:  32.7, train_time:  0.00118, data_load_time:  2.7e-07, best_score:  3.5e+03, current lr:  0.0001, 
Epoch 469. train_acc:  79, train_loss:  0.317, data_points:  5.4e+05, total_data_gen_time:  32, train_time:  0.00122, data_load_time:  2.79e-07, best_score:  3.5e+03, current lr:  0.0001, 
Epoch 470. train_acc:  79, train_loss:  0.317, data_points:  5.4e+05, total_data_gen_time:  32, train_time:  0.00122, data_load_time:  2.77e-07, total_eval_time:  43.7, test_score:  623, best_score:  3.5e+03, current lr:  0.0001, 
Epoch 471. train_acc:  79.1, train_loss:  0.315, data_points:  5.4e+05, total_data_gen_time:  32.6, train_time:  0.00121, data_load_time:  2.81e-07, best_score:  3.5e+03, current lr:  0.0001, 
Epoch 472. train_acc:  79.2, train_loss:  0.312, data_points:  5.4e+05, total_data_gen_time:  31.9, train_time:  0.00123, data_load_time:  2.73e-07, best_score:  3.5e+03, current lr:  0.0001, 
Epoch 473. train_acc:  79.3, train_loss:  0.312, data_points:  5.4e+05, total_data_gen_time:  32, train_time:  0.00122, data_load_time:  2.7e-07, best_score:  3.5e+03, current lr:  0.0001, 
Epoch 474. train_acc:  79.3, train_loss:  0.311, data_points:  5.4e+05, total_data_gen_time:  32.9, train_time:  0.00118, data_load_time:  2.77e-07, best_score:  3.5e+03, current lr:  0.0001, 
Epoch 475. train_acc:  79.2, train_loss:  0.312, data_points:  5.4e+05, total_data_gen_time:  31.9, train_time:  0.00118, data_load_time:  2.81e-07, best_score:  3.5e+03, current lr:  0.0001, 
Epoch 476. train_acc:  79.3, train_loss:  0.312, data_points:  5.4e+05, total_data_gen_time:  32, train_time:  0.00118, data_load_time:  2.75e-07, best_score:  3.5e+03, current lr:  0.0001, 
Epoch 477. train_acc:  79.3, train_loss:  0.311, data_points:  5.4e+05, total_data_gen_time:  32.6, train_time:  0.00116, data_load_time:  2.72e-07, best_score:  3.5e+03, current lr:  0.0001, 
Epoch 478. train_acc:  79.1, train_loss:  0.313, data_points:  5.4e+05, total_data_gen_time:  31.7, train_time:  0.00118, data_load_time:  2.77e-07, best_score:  3.5e+03, current lr:  0.0001, 
Epoch 479. train_acc:  79, train_loss:  0.315, data_points:  5.4e+05, total_data_gen_time:  31.9, train_time:  0.00117, data_load_time:  2.76e-07, best_score:  3.5e+03, current lr:  0.0001, 
Epoch 480. train_acc:  79.1, train_loss:  0.313, data_points:  5.4e+05, total_data_gen_time:  32.7, train_time:  0.00117, data_load_time:  2.74e-07, total_eval_time:  132, test_score:  699, best_score:  3.5e+03, current lr:  0.0001, 
Epoch 481. train_acc:  78.9, train_loss:  0.317, data_points:  5.4e+05, total_data_gen_time:  31.9, train_time:  0.0012, data_load_time:  2.74e-07, best_score:  3.5e+03, current lr:  0.0001, 
Epoch 482. train_acc:  78.9, train_loss:  0.317, data_points:  5.4e+05, total_data_gen_time:  31.8, train_time:  0.00119, data_load_time:  2.85e-07, best_score:  3.5e+03, current lr:  0.0001, 
Epoch 483. train_acc:  78.8, train_loss:  0.319, data_points:  5.4e+05, total_data_gen_time:  32.6, train_time:  0.00118, data_load_time:  2.73e-07, best_score:  3.5e+03, current lr:  0.0001, 
Epoch 484. train_acc:  78.8, train_loss:  0.318, data_points:  5.4e+05, total_data_gen_time:  31.9, train_time:  0.00121, data_load_time:  2.72e-07, best_score:  3.5e+03, current lr:  0.0001, 
Epoch 485. train_acc:  78.8, train_loss:  0.319, data_points:  5.4e+05, total_data_gen_time:  32, train_time:  0.00119, data_load_time:  2.77e-07, best_score:  3.5e+03, current lr:  0.0001, 
Epoch 486. train_acc:  78.8, train_loss:  0.318, data_points:  5.4e+05, total_data_gen_time:  32.6, train_time:  0.0012, data_load_time:  2.77e-07, best_score:  3.5e+03, current lr:  0.0001, 
Epoch 487. train_acc:  78.9, train_loss:  0.318, data_points:  5.4e+05, total_data_gen_time:  31.8, train_time:  0.00116, data_load_time:  2.72e-07, best_score:  3.5e+03, current lr:  0.0001, 
Epoch 488. train_acc:  79, train_loss:  0.317, data_points:  5.4e+05, total_data_gen_time:  31.8, train_time:  0.00121, data_load_time:  2.78e-07, best_score:  3.5e+03, current lr:  0.0001, 
Epoch 489. train_acc:  79, train_loss:  0.316, data_points:  5.4e+05, total_data_gen_time:  33.2, train_time:  0.00118, data_load_time:  2.69e-07, best_score:  3.5e+03, current lr:  0.0001, 
Epoch 490. train_acc:  79, train_loss:  0.315, data_points:  5.4e+05, total_data_gen_time:  32.1, train_time:  0.00117, data_load_time:  2.67e-07, total_eval_time:  131, test_score:  1.44e+03, best_score:  3.5e+03, current lr:  0.0001, 
Epoch 491. train_acc:  79, train_loss:  0.315, data_points:  5.4e+05, total_data_gen_time:  32, train_time:  0.00118, data_load_time:  2.75e-07, best_score:  3.5e+03, current lr:  0.0001, 
Epoch 492. train_acc:  79.2, train_loss:  0.311, data_points:  5.4e+05, total_data_gen_time:  32.8, train_time:  0.00118, data_load_time:  2.81e-07, best_score:  3.5e+03, current lr:  0.0001, 
Epoch 493. train_acc:  79.1, train_loss:  0.313, data_points:  5.4e+05, total_data_gen_time:  31.9, train_time:  0.00118, data_load_time:  2.71e-07, best_score:  3.5e+03, current lr:  0.0001, 
Epoch 494. train_acc:  79.1, train_loss:  0.313, data_points:  5.4e+05, total_data_gen_time:  32, train_time:  0.00118, data_load_time:  2.76e-07, best_score:  3.5e+03, current lr:  0.0001, 
Epoch 495. train_acc:  79.1, train_loss:  0.313, data_points:  5.4e+05, total_data_gen_time:  32.9, train_time:  0.0012, data_load_time:  2.76e-07, best_score:  3.5e+03, current lr:  0.0001, 
Epoch 496. train_acc:  79.1, train_loss:  0.314, data_points:  5.4e+05, total_data_gen_time:  32.2, train_time:  0.00116, data_load_time:  2.7e-07, best_score:  3.5e+03, current lr:  0.0001, 
Epoch 497. train_acc:  79.2, train_loss:  0.312, data_points:  5.4e+05, total_data_gen_time:  32, train_time:  0.0012, data_load_time:  2.81e-07, best_score:  3.5e+03, current lr:  0.0001, 
Epoch 498. train_acc:  79.3, train_loss:  0.308, data_points:  5.4e+05, total_data_gen_time:  32.5, train_time:  0.00119, data_load_time:  2.67e-07, best_score:  3.5e+03, current lr:  0.0001, 
Epoch 499. train_acc:  79.2, train_loss:  0.31, data_points:  5.4e+05, total_data_gen_time:  31.7, train_time:  0.00119, data_load_time:  2.73e-07, best_score:  3.5e+03, current lr:  0.0001, 
Epoch 500. train_acc:  79.2, train_loss:  0.311, data_points:  5.4e+05, total_data_gen_time:  31.9, train_time:  0.00122, data_load_time:  2.74e-07, total_eval_time:  83, test_score:  1.49e+03, best_score:  3.5e+03, current lr:  0.0001, 
[31m[EVAL] Best score:3495.0[0m
[1;34mwandb[0m: 
[1;34mwandb[0m: 🚀 View run [33mpolicy_distillation_small_dqn/dqn_dqn4_da_001_3[0m at: [34mhttps://wandb.ai/y4umeng-columbia-university/policy_distillation_small_dqn/runs/ofs4pj6z[0m
[1;34mwandb[0m: Find logs at: [1;35mwandb/run-20250302_163301-ofs4pj6z/logs[0m
