nohup: ignoring input
wandb: Currently logged in as: y4umeng (y4umeng-columbia-university) to https://api.wandb.ai. Use `wandb login --relogin` to force relogin
wandb: Using wandb-core as the SDK backend.  Please refer to https://wandb.me/wandb-core for more information.
wandb: Tracking run with wandb version 0.19.6
wandb: Run data is saved locally in /home/yw3809/Projects/policy_distillation/src/wandb/run-20250301_220001-aq0ebxaa
wandb: Run `wandb offline` to turn off syncing.
wandb: Syncing run policy_distillation_small_dqn/dqn_dqn4_da
wandb: ⭐️ View project at https://wandb.ai/y4umeng-columbia-university/policy_distillation_small_dqn
wandb: 🚀 View run at https://wandb.ai/y4umeng-columbia-university/policy_distillation_small_dqn/runs/aq0ebxaa
A.L.E: Arcade Learning Environment (version 0.10.1+unknown)
[Powered by Stella]
[36m[INFO] CONFIG:
DA:
  EPOCHS: 1
  LR: 0.01
  PROB: 0.3
DATA:
  EXPLORATION_RATE: 0.05
  INCREMENT_SIZE: 54000
  MAX_CAPACITY: 540000
DISTILLER:
  ENV: BreakoutNoFrameskip-v4
  STUDENT: dqn4
  TEACHER: dqn
  TYPE: DA
EXPERIMENT:
  DEVICE: cuda
  NAME: dqn_dqn4_da
  PROJECT: policy_distillation_small_dqn
  TAG: breakout, dqn, DA
LOG:
  BAR: false
  EVAL_EPISODES: 10
  EVAL_FREQ: 10
  PREFIX: ./output
  SAVE_CHECKPOINT_FREQ: 100
  WANDB: true
SOLVER:
  BATCH_SIZE: 32
  EPOCHS: 500
  LR: 0.0001
  LR_DECAY_RATE: 0.1
  LR_DECAY_STAGES: []
  MOMENTUM: 0.9
  SOFTMAX_TEMP: 0.01
  TRAINER: base
  TYPE: SGD
  WEIGHT_DECAY: 0.0001
[0m
Epoch 1. train_acc:  55.9, train_loss:  0.855, data_points:  5.4e+04, total_data_gen_time:  33.5, train_time:  0.00127, data_load_time:  2.51e-07, total_eval_time:  0.656, test_score:  0, best_score:  0, current lr:  0.0001, 
Epoch 2. train_acc:  55.8, train_loss:  0.812, data_points:  1.08e+05, total_data_gen_time:  33.5, train_time:  0.00127, data_load_time:  2.99e-07, best_score:  0, current lr:  0.0001, 
Epoch 3. train_acc:  57, train_loss:  0.791, data_points:  1.62e+05, total_data_gen_time:  32.9, train_time:  0.00123, data_load_time:  2.82e-07, best_score:  0, current lr:  0.0001, 
Epoch 4. train_acc:  58.8, train_loss:  0.764, data_points:  2.16e+05, total_data_gen_time:  33.2, train_time:  0.00121, data_load_time:  2.87e-07, best_score:  0, current lr:  0.0001, 
Epoch 5. train_acc:  59.6, train_loss:  0.747, data_points:  2.7e+05, total_data_gen_time:  33.5, train_time:  0.00124, data_load_time:  2.78e-07, best_score:  0, current lr:  0.0001, 
Epoch 6. train_acc:  59.9, train_loss:  0.737, data_points:  3.24e+05, total_data_gen_time:  33.1, train_time:  0.00125, data_load_time:  2.87e-07, best_score:  0, current lr:  0.0001, 
Epoch 7. train_acc:  60.1, train_loss:  0.729, data_points:  3.78e+05, total_data_gen_time:  33.3, train_time:  0.00119, data_load_time:  2.91e-07, best_score:  0, current lr:  0.0001, 
Epoch 8. train_acc:  60.7, train_loss:  0.711, data_points:  4.32e+05, total_data_gen_time:  33.3, train_time:  0.00119, data_load_time:  2.8e-07, best_score:  0, current lr:  0.0001, 
Epoch 9. train_acc:  61.3, train_loss:  0.687, data_points:  4.86e+05, total_data_gen_time:  32.5, train_time:  0.00118, data_load_time:  2.9e-07, best_score:  0, current lr:  0.0001, 
Epoch 10. train_acc:  62.2, train_loss:  0.665, data_points:  5.4e+05, total_data_gen_time:  32.9, train_time:  0.00118, data_load_time:  2.85e-07, total_eval_time:  105, test_score:  30, best_score:  30, current lr:  0.0001, 
Epoch 11. train_acc:  62.8, train_loss:  0.65, data_points:  5.4e+05, total_data_gen_time:  35.6, train_time:  0.00126, data_load_time:  2.78e-07, best_score:  30, current lr:  0.0001, 
Epoch 12. train_acc:  63.6, train_loss:  0.637, data_points:  5.4e+05, total_data_gen_time:  36, train_time:  0.0013, data_load_time:  2.75e-07, best_score:  30, current lr:  0.0001, 
Epoch 13. train_acc:  64.5, train_loss:  0.618, data_points:  5.4e+05, total_data_gen_time:  35.4, train_time:  0.00129, data_load_time:  2.85e-07, best_score:  30, current lr:  0.0001, 
Epoch 14. train_acc:  65.5, train_loss:  0.597, data_points:  5.4e+05, total_data_gen_time:  35.2, train_time:  0.00131, data_load_time:  2.71e-07, best_score:  30, current lr:  0.0001, 
Epoch 15. train_acc:  66.1, train_loss:  0.582, data_points:  5.4e+05, total_data_gen_time:  35.3, train_time:  0.00129, data_load_time:  2.8e-07, best_score:  30, current lr:  0.0001, 
Epoch 16. train_acc:  66.8, train_loss:  0.567, data_points:  5.4e+05, total_data_gen_time:  35.4, train_time:  0.00128, data_load_time:  2.75e-07, best_score:  30, current lr:  0.0001, 
Epoch 17. train_acc:  67.6, train_loss:  0.551, data_points:  5.4e+05, total_data_gen_time:  35.2, train_time:  0.0013, data_load_time:  2.81e-07, best_score:  30, current lr:  0.0001, 
Epoch 18. train_acc:  67.7, train_loss:  0.544, data_points:  5.4e+05, total_data_gen_time:  35, train_time:  0.00128, data_load_time:  2.77e-07, best_score:  30, current lr:  0.0001, 
Epoch 19. train_acc:  68.4, train_loss:  0.531, data_points:  5.4e+05, total_data_gen_time:  35.4, train_time:  0.0012, data_load_time:  2.72e-07, best_score:  30, current lr:  0.0001, 
Epoch 20. train_acc:  68.7, train_loss:  0.524, data_points:  5.4e+05, total_data_gen_time:  35, train_time:  0.0013, data_load_time:  2.82e-07, total_eval_time:  5.11, test_score:  514, best_score:  514, current lr:  0.0001, 
Epoch 21. train_acc:  69.4, train_loss:  0.51, data_points:  5.4e+05, total_data_gen_time:  34, train_time:  0.00129, data_load_time:  2.71e-07, best_score:  514, current lr:  0.0001, 
Epoch 22. train_acc:  69.9, train_loss:  0.5, data_points:  5.4e+05, total_data_gen_time:  34.7, train_time:  0.00127, data_load_time:  2.87e-07, best_score:  514, current lr:  0.0001, 
Epoch 23. train_acc:  70.1, train_loss:  0.494, data_points:  5.4e+05, total_data_gen_time:  34.7, train_time:  0.00128, data_load_time:  2.68e-07, best_score:  514, current lr:  0.0001, 
Epoch 24. train_acc:  70.5, train_loss:  0.487, data_points:  5.4e+05, total_data_gen_time:  34.1, train_time:  0.00129, data_load_time:  2.66e-07, best_score:  514, current lr:  0.0001, 
Epoch 25. train_acc:  70.7, train_loss:  0.484, data_points:  5.4e+05, total_data_gen_time:  34.7, train_time:  0.00128, data_load_time:  2.68e-07, best_score:  514, current lr:  0.0001, 
Epoch 26. train_acc:  70.8, train_loss:  0.48, data_points:  5.4e+05, total_data_gen_time:  34, train_time:  0.0013, data_load_time:  2.68e-07, best_score:  514, current lr:  0.0001, 
Epoch 27. train_acc:  71.1, train_loss:  0.475, data_points:  5.4e+05, total_data_gen_time:  33.9, train_time:  0.0013, data_load_time:  2.55e-07, best_score:  514, current lr:  0.0001, 
Epoch 28. train_acc:  71.6, train_loss:  0.465, data_points:  5.4e+05, total_data_gen_time:  32.8, train_time:  0.00117, data_load_time:  2.79e-07, best_score:  514, current lr:  0.0001, 
Epoch 29. train_acc:  71.9, train_loss:  0.46, data_points:  5.4e+05, total_data_gen_time:  31.9, train_time:  0.00121, data_load_time:  2.79e-07, best_score:  514, current lr:  0.0001, 
Epoch 30. train_acc:  72, train_loss:  0.456, data_points:  5.4e+05, total_data_gen_time:  32.3, train_time:  0.00121, data_load_time:  2.79e-07, total_eval_time:  40, test_score:  169, best_score:  514, current lr:  0.0001, 
Epoch 31. train_acc:  72, train_loss:  0.454, data_points:  5.4e+05, total_data_gen_time:  31.9, train_time:  0.00115, data_load_time:  2.84e-07, best_score:  514, current lr:  0.0001, 
Epoch 32. train_acc:  72.2, train_loss:  0.451, data_points:  5.4e+05, total_data_gen_time:  31.7, train_time:  0.00114, data_load_time:  2.69e-07, best_score:  514, current lr:  0.0001, 
Epoch 33. train_acc:  72.3, train_loss:  0.449, data_points:  5.4e+05, total_data_gen_time:  32.1, train_time:  0.00115, data_load_time:  2.77e-07, best_score:  514, current lr:  0.0001, 
Epoch 34. train_acc:  72.5, train_loss:  0.447, data_points:  5.4e+05, total_data_gen_time:  32.1, train_time:  0.00118, data_load_time:  2.8e-07, best_score:  514, current lr:  0.0001, 
Epoch 35. train_acc:  72.7, train_loss:  0.442, data_points:  5.4e+05, total_data_gen_time:  31.6, train_time:  0.00116, data_load_time:  2.8e-07, best_score:  514, current lr:  0.0001, 
Epoch 36. train_acc:  72.8, train_loss:  0.438, data_points:  5.4e+05, total_data_gen_time:  31.5, train_time:  0.00117, data_load_time:  2.77e-07, best_score:  514, current lr:  0.0001, 
Epoch 37. train_acc:  73, train_loss:  0.434, data_points:  5.4e+05, total_data_gen_time:  32.1, train_time:  0.00116, data_load_time:  2.78e-07, best_score:  514, current lr:  0.0001, 
Epoch 38. train_acc:  73.1, train_loss:  0.432, data_points:  5.4e+05, total_data_gen_time:  31.7, train_time:  0.00115, data_load_time:  2.86e-07, best_score:  514, current lr:  0.0001, 
Epoch 39. train_acc:  73, train_loss:  0.432, data_points:  5.4e+05, total_data_gen_time:  31.9, train_time:  0.00117, data_load_time:  2.75e-07, best_score:  514, current lr:  0.0001, 
Epoch 40. train_acc:  73.2, train_loss:  0.43, data_points:  5.4e+05, total_data_gen_time:  31.7, train_time:  0.00115, data_load_time:  2.78e-07, total_eval_time:  103, test_score:  140, best_score:  514, current lr:  0.0001, 
Epoch 41. train_acc:  73.5, train_loss:  0.422, data_points:  5.4e+05, total_data_gen_time:  31.5, train_time:  0.00114, data_load_time:  2.79e-07, best_score:  514, current lr:  0.0001, 
Epoch 42. train_acc:  73.5, train_loss:  0.421, data_points:  5.4e+05, total_data_gen_time:  31.8, train_time:  0.00116, data_load_time:  2.78e-07, best_score:  514, current lr:  0.0001, 
Epoch 43. train_acc:  73.8, train_loss:  0.416, data_points:  5.4e+05, total_data_gen_time:  31.5, train_time:  0.00117, data_load_time:  2.8e-07, best_score:  514, current lr:  0.0001, 
Epoch 44. train_acc:  74, train_loss:  0.414, data_points:  5.4e+05, total_data_gen_time:  31.5, train_time:  0.00122, data_load_time:  2.76e-07, best_score:  514, current lr:  0.0001, 
Epoch 45. train_acc:  74, train_loss:  0.413, data_points:  5.4e+05, total_data_gen_time:  32.3, train_time:  0.00114, data_load_time:  2.84e-07, best_score:  514, current lr:  0.0001, 
Epoch 46. train_acc:  74.2, train_loss:  0.412, data_points:  5.4e+05, total_data_gen_time:  31.6, train_time:  0.00117, data_load_time:  2.74e-07, best_score:  514, current lr:  0.0001, 
Epoch 47. train_acc:  74.3, train_loss:  0.409, data_points:  5.4e+05, total_data_gen_time:  31.5, train_time:  0.00118, data_load_time:  2.78e-07, best_score:  514, current lr:  0.0001, 
Epoch 48. train_acc:  74.3, train_loss:  0.408, data_points:  5.4e+05, total_data_gen_time:  31.9, train_time:  0.00117, data_load_time:  2.76e-07, best_score:  514, current lr:  0.0001, 
Epoch 49. train_acc:  74.2, train_loss:  0.41, data_points:  5.4e+05, total_data_gen_time:  31.5, train_time:  0.00118, data_load_time:  2.73e-07, best_score:  514, current lr:  0.0001, 
Epoch 50. train_acc:  74.4, train_loss:  0.407, data_points:  5.4e+05, total_data_gen_time:  31.6, train_time:  0.00118, data_load_time:  2.73e-07, total_eval_time:  128, test_score:  276, best_score:  514, current lr:  0.0001, 
Epoch 51. train_acc:  74.4, train_loss:  0.407, data_points:  5.4e+05, total_data_gen_time:  32, train_time:  0.00118, data_load_time:  2.76e-07, best_score:  514, current lr:  0.0001, 
Epoch 52. train_acc:  74.4, train_loss:  0.406, data_points:  5.4e+05, total_data_gen_time:  31.5, train_time:  0.00114, data_load_time:  2.78e-07, best_score:  514, current lr:  0.0001, 
Epoch 53. train_acc:  74.4, train_loss:  0.407, data_points:  5.4e+05, total_data_gen_time:  31.5, train_time:  0.00121, data_load_time:  2.71e-07, best_score:  514, current lr:  0.0001, 
Epoch 54. train_acc:  74.4, train_loss:  0.405, data_points:  5.4e+05, total_data_gen_time:  32.7, train_time:  0.00114, data_load_time:  2.82e-07, best_score:  514, current lr:  0.0001, 
Epoch 55. train_acc:  74.4, train_loss:  0.405, data_points:  5.4e+05, total_data_gen_time:  31.7, train_time:  0.00116, data_load_time:  2.85e-07, best_score:  514, current lr:  0.0001, 
Epoch 56. train_acc:  74.4, train_loss:  0.405, data_points:  5.4e+05, total_data_gen_time:  32, train_time:  0.00118, data_load_time:  2.71e-07, best_score:  514, current lr:  0.0001, 
Epoch 57. train_acc:  74.2, train_loss:  0.409, data_points:  5.4e+05, total_data_gen_time:  32.1, train_time:  0.00116, data_load_time:  2.82e-07, best_score:  514, current lr:  0.0001, 
Epoch 58. train_acc:  74.5, train_loss:  0.405, data_points:  5.4e+05, total_data_gen_time:  31.6, train_time:  0.00122, data_load_time:  2.8e-07, best_score:  514, current lr:  0.0001, 
Epoch 59. train_acc:  74.6, train_loss:  0.402, data_points:  5.4e+05, total_data_gen_time:  31.7, train_time:  0.00117, data_load_time:  2.69e-07, best_score:  514, current lr:  0.0001, 
Epoch 60. train_acc:  74.8, train_loss:  0.4, data_points:  5.4e+05, total_data_gen_time:  32.3, train_time:  0.00116, data_load_time:  2.76e-07, total_eval_time:  128, test_score:  518, best_score:  518, current lr:  0.0001, 
Epoch 61. train_acc:  74.8, train_loss:  0.398, data_points:  5.4e+05, total_data_gen_time:  31.7, train_time:  0.00117, data_load_time:  2.74e-07, best_score:  518, current lr:  0.0001, 
Epoch 62. train_acc:  74.7, train_loss:  0.401, data_points:  5.4e+05, total_data_gen_time:  31.7, train_time:  0.00116, data_load_time:  2.71e-07, best_score:  518, current lr:  0.0001, 
Epoch 63. train_acc:  74.8, train_loss:  0.399, data_points:  5.4e+05, total_data_gen_time:  32.1, train_time:  0.00115, data_load_time:  2.69e-07, best_score:  518, current lr:  0.0001, 
Epoch 64. train_acc:  74.8, train_loss:  0.399, data_points:  5.4e+05, total_data_gen_time:  31.7, train_time:  0.00115, data_load_time:  2.7e-07, best_score:  518, current lr:  0.0001, 
Epoch 65. train_acc:  74.7, train_loss:  0.4, data_points:  5.4e+05, total_data_gen_time:  31.5, train_time:  0.00115, data_load_time:  2.8e-07, best_score:  518, current lr:  0.0001, 
Epoch 66. train_acc:  74.8, train_loss:  0.4, data_points:  5.4e+05, total_data_gen_time:  32, train_time:  0.00116, data_load_time:  2.73e-07, best_score:  518, current lr:  0.0001, 
Epoch 67. train_acc:  75, train_loss:  0.396, data_points:  5.4e+05, total_data_gen_time:  31.8, train_time:  0.00119, data_load_time:  2.78e-07, best_score:  518, current lr:  0.0001, 
Epoch 68. train_acc:  74.9, train_loss:  0.398, data_points:  5.4e+05, total_data_gen_time:  31.6, train_time:  0.00116, data_load_time:  2.7e-07, best_score:  518, current lr:  0.0001, 
Epoch 69. train_acc:  75.1, train_loss:  0.395, data_points:  5.4e+05, total_data_gen_time:  32.1, train_time:  0.00116, data_load_time:  2.77e-07, best_score:  518, current lr:  0.0001, 
Epoch 70. train_acc:  75.3, train_loss:  0.391, data_points:  5.4e+05, total_data_gen_time:  31.6, train_time:  0.00116, data_load_time:  2.88e-07, total_eval_time:  104, test_score:  264, best_score:  518, current lr:  0.0001, 
Epoch 71. train_acc:  75.3, train_loss:  0.389, data_points:  5.4e+05, total_data_gen_time:  31.6, train_time:  0.00121, data_load_time:  2.75e-07, best_score:  518, current lr:  0.0001, 
Epoch 72. train_acc:  75.4, train_loss:  0.388, data_points:  5.4e+05, total_data_gen_time:  32.1, train_time:  0.00119, data_load_time:  2.65e-07, best_score:  518, current lr:  0.0001, 
Epoch 73. train_acc:  75.4, train_loss:  0.388, data_points:  5.4e+05, total_data_gen_time:  31.6, train_time:  0.00115, data_load_time:  2.75e-07, best_score:  518, current lr:  0.0001, 
Epoch 74. train_acc:  75.5, train_loss:  0.386, data_points:  5.4e+05, total_data_gen_time:  31.7, train_time:  0.0012, data_load_time:  2.78e-07, best_score:  518, current lr:  0.0001, 
Epoch 75. train_acc:  75.5, train_loss:  0.386, data_points:  5.4e+05, total_data_gen_time:  31.9, train_time:  0.00115, data_load_time:  2.77e-07, best_score:  518, current lr:  0.0001, 
Epoch 76. train_acc:  75.7, train_loss:  0.382, data_points:  5.4e+05, total_data_gen_time:  31.6, train_time:  0.00117, data_load_time:  2.7e-07, best_score:  518, current lr:  0.0001, 
Epoch 77. train_acc:  75.6, train_loss:  0.383, data_points:  5.4e+05, total_data_gen_time:  31.7, train_time:  0.00114, data_load_time:  2.7e-07, best_score:  518, current lr:  0.0001, 
Epoch 78. train_acc:  75.7, train_loss:  0.379, data_points:  5.4e+05, total_data_gen_time:  32.4, train_time:  0.0012, data_load_time:  2.75e-07, best_score:  518, current lr:  0.0001, 
Epoch 79. train_acc:  75.6, train_loss:  0.381, data_points:  5.4e+05, total_data_gen_time:  31.6, train_time:  0.00121, data_load_time:  2.78e-07, best_score:  518, current lr:  0.0001, 
Epoch 80. train_acc:  75.8, train_loss:  0.379, data_points:  5.4e+05, total_data_gen_time:  31.9, train_time:  0.0012, data_load_time:  2.63e-07, total_eval_time:  129, test_score:  188, best_score:  518, current lr:  0.0001, 
Epoch 81. train_acc:  75.8, train_loss:  0.38, data_points:  5.4e+05, total_data_gen_time:  32.1, train_time:  0.00119, data_load_time:  2.67e-07, best_score:  518, current lr:  0.0001, 
Epoch 82. train_acc:  75.9, train_loss:  0.377, data_points:  5.4e+05, total_data_gen_time:  31.8, train_time:  0.00118, data_load_time:  2.72e-07, best_score:  518, current lr:  0.0001, 
Epoch 83. train_acc:  76.1, train_loss:  0.373, data_points:  5.4e+05, total_data_gen_time:  31.7, train_time:  0.00117, data_load_time:  2.73e-07, best_score:  518, current lr:  0.0001, 
Epoch 84. train_acc:  75.9, train_loss:  0.376, data_points:  5.4e+05, total_data_gen_time:  32.2, train_time:  0.0012, data_load_time:  2.83e-07, best_score:  518, current lr:  0.0001, 
Epoch 85. train_acc:  75.9, train_loss:  0.376, data_points:  5.4e+05, total_data_gen_time:  31.8, train_time:  0.00119, data_load_time:  2.77e-07, best_score:  518, current lr:  0.0001, 
Epoch 86. train_acc:  75.9, train_loss:  0.377, data_points:  5.4e+05, total_data_gen_time:  31.7, train_time:  0.0012, data_load_time:  2.74e-07, best_score:  518, current lr:  0.0001, 
Epoch 87. train_acc:  76, train_loss:  0.376, data_points:  5.4e+05, total_data_gen_time:  32.3, train_time:  0.0012, data_load_time:  2.71e-07, best_score:  518, current lr:  0.0001, 
Epoch 88. train_acc:  76.1, train_loss:  0.375, data_points:  5.4e+05, total_data_gen_time:  31.8, train_time:  0.00121, data_load_time:  2.79e-07, best_score:  518, current lr:  0.0001, 
Epoch 89. train_acc:  76.1, train_loss:  0.374, data_points:  5.4e+05, total_data_gen_time:  32, train_time:  0.00119, data_load_time:  2.76e-07, best_score:  518, current lr:  0.0001, 
Epoch 90. train_acc:  75.8, train_loss:  0.378, data_points:  5.4e+05, total_data_gen_time:  32.1, train_time:  0.00121, data_load_time:  2.79e-07, total_eval_time:  129, test_score:  438, best_score:  518, current lr:  0.0001, 
Epoch 91. train_acc:  76, train_loss:  0.377, data_points:  5.4e+05, total_data_gen_time:  31.7, train_time:  0.00119, data_load_time:  2.74e-07, best_score:  518, current lr:  0.0001, 
Epoch 92. train_acc:  75.9, train_loss:  0.378, data_points:  5.4e+05, total_data_gen_time:  31.5, train_time:  0.00118, data_load_time:  2.7e-07, best_score:  518, current lr:  0.0001, 
Epoch 93. train_acc:  75.5, train_loss:  0.386, data_points:  5.4e+05, total_data_gen_time:  32.1, train_time:  0.00115, data_load_time:  2.84e-07, best_score:  518, current lr:  0.0001, 
Epoch 94. train_acc:  75.8, train_loss:  0.38, data_points:  5.4e+05, total_data_gen_time:  31.8, train_time:  0.00117, data_load_time:  2.73e-07, best_score:  518, current lr:  0.0001, 
Epoch 95. train_acc:  75.9, train_loss:  0.377, data_points:  5.4e+05, total_data_gen_time:  31.7, train_time:  0.00117, data_load_time:  2.79e-07, best_score:  518, current lr:  0.0001, 
Epoch 96. train_acc:  76, train_loss:  0.374, data_points:  5.4e+05, total_data_gen_time:  32.2, train_time:  0.00117, data_load_time:  2.72e-07, best_score:  518, current lr:  0.0001, 
Epoch 97. train_acc:  76.1, train_loss:  0.373, data_points:  5.4e+05, total_data_gen_time:  31.5, train_time:  0.00117, data_load_time:  2.78e-07, best_score:  518, current lr:  0.0001, 
Epoch 98. train_acc:  76.2, train_loss:  0.371, data_points:  5.4e+05, total_data_gen_time:  31.7, train_time:  0.00119, data_load_time:  2.73e-07, best_score:  518, current lr:  0.0001, 
Epoch 99. train_acc:  76.1, train_loss:  0.372, data_points:  5.4e+05, total_data_gen_time:  32.2, train_time:  0.00116, data_load_time:  2.71e-07, best_score:  518, current lr:  0.0001, 
Epoch 100. train_acc:  76.1, train_loss:  0.374, data_points:  5.4e+05, total_data_gen_time:  31.8, train_time:  0.00115, data_load_time:  2.87e-07, total_eval_time:  105, test_score:  1.1e+03, best_score:  1.1e+03, current lr:  0.0001, 
Epoch 101. train_acc:  76.1, train_loss:  0.374, data_points:  5.4e+05, total_data_gen_time:  31.5, train_time:  0.00118, data_load_time:  2.46e-07, best_score:  1.1e+03, current lr:  0.0001, 
Epoch 102. train_acc:  76.2, train_loss:  0.374, data_points:  5.4e+05, total_data_gen_time:  32.2, train_time:  0.00115, data_load_time:  2.67e-07, best_score:  1.1e+03, current lr:  0.0001, 
Epoch 103. train_acc:  76.4, train_loss:  0.37, data_points:  5.4e+05, total_data_gen_time:  31.7, train_time:  0.00118, data_load_time:  2.51e-07, best_score:  1.1e+03, current lr:  0.0001, 
Epoch 104. train_acc:  76.3, train_loss:  0.372, data_points:  5.4e+05, total_data_gen_time:  31.7, train_time:  0.00116, data_load_time:  2.68e-07, best_score:  1.1e+03, current lr:  0.0001, 
Epoch 105. train_acc:  76.1, train_loss:  0.376, data_points:  5.4e+05, total_data_gen_time:  32.8, train_time:  0.00116, data_load_time:  2.74e-07, best_score:  1.1e+03, current lr:  0.0001, 
Epoch 106. train_acc:  76, train_loss:  0.377, data_points:  5.4e+05, total_data_gen_time:  31.7, train_time:  0.00119, data_load_time:  2.85e-07, best_score:  1.1e+03, current lr:  0.0001, 
Epoch 107. train_acc:  76.1, train_loss:  0.375, data_points:  5.4e+05, total_data_gen_time:  31.9, train_time:  0.00116, data_load_time:  2.74e-07, best_score:  1.1e+03, current lr:  0.0001, 
Epoch 108. train_acc:  76.1, train_loss:  0.375, data_points:  5.4e+05, total_data_gen_time:  32.4, train_time:  0.00121, data_load_time:  2.78e-07, best_score:  1.1e+03, current lr:  0.0001, 
Epoch 109. train_acc:  76.2, train_loss:  0.374, data_points:  5.4e+05, total_data_gen_time:  31.8, train_time:  0.00116, data_load_time:  2.81e-07, best_score:  1.1e+03, current lr:  0.0001, 
Epoch 110. train_acc:  76.4, train_loss:  0.369, data_points:  5.4e+05, total_data_gen_time:  31.9, train_time:  0.00115, data_load_time:  2.59e-07, total_eval_time:  109, test_score:  611, best_score:  1.1e+03, current lr:  0.0001, 
Epoch 111. train_acc:  76.3, train_loss:  0.37, data_points:  5.4e+05, total_data_gen_time:  32.5, train_time:  0.00119, data_load_time:  2.83e-07, best_score:  1.1e+03, current lr:  0.0001, 
Epoch 112. train_acc:  76.3, train_loss:  0.369, data_points:  5.4e+05, total_data_gen_time:  31.8, train_time:  0.00122, data_load_time:  2.88e-07, best_score:  1.1e+03, current lr:  0.0001, 
Epoch 113. train_acc:  76.6, train_loss:  0.366, data_points:  5.4e+05, total_data_gen_time:  31.8, train_time:  0.00118, data_load_time:  2.69e-07, best_score:  1.1e+03, current lr:  0.0001, 
Epoch 114. train_acc:  76.5, train_loss:  0.367, data_points:  5.4e+05, total_data_gen_time:  32.4, train_time:  0.00118, data_load_time:  2.71e-07, best_score:  1.1e+03, current lr:  0.0001, 
Epoch 115. train_acc:  76.6, train_loss:  0.365, data_points:  5.4e+05, total_data_gen_time:  31.7, train_time:  0.00121, data_load_time:  2.74e-07, best_score:  1.1e+03, current lr:  0.0001, 
Epoch 116. train_acc:  76.6, train_loss:  0.364, data_points:  5.4e+05, total_data_gen_time:  31.7, train_time:  0.00115, data_load_time:  2.72e-07, best_score:  1.1e+03, current lr:  0.0001, 
Epoch 117. train_acc:  76.4, train_loss:  0.367, data_points:  5.4e+05, total_data_gen_time:  32.3, train_time:  0.00118, data_load_time:  2.91e-07, best_score:  1.1e+03, current lr:  0.0001, 
Epoch 118. train_acc:  76.4, train_loss:  0.367, data_points:  5.4e+05, total_data_gen_time:  31.7, train_time:  0.00115, data_load_time:  2.69e-07, best_score:  1.1e+03, current lr:  0.0001, 
Epoch 119. train_acc:  76.4, train_loss:  0.366, data_points:  5.4e+05, total_data_gen_time:  31.8, train_time:  0.00116, data_load_time:  2.72e-07, best_score:  1.1e+03, current lr:  0.0001, 
Epoch 120. train_acc:  76.4, train_loss:  0.367, data_points:  5.4e+05, total_data_gen_time:  32.3, train_time:  0.00116, data_load_time:  2.7e-07, total_eval_time:  82.2, test_score:  2.28e+03, best_score:  2.28e+03, current lr:  0.0001, 
Epoch 121. train_acc:  76.5, train_loss:  0.365, data_points:  5.4e+05, total_data_gen_time:  31.6, train_time:  0.00122, data_load_time:  2.85e-07, best_score:  2.28e+03, current lr:  0.0001, 
Epoch 122. train_acc:  76.7, train_loss:  0.362, data_points:  5.4e+05, total_data_gen_time:  32, train_time:  0.00118, data_load_time:  2.65e-07, best_score:  2.28e+03, current lr:  0.0001, 
Epoch 123. train_acc:  76.4, train_loss:  0.368, data_points:  5.4e+05, total_data_gen_time:  32.2, train_time:  0.00118, data_load_time:  2.83e-07, best_score:  2.28e+03, current lr:  0.0001, 
Epoch 124. train_acc:  76.3, train_loss:  0.369, data_points:  5.4e+05, total_data_gen_time:  31.5, train_time:  0.0012, data_load_time:  2.72e-07, best_score:  2.28e+03, current lr:  0.0001, 
Epoch 125. train_acc:  76.4, train_loss:  0.366, data_points:  5.4e+05, total_data_gen_time:  31.8, train_time:  0.00115, data_load_time:  2.67e-07, best_score:  2.28e+03, current lr:  0.0001, 
Epoch 126. train_acc:  76.5, train_loss:  0.365, data_points:  5.4e+05, total_data_gen_time:  32.2, train_time:  0.00115, data_load_time:  2.79e-07, best_score:  2.28e+03, current lr:  0.0001, 
Epoch 127. train_acc:  76.5, train_loss:  0.363, data_points:  5.4e+05, total_data_gen_time:  31.5, train_time:  0.00116, data_load_time:  2.62e-07, best_score:  2.28e+03, current lr:  0.0001, 
Epoch 128. train_acc:  76.6, train_loss:  0.364, data_points:  5.4e+05, total_data_gen_time:  31.5, train_time:  0.00118, data_load_time:  2.88e-07, best_score:  2.28e+03, current lr:  0.0001, 
Epoch 129. train_acc:  76.6, train_loss:  0.366, data_points:  5.4e+05, total_data_gen_time:  32.2, train_time:  0.00118, data_load_time:  2.79e-07, best_score:  2.28e+03, current lr:  0.0001, 
Epoch 130. train_acc:  76.7, train_loss:  0.363, data_points:  5.4e+05, total_data_gen_time:  31.7, train_time:  0.00117, data_load_time:  2.88e-07, total_eval_time:  54.3, test_score:  148, best_score:  2.28e+03, current lr:  0.0001, 
Epoch 131. train_acc:  76.6, train_loss:  0.365, data_points:  5.4e+05, total_data_gen_time:  32.2, train_time:  0.00114, data_load_time:  2.72e-07, best_score:  2.28e+03, current lr:  0.0001, 
Epoch 132. train_acc:  76.7, train_loss:  0.364, data_points:  5.4e+05, total_data_gen_time:  32.4, train_time:  0.00115, data_load_time:  2.8e-07, best_score:  2.28e+03, current lr:  0.0001, 
Epoch 133. train_acc:  76.6, train_loss:  0.363, data_points:  5.4e+05, total_data_gen_time:  32, train_time:  0.0012, data_load_time:  2.87e-07, best_score:  2.28e+03, current lr:  0.0001, 
Epoch 134. train_acc:  76.7, train_loss:  0.362, data_points:  5.4e+05, total_data_gen_time:  31.8, train_time:  0.0012, data_load_time:  2.78e-07, best_score:  2.28e+03, current lr:  0.0001, 
Epoch 135. train_acc:  76.5, train_loss:  0.365, data_points:  5.4e+05, total_data_gen_time:  32.3, train_time:  0.00118, data_load_time:  2.71e-07, best_score:  2.28e+03, current lr:  0.0001, 
Epoch 136. train_acc:  76.5, train_loss:  0.366, data_points:  5.4e+05, total_data_gen_time:  31.7, train_time:  0.00116, data_load_time:  2.86e-07, best_score:  2.28e+03, current lr:  0.0001, 
Epoch 137. train_acc:  76.4, train_loss:  0.369, data_points:  5.4e+05, total_data_gen_time:  31.9, train_time:  0.00116, data_load_time:  2.74e-07, best_score:  2.28e+03, current lr:  0.0001, 
Epoch 138. train_acc:  76.5, train_loss:  0.367, data_points:  5.4e+05, total_data_gen_time:  32.3, train_time:  0.00119, data_load_time:  2.71e-07, best_score:  2.28e+03, current lr:  0.0001, 
Epoch 139. train_acc:  76.4, train_loss:  0.367, data_points:  5.4e+05, total_data_gen_time:  31.8, train_time:  0.00117, data_load_time:  2.85e-07, best_score:  2.28e+03, current lr:  0.0001, 
Epoch 140. train_acc:  76.2, train_loss:  0.372, data_points:  5.4e+05, total_data_gen_time:  32, train_time:  0.00118, data_load_time:  2.62e-07, total_eval_time:  79.6, test_score:  244, best_score:  2.28e+03, current lr:  0.0001, 
Epoch 141. train_acc:  76.3, train_loss:  0.37, data_points:  5.4e+05, total_data_gen_time:  32.4, train_time:  0.00116, data_load_time:  2.72e-07, best_score:  2.28e+03, current lr:  0.0001, 
Epoch 142. train_acc:  76.1, train_loss:  0.373, data_points:  5.4e+05, total_data_gen_time:  31.7, train_time:  0.00117, data_load_time:  2.72e-07, best_score:  2.28e+03, current lr:  0.0001, 
Epoch 143. train_acc:  76.4, train_loss:  0.37, data_points:  5.4e+05, total_data_gen_time:  31.8, train_time:  0.00117, data_load_time:  2.73e-07, best_score:  2.28e+03, current lr:  0.0001, 
Epoch 144. train_acc:  76.4, train_loss:  0.37, data_points:  5.4e+05, total_data_gen_time:  32.5, train_time:  0.00116, data_load_time:  2.68e-07, best_score:  2.28e+03, current lr:  0.0001, 
Epoch 145. train_acc:  76.6, train_loss:  0.367, data_points:  5.4e+05, total_data_gen_time:  31.6, train_time:  0.00117, data_load_time:  2.81e-07, best_score:  2.28e+03, current lr:  0.0001, 
Epoch 146. train_acc:  76.4, train_loss:  0.369, data_points:  5.4e+05, total_data_gen_time:  31.6, train_time:  0.00116, data_load_time:  2.64e-07, best_score:  2.28e+03, current lr:  0.0001, 
Epoch 147. train_acc:  76.6, train_loss:  0.366, data_points:  5.4e+05, total_data_gen_time:  32.3, train_time:  0.00117, data_load_time:  2.78e-07, best_score:  2.28e+03, current lr:  0.0001, 
Epoch 148. train_acc:  76.7, train_loss:  0.365, data_points:  5.4e+05, total_data_gen_time:  31.8, train_time:  0.00117, data_load_time:  2.74e-07, best_score:  2.28e+03, current lr:  0.0001, 
Epoch 149. train_acc:  76.6, train_loss:  0.366, data_points:  5.4e+05, total_data_gen_time:  31.6, train_time:  0.00117, data_load_time:  2.73e-07, best_score:  2.28e+03, current lr:  0.0001, 
Epoch 150. train_acc:  76.9, train_loss:  0.364, data_points:  5.4e+05, total_data_gen_time:  32.3, train_time:  0.00117, data_load_time:  2.85e-07, total_eval_time:  132, test_score:  342, best_score:  2.28e+03, current lr:  0.0001, 
Epoch 151. train_acc:  76.7, train_loss:  0.364, data_points:  5.4e+05, total_data_gen_time:  31.9, train_time:  0.00118, data_load_time:  2.72e-07, best_score:  2.28e+03, current lr:  0.0001, 
Epoch 152. train_acc:  76.9, train_loss:  0.361, data_points:  5.4e+05, total_data_gen_time:  31.7, train_time:  0.00117, data_load_time:  2.79e-07, best_score:  2.28e+03, current lr:  0.0001, 
Epoch 153. train_acc:  76.8, train_loss:  0.363, data_points:  5.4e+05, total_data_gen_time:  32.5, train_time:  0.00116, data_load_time:  2.84e-07, best_score:  2.28e+03, current lr:  0.0001, 
Epoch 154. train_acc:  76.7, train_loss:  0.364, data_points:  5.4e+05, total_data_gen_time:  31.7, train_time:  0.00118, data_load_time:  2.74e-07, best_score:  2.28e+03, current lr:  0.0001, 
Epoch 155. train_acc:  76.9, train_loss:  0.363, data_points:  5.4e+05, total_data_gen_time:  31.9, train_time:  0.0012, data_load_time:  2.71e-07, best_score:  2.28e+03, current lr:  0.0001, 
Epoch 156. train_acc:  76.9, train_loss:  0.361, data_points:  5.4e+05, total_data_gen_time:  32.8, train_time:  0.00122, data_load_time:  2.75e-07, best_score:  2.28e+03, current lr:  0.0001, 
Epoch 157. train_acc:  76.9, train_loss:  0.362, data_points:  5.4e+05, total_data_gen_time:  31.8, train_time:  0.00121, data_load_time:  2.75e-07, best_score:  2.28e+03, current lr:  0.0001, 
Epoch 158. train_acc:  76.9, train_loss:  0.36, data_points:  5.4e+05, total_data_gen_time:  31.9, train_time:  0.00118, data_load_time:  2.79e-07, best_score:  2.28e+03, current lr:  0.0001, 
Epoch 159. train_acc:  77.2, train_loss:  0.354, data_points:  5.4e+05, total_data_gen_time:  32.6, train_time:  0.00118, data_load_time:  2.75e-07, best_score:  2.28e+03, current lr:  0.0001, 
Epoch 160. train_acc:  77, train_loss:  0.356, data_points:  5.4e+05, total_data_gen_time:  31.9, train_time:  0.00118, data_load_time:  2.82e-07, total_eval_time:  131, test_score:  2.09e+03, best_score:  2.28e+03, current lr:  0.0001, 
Epoch 161. train_acc:  77.2, train_loss:  0.353, data_points:  5.4e+05, total_data_gen_time:  31.9, train_time:  0.00117, data_load_time:  2.78e-07, best_score:  2.28e+03, current lr:  0.0001, 
Epoch 162. train_acc:  77.2, train_loss:  0.354, data_points:  5.4e+05, total_data_gen_time:  32.6, train_time:  0.0012, data_load_time:  2.75e-07, best_score:  2.28e+03, current lr:  0.0001, 
Epoch 163. train_acc:  77.3, train_loss:  0.353, data_points:  5.4e+05, total_data_gen_time:  31.8, train_time:  0.00116, data_load_time:  2.86e-07, best_score:  2.28e+03, current lr:  0.0001, 
Epoch 164. train_acc:  77.3, train_loss:  0.35, data_points:  5.4e+05, total_data_gen_time:  31.7, train_time:  0.00116, data_load_time:  2.63e-07, best_score:  2.28e+03, current lr:  0.0001, 
Epoch 165. train_acc:  77.3, train_loss:  0.35, data_points:  5.4e+05, total_data_gen_time:  32.5, train_time:  0.00118, data_load_time:  2.8e-07, best_score:  2.28e+03, current lr:  0.0001, 
Epoch 166. train_acc:  77.4, train_loss:  0.348, data_points:  5.4e+05, total_data_gen_time:  32.1, train_time:  0.00119, data_load_time:  2.81e-07, best_score:  2.28e+03, current lr:  0.0001, 
Epoch 167. train_acc:  77.3, train_loss:  0.35, data_points:  5.4e+05, total_data_gen_time:  31.8, train_time:  0.00116, data_load_time:  2.72e-07, best_score:  2.28e+03, current lr:  0.0001, 
Epoch 168. train_acc:  77.4, train_loss:  0.352, data_points:  5.4e+05, total_data_gen_time:  32.2, train_time:  0.00117, data_load_time:  2.77e-07, best_score:  2.28e+03, current lr:  0.0001, 
Epoch 169. train_acc:  77.3, train_loss:  0.352, data_points:  5.4e+05, total_data_gen_time:  31.7, train_time:  0.00117, data_load_time:  2.78e-07, best_score:  2.28e+03, current lr:  0.0001, 
Epoch 170. train_acc:  77.3, train_loss:  0.351, data_points:  5.4e+05, total_data_gen_time:  31.7, train_time:  0.00121, data_load_time:  2.72e-07, total_eval_time:  133, test_score:  167, best_score:  2.28e+03, current lr:  0.0001, 
Epoch 171. train_acc:  77.1, train_loss:  0.354, data_points:  5.4e+05, total_data_gen_time:  32.4, train_time:  0.00118, data_load_time:  2.49e-07, best_score:  2.28e+03, current lr:  0.0001, 
Epoch 172. train_acc:  77.1, train_loss:  0.353, data_points:  5.4e+05, total_data_gen_time:  31.9, train_time:  0.00118, data_load_time:  2.69e-07, best_score:  2.28e+03, current lr:  0.0001, 
Epoch 173. train_acc:  77.2, train_loss:  0.352, data_points:  5.4e+05, total_data_gen_time:  31.7, train_time:  0.00118, data_load_time:  2.75e-07, best_score:  2.28e+03, current lr:  0.0001, 
Epoch 174. train_acc:  77, train_loss:  0.356, data_points:  5.4e+05, total_data_gen_time:  32.5, train_time:  0.00118, data_load_time:  2.85e-07, best_score:  2.28e+03, current lr:  0.0001, 
Epoch 175. train_acc:  77.1, train_loss:  0.355, data_points:  5.4e+05, total_data_gen_time:  31.8, train_time:  0.00115, data_load_time:  2.74e-07, best_score:  2.28e+03, current lr:  0.0001, 
Epoch 176. train_acc:  77.1, train_loss:  0.356, data_points:  5.4e+05, total_data_gen_time:  31.8, train_time:  0.00116, data_load_time:  2.69e-07, best_score:  2.28e+03, current lr:  0.0001, 
Epoch 177. train_acc:  76.9, train_loss:  0.356, data_points:  5.4e+05, total_data_gen_time:  32.5, train_time:  0.00119, data_load_time:  2.81e-07, best_score:  2.28e+03, current lr:  0.0001, 
Epoch 178. train_acc:  76.9, train_loss:  0.358, data_points:  5.4e+05, total_data_gen_time:  31.8, train_time:  0.00119, data_load_time:  2.9e-07, best_score:  2.28e+03, current lr:  0.0001, 
Epoch 179. train_acc:  76.9, train_loss:  0.359, data_points:  5.4e+05, total_data_gen_time:  31.8, train_time:  0.00117, data_load_time:  2.78e-07, best_score:  2.28e+03, current lr:  0.0001, 
Epoch 180. train_acc:  77, train_loss:  0.358, data_points:  5.4e+05, total_data_gen_time:  32.7, train_time:  0.00117, data_load_time:  2.79e-07, total_eval_time:  132, test_score:  1.16e+03, best_score:  2.28e+03, current lr:  0.0001, 
Epoch 181. train_acc:  77.3, train_loss:  0.354, data_points:  5.4e+05, total_data_gen_time:  31.8, train_time:  0.00115, data_load_time:  2.88e-07, best_score:  2.28e+03, current lr:  0.0001, 
Epoch 182. train_acc:  77.2, train_loss:  0.355, data_points:  5.4e+05, total_data_gen_time:  32, train_time:  0.00118, data_load_time:  2.78e-07, best_score:  2.28e+03, current lr:  0.0001, 
Epoch 183. train_acc:  77.3, train_loss:  0.352, data_points:  5.4e+05, total_data_gen_time:  32.7, train_time:  0.00116, data_load_time:  2.73e-07, best_score:  2.28e+03, current lr:  0.0001, 
Epoch 184. train_acc:  77.3, train_loss:  0.352, data_points:  5.4e+05, total_data_gen_time:  31.9, train_time:  0.00118, data_load_time:  2.66e-07, best_score:  2.28e+03, current lr:  0.0001, 
Epoch 185. train_acc:  77.3, train_loss:  0.353, data_points:  5.4e+05, total_data_gen_time:  31.9, train_time:  0.00121, data_load_time:  2.71e-07, best_score:  2.28e+03, current lr:  0.0001, 
Epoch 186. train_acc:  77.3, train_loss:  0.353, data_points:  5.4e+05, total_data_gen_time:  32.5, train_time:  0.00116, data_load_time:  2.82e-07, best_score:  2.28e+03, current lr:  0.0001, 
Epoch 187. train_acc:  77.4, train_loss:  0.352, data_points:  5.4e+05, total_data_gen_time:  31.8, train_time:  0.00118, data_load_time:  2.79e-07, best_score:  2.28e+03, current lr:  0.0001, 
Epoch 188. train_acc:  77.4, train_loss:  0.35, data_points:  5.4e+05, total_data_gen_time:  31.9, train_time:  0.00115, data_load_time:  2.74e-07, best_score:  2.28e+03, current lr:  0.0001, 
Epoch 189. train_acc:  77.4, train_loss:  0.35, data_points:  5.4e+05, total_data_gen_time:  32.6, train_time:  0.00117, data_load_time:  2.69e-07, best_score:  2.28e+03, current lr:  0.0001, 
Epoch 190. train_acc:  77.2, train_loss:  0.353, data_points:  5.4e+05, total_data_gen_time:  31.8, train_time:  0.00116, data_load_time:  2.85e-07, total_eval_time:  84, test_score:  1.66e+03, best_score:  2.28e+03, current lr:  0.0001, 
Epoch 191. train_acc:  77.1, train_loss:  0.355, data_points:  5.4e+05, total_data_gen_time:  31.9, train_time:  0.00123, data_load_time:  2.77e-07, best_score:  2.28e+03, current lr:  0.0001, 
Epoch 192. train_acc:  76.8, train_loss:  0.361, data_points:  5.4e+05, total_data_gen_time:  32.5, train_time:  0.00118, data_load_time:  2.68e-07, best_score:  2.28e+03, current lr:  0.0001, 
Epoch 193. train_acc:  76.9, train_loss:  0.36, data_points:  5.4e+05, total_data_gen_time:  31.8, train_time:  0.00117, data_load_time:  2.73e-07, best_score:  2.28e+03, current lr:  0.0001, 
Epoch 194. train_acc:  76.9, train_loss:  0.359, data_points:  5.4e+05, total_data_gen_time:  31.8, train_time:  0.00119, data_load_time:  2.62e-07, best_score:  2.28e+03, current lr:  0.0001, 
Epoch 195. train_acc:  76.9, train_loss:  0.357, data_points:  5.4e+05, total_data_gen_time:  32.5, train_time:  0.00117, data_load_time:  2.8e-07, best_score:  2.28e+03, current lr:  0.0001, 
Epoch 196. train_acc:  76.9, train_loss:  0.357, data_points:  5.4e+05, total_data_gen_time:  31.8, train_time:  0.00117, data_load_time:  2.79e-07, best_score:  2.28e+03, current lr:  0.0001, 
Epoch 197. train_acc:  77, train_loss:  0.356, data_points:  5.4e+05, total_data_gen_time:  31.8, train_time:  0.00118, data_load_time:  2.66e-07, best_score:  2.28e+03, current lr:  0.0001, 
Epoch 198. train_acc:  77, train_loss:  0.356, data_points:  5.4e+05, total_data_gen_time:  32.5, train_time:  0.00115, data_load_time:  2.85e-07, best_score:  2.28e+03, current lr:  0.0001, 
Epoch 199. train_acc:  77, train_loss:  0.355, data_points:  5.4e+05, total_data_gen_time:  32, train_time:  0.0012, data_load_time:  2.77e-07, best_score:  2.28e+03, current lr:  0.0001, 
Epoch 200. train_acc:  77.1, train_loss:  0.353, data_points:  5.4e+05, total_data_gen_time:  31.8, train_time:  0.00123, data_load_time:  2.89e-07, total_eval_time:  133, test_score:  162, best_score:  2.28e+03, current lr:  0.0001, 
Epoch 201. train_acc:  77.1, train_loss:  0.354, data_points:  5.4e+05, total_data_gen_time:  32.4, train_time:  0.00119, data_load_time:  2.76e-07, best_score:  2.28e+03, current lr:  0.0001, 
Epoch 202. train_acc:  77.2, train_loss:  0.351, data_points:  5.4e+05, total_data_gen_time:  31.8, train_time:  0.00116, data_load_time:  2.78e-07, best_score:  2.28e+03, current lr:  0.0001, 
Epoch 203. train_acc:  77.2, train_loss:  0.352, data_points:  5.4e+05, total_data_gen_time:  31.9, train_time:  0.00116, data_load_time:  2.66e-07, best_score:  2.28e+03, current lr:  0.0001, 
Epoch 204. train_acc:  77.4, train_loss:  0.35, data_points:  5.4e+05, total_data_gen_time:  32.6, train_time:  0.00117, data_load_time:  2.83e-07, best_score:  2.28e+03, current lr:  0.0001, 
Epoch 205. train_acc:  77.1, train_loss:  0.354, data_points:  5.4e+05, total_data_gen_time:  32.3, train_time:  0.00119, data_load_time:  2.85e-07, best_score:  2.28e+03, current lr:  0.0001, 
Epoch 206. train_acc:  77.1, train_loss:  0.355, data_points:  5.4e+05, total_data_gen_time:  31.9, train_time:  0.00121, data_load_time:  2.78e-07, best_score:  2.28e+03, current lr:  0.0001, 
Epoch 207. train_acc:  77, train_loss:  0.356, data_points:  5.4e+05, total_data_gen_time:  32.7, train_time:  0.00124, data_load_time:  2.69e-07, best_score:  2.28e+03, current lr:  0.0001, 
Epoch 208. train_acc:  77.1, train_loss:  0.355, data_points:  5.4e+05, total_data_gen_time:  32.2, train_time:  0.00121, data_load_time:  2.77e-07, best_score:  2.28e+03, current lr:  0.0001, 
Epoch 209. train_acc:  77.1, train_loss:  0.355, data_points:  5.4e+05, total_data_gen_time:  32.1, train_time:  0.00117, data_load_time:  2.69e-07, best_score:  2.28e+03, current lr:  0.0001, 
Epoch 210. train_acc:  77.3, train_loss:  0.353, data_points:  5.4e+05, total_data_gen_time:  32.8, train_time:  0.00116, data_load_time:  2.72e-07, total_eval_time:  70.2, test_score:  1.05e+03, best_score:  2.28e+03, current lr:  0.0001, 
Epoch 211. train_acc:  77.3, train_loss:  0.352, data_points:  5.4e+05, total_data_gen_time:  31.8, train_time:  0.00118, data_load_time:  2.8e-07, best_score:  2.28e+03, current lr:  0.0001, 
Epoch 212. train_acc:  77.1, train_loss:  0.356, data_points:  5.4e+05, total_data_gen_time:  31.9, train_time:  0.00118, data_load_time:  2.71e-07, best_score:  2.28e+03, current lr:  0.0001, 
Epoch 213. train_acc:  77.2, train_loss:  0.353, data_points:  5.4e+05, total_data_gen_time:  32.6, train_time:  0.00117, data_load_time:  2.58e-07, best_score:  2.28e+03, current lr:  0.0001, 
Epoch 214. train_acc:  77.4, train_loss:  0.351, data_points:  5.4e+05, total_data_gen_time:  32, train_time:  0.00115, data_load_time:  2.68e-07, best_score:  2.28e+03, current lr:  0.0001, 
Epoch 215. train_acc:  77.6, train_loss:  0.347, data_points:  5.4e+05, total_data_gen_time:  32, train_time:  0.00116, data_load_time:  2.81e-07, best_score:  2.28e+03, current lr:  0.0001, 
Epoch 216. train_acc:  77.6, train_loss:  0.345, data_points:  5.4e+05, total_data_gen_time:  32.5, train_time:  0.00118, data_load_time:  2.77e-07, best_score:  2.28e+03, current lr:  0.0001, 
Epoch 217. train_acc:  77.8, train_loss:  0.343, data_points:  5.4e+05, total_data_gen_time:  32, train_time:  0.0012, data_load_time:  2.77e-07, best_score:  2.28e+03, current lr:  0.0001, 
Epoch 218. train_acc:  77.6, train_loss:  0.344, data_points:  5.4e+05, total_data_gen_time:  32, train_time:  0.00117, data_load_time:  2.84e-07, best_score:  2.28e+03, current lr:  0.0001, 
Epoch 219. train_acc:  77.7, train_loss:  0.343, data_points:  5.4e+05, total_data_gen_time:  32.7, train_time:  0.0012, data_load_time:  2.73e-07, best_score:  2.28e+03, current lr:  0.0001, 
Epoch 220. train_acc:  77.7, train_loss:  0.342, data_points:  5.4e+05, total_data_gen_time:  31.9, train_time:  0.00116, data_load_time:  2.83e-07, total_eval_time:  135, test_score:  149, best_score:  2.28e+03, current lr:  0.0001, 
Epoch 221. train_acc:  77.5, train_loss:  0.346, data_points:  5.4e+05, total_data_gen_time:  32.1, train_time:  0.00118, data_load_time:  2.72e-07, best_score:  2.28e+03, current lr:  0.0001, 
Epoch 222. train_acc:  77.6, train_loss:  0.342, data_points:  5.4e+05, total_data_gen_time:  32.5, train_time:  0.00118, data_load_time:  2.75e-07, best_score:  2.28e+03, current lr:  0.0001, 
Epoch 223. train_acc:  77.6, train_loss:  0.343, data_points:  5.4e+05, total_data_gen_time:  31.8, train_time:  0.00119, data_load_time:  2.73e-07, best_score:  2.28e+03, current lr:  0.0001, 
Epoch 224. train_acc:  77.5, train_loss:  0.342, data_points:  5.4e+05, total_data_gen_time:  31.8, train_time:  0.00119, data_load_time:  2.61e-07, best_score:  2.28e+03, current lr:  0.0001, 
Epoch 225. train_acc:  77.5, train_loss:  0.343, data_points:  5.4e+05, total_data_gen_time:  32.7, train_time:  0.00116, data_load_time:  2.72e-07, best_score:  2.28e+03, current lr:  0.0001, 
Epoch 226. train_acc:  77.5, train_loss:  0.344, data_points:  5.4e+05, total_data_gen_time:  32, train_time:  0.00116, data_load_time:  2.81e-07, best_score:  2.28e+03, current lr:  0.0001, 
Epoch 227. train_acc:  77.6, train_loss:  0.343, data_points:  5.4e+05, total_data_gen_time:  32, train_time:  0.00116, data_load_time:  2.69e-07, best_score:  2.28e+03, current lr:  0.0001, 
Epoch 228. train_acc:  77.6, train_loss:  0.341, data_points:  5.4e+05, total_data_gen_time:  32.7, train_time:  0.00117, data_load_time:  2.66e-07, best_score:  2.28e+03, current lr:  0.0001, 
Epoch 229. train_acc:  77.7, train_loss:  0.342, data_points:  5.4e+05, total_data_gen_time:  31.9, train_time:  0.00118, data_load_time:  2.76e-07, best_score:  2.28e+03, current lr:  0.0001, 
Epoch 230. train_acc:  77.5, train_loss:  0.345, data_points:  5.4e+05, total_data_gen_time:  31.9, train_time:  0.00121, data_load_time:  2.69e-07, total_eval_time:  133, test_score:  1.38e+03, best_score:  2.28e+03, current lr:  0.0001, 
Epoch 231. train_acc:  77.6, train_loss:  0.342, data_points:  5.4e+05, total_data_gen_time:  33.2, train_time:  0.00116, data_load_time:  2.71e-07, best_score:  2.28e+03, current lr:  0.0001, 
Epoch 232. train_acc:  77.6, train_loss:  0.344, data_points:  5.4e+05, total_data_gen_time:  32.1, train_time:  0.0012, data_load_time:  2.63e-07, best_score:  2.28e+03, current lr:  0.0001, 
Epoch 233. train_acc:  77.4, train_loss:  0.348, data_points:  5.4e+05, total_data_gen_time:  31.9, train_time:  0.00118, data_load_time:  2.73e-07, best_score:  2.28e+03, current lr:  0.0001, 
Epoch 234. train_acc:  77.3, train_loss:  0.351, data_points:  5.4e+05, total_data_gen_time:  32.7, train_time:  0.00116, data_load_time:  2.71e-07, best_score:  2.28e+03, current lr:  0.0001, 
Epoch 235. train_acc:  77.3, train_loss:  0.351, data_points:  5.4e+05, total_data_gen_time:  32.1, train_time:  0.00117, data_load_time:  2.81e-07, best_score:  2.28e+03, current lr:  0.0001, 
Epoch 236. train_acc:  77.4, train_loss:  0.349, data_points:  5.4e+05, total_data_gen_time:  32.1, train_time:  0.00122, data_load_time:  2.72e-07, best_score:  2.28e+03, current lr:  0.0001, 
Epoch 237. train_acc:  77.2, train_loss:  0.354, data_points:  5.4e+05, total_data_gen_time:  32.7, train_time:  0.00118, data_load_time:  2.74e-07, best_score:  2.28e+03, current lr:  0.0001, 
Epoch 238. train_acc:  77.4, train_loss:  0.352, data_points:  5.4e+05, total_data_gen_time:  32, train_time:  0.00121, data_load_time:  2.69e-07, best_score:  2.28e+03, current lr:  0.0001, 
Epoch 239. train_acc:  77.3, train_loss:  0.352, data_points:  5.4e+05, total_data_gen_time:  32.1, train_time:  0.00118, data_load_time:  2.72e-07, best_score:  2.28e+03, current lr:  0.0001, 
Epoch 240. train_acc:  77.4, train_loss:  0.35, data_points:  5.4e+05, total_data_gen_time:  32.6, train_time:  0.00118, data_load_time:  2.66e-07, total_eval_time:  133, test_score:  647, best_score:  2.28e+03, current lr:  0.0001, 
Epoch 241. train_acc:  77.5, train_loss:  0.349, data_points:  5.4e+05, total_data_gen_time:  32.1, train_time:  0.0012, data_load_time:  2.52e-07, best_score:  2.28e+03, current lr:  0.0001, 
Epoch 242. train_acc:  77.6, train_loss:  0.345, data_points:  5.4e+05, total_data_gen_time:  32, train_time:  0.00114, data_load_time:  2.81e-07, best_score:  2.28e+03, current lr:  0.0001, 
Epoch 243. train_acc:  77.8, train_loss:  0.342, data_points:  5.4e+05, total_data_gen_time:  32.9, train_time:  0.00118, data_load_time:  2.89e-07, best_score:  2.28e+03, current lr:  0.0001, 
Epoch 244. train_acc:  77.8, train_loss:  0.341, data_points:  5.4e+05, total_data_gen_time:  31.8, train_time:  0.00117, data_load_time:  2.77e-07, best_score:  2.28e+03, current lr:  0.0001, 
Epoch 245. train_acc:  77.6, train_loss:  0.346, data_points:  5.4e+05, total_data_gen_time:  31.9, train_time:  0.00116, data_load_time:  2.69e-07, best_score:  2.28e+03, current lr:  0.0001, 
Epoch 246. train_acc:  77.6, train_loss:  0.345, data_points:  5.4e+05, total_data_gen_time:  32.6, train_time:  0.00119, data_load_time:  2.79e-07, best_score:  2.28e+03, current lr:  0.0001, 
Epoch 247. train_acc:  77.7, train_loss:  0.344, data_points:  5.4e+05, total_data_gen_time:  31.9, train_time:  0.00117, data_load_time:  2.75e-07, best_score:  2.28e+03, current lr:  0.0001, 
Epoch 248. train_acc:  77.5, train_loss:  0.347, data_points:  5.4e+05, total_data_gen_time:  31.9, train_time:  0.0012, data_load_time:  2.74e-07, best_score:  2.28e+03, current lr:  0.0001, 
Epoch 249. train_acc:  77.7, train_loss:  0.345, data_points:  5.4e+05, total_data_gen_time:  32.8, train_time:  0.00119, data_load_time:  2.83e-07, best_score:  2.28e+03, current lr:  0.0001, 
Epoch 250. train_acc:  77.7, train_loss:  0.346, data_points:  5.4e+05, total_data_gen_time:  31.9, train_time:  0.00118, data_load_time:  2.81e-07, total_eval_time:  109, test_score:  516, best_score:  2.28e+03, current lr:  0.0001, 
Epoch 251. train_acc:  77.8, train_loss:  0.345, data_points:  5.4e+05, total_data_gen_time:  32, train_time:  0.00117, data_load_time:  2.68e-07, best_score:  2.28e+03, current lr:  0.0001, 
Epoch 252. train_acc:  77.7, train_loss:  0.345, data_points:  5.4e+05, total_data_gen_time:  32.8, train_time:  0.00117, data_load_time:  2.7e-07, best_score:  2.28e+03, current lr:  0.0001, 
Epoch 253. train_acc:  77.7, train_loss:  0.347, data_points:  5.4e+05, total_data_gen_time:  32.1, train_time:  0.00116, data_load_time:  2.83e-07, best_score:  2.28e+03, current lr:  0.0001, 
Epoch 254. train_acc:  77.6, train_loss:  0.347, data_points:  5.4e+05, total_data_gen_time:  32, train_time:  0.00119, data_load_time:  2.84e-07, best_score:  2.28e+03, current lr:  0.0001, 
Epoch 255. train_acc:  77.8, train_loss:  0.344, data_points:  5.4e+05, total_data_gen_time:  33.4, train_time:  0.00119, data_load_time:  2.72e-07, best_score:  2.28e+03, current lr:  0.0001, 
Epoch 256. train_acc:  77.8, train_loss:  0.343, data_points:  5.4e+05, total_data_gen_time:  32, train_time:  0.00121, data_load_time:  2.8e-07, best_score:  2.28e+03, current lr:  0.0001, 
Epoch 257. train_acc:  77.8, train_loss:  0.342, data_points:  5.4e+05, total_data_gen_time:  32, train_time:  0.00119, data_load_time:  2.64e-07, best_score:  2.28e+03, current lr:  0.0001, 
Epoch 258. train_acc:  77.9, train_loss:  0.342, data_points:  5.4e+05, total_data_gen_time:  32.9, train_time:  0.00118, data_load_time:  2.69e-07, best_score:  2.28e+03, current lr:  0.0001, 
Epoch 259. train_acc:  78, train_loss:  0.34, data_points:  5.4e+05, total_data_gen_time:  32.1, train_time:  0.00118, data_load_time:  2.92e-07, best_score:  2.28e+03, current lr:  0.0001, 
Epoch 260. train_acc:  77.9, train_loss:  0.339, data_points:  5.4e+05, total_data_gen_time:  32.2, train_time:  0.00117, data_load_time:  2.77e-07, total_eval_time:  133, test_score:  136, best_score:  2.28e+03, current lr:  0.0001, 
Epoch 261. train_acc:  77.9, train_loss:  0.341, data_points:  5.4e+05, total_data_gen_time:  32.7, train_time:  0.00117, data_load_time:  2.8e-07, best_score:  2.28e+03, current lr:  0.0001, 
Epoch 262. train_acc:  78, train_loss:  0.34, data_points:  5.4e+05, total_data_gen_time:  32, train_time:  0.0012, data_load_time:  2.9e-07, best_score:  2.28e+03, current lr:  0.0001, 
Epoch 263. train_acc:  77.7, train_loss:  0.342, data_points:  5.4e+05, total_data_gen_time:  32, train_time:  0.0012, data_load_time:  2.71e-07, best_score:  2.28e+03, current lr:  0.0001, 
Epoch 264. train_acc:  78, train_loss:  0.339, data_points:  5.4e+05, total_data_gen_time:  32.8, train_time:  0.00115, data_load_time:  2.77e-07, best_score:  2.28e+03, current lr:  0.0001, 
Epoch 265. train_acc:  78, train_loss:  0.338, data_points:  5.4e+05, total_data_gen_time:  32.1, train_time:  0.00116, data_load_time:  2.78e-07, best_score:  2.28e+03, current lr:  0.0001, 
Epoch 266. train_acc:  77.9, train_loss:  0.341, data_points:  5.4e+05, total_data_gen_time:  32, train_time:  0.00117, data_load_time:  2.74e-07, best_score:  2.28e+03, current lr:  0.0001, 
Epoch 267. train_acc:  77.9, train_loss:  0.34, data_points:  5.4e+05, total_data_gen_time:  32.6, train_time:  0.00118, data_load_time:  2.81e-07, best_score:  2.28e+03, current lr:  0.0001, 
Epoch 268. train_acc:  78, train_loss:  0.338, data_points:  5.4e+05, total_data_gen_time:  31.9, train_time:  0.00118, data_load_time:  2.79e-07, best_score:  2.28e+03, current lr:  0.0001, 
Epoch 269. train_acc:  77.9, train_loss:  0.338, data_points:  5.4e+05, total_data_gen_time:  31.9, train_time:  0.00116, data_load_time:  2.78e-07, best_score:  2.28e+03, current lr:  0.0001, 
Epoch 270. train_acc:  77.9, train_loss:  0.338, data_points:  5.4e+05, total_data_gen_time:  32.8, train_time:  0.00119, data_load_time:  2.71e-07, total_eval_time:  108, test_score:  530, best_score:  2.28e+03, current lr:  0.0001, 
Epoch 271. train_acc:  78, train_loss:  0.335, data_points:  5.4e+05, total_data_gen_time:  31.9, train_time:  0.00115, data_load_time:  2.76e-07, best_score:  2.28e+03, current lr:  0.0001, 
Epoch 272. train_acc:  77.9, train_loss:  0.336, data_points:  5.4e+05, total_data_gen_time:  32.2, train_time:  0.00119, data_load_time:  2.66e-07, best_score:  2.28e+03, current lr:  0.0001, 
Epoch 273. train_acc:  78.2, train_loss:  0.332, data_points:  5.4e+05, total_data_gen_time:  32.8, train_time:  0.00118, data_load_time:  2.75e-07, best_score:  2.28e+03, current lr:  0.0001, 
Epoch 274. train_acc:  78.1, train_loss:  0.335, data_points:  5.4e+05, total_data_gen_time:  32, train_time:  0.00116, data_load_time:  2.7e-07, best_score:  2.28e+03, current lr:  0.0001, 
Epoch 275. train_acc:  78.1, train_loss:  0.336, data_points:  5.4e+05, total_data_gen_time:  32, train_time:  0.00115, data_load_time:  2.73e-07, best_score:  2.28e+03, current lr:  0.0001, 
Epoch 276. train_acc:  78.2, train_loss:  0.332, data_points:  5.4e+05, total_data_gen_time:  32.9, train_time:  0.00123, data_load_time:  2.87e-07, best_score:  2.28e+03, current lr:  0.0001, 
Epoch 277. train_acc:  78.3, train_loss:  0.332, data_points:  5.4e+05, total_data_gen_time:  32.2, train_time:  0.00122, data_load_time:  2.79e-07, best_score:  2.28e+03, current lr:  0.0001, 
Epoch 278. train_acc:  78.1, train_loss:  0.334, data_points:  5.4e+05, total_data_gen_time:  32.1, train_time:  0.00123, data_load_time:  2.75e-07, best_score:  2.28e+03, current lr:  0.0001, 
Epoch 279. train_acc:  78.1, train_loss:  0.336, data_points:  5.4e+05, total_data_gen_time:  32.8, train_time:  0.00123, data_load_time:  2.8e-07, best_score:  2.28e+03, current lr:  0.0001, 
Epoch 280. train_acc:  78, train_loss:  0.337, data_points:  5.4e+05, total_data_gen_time:  32.6, train_time:  0.00122, data_load_time:  2.81e-07, total_eval_time:  133, test_score:  1.24e+03, best_score:  2.28e+03, current lr:  0.0001, 
Epoch 281. train_acc:  77.9, train_loss:  0.341, data_points:  5.4e+05, total_data_gen_time:  32, train_time:  0.00117, data_load_time:  2.65e-07, best_score:  2.28e+03, current lr:  0.0001, 
Epoch 282. train_acc:  77.9, train_loss:  0.34, data_points:  5.4e+05, total_data_gen_time:  33, train_time:  0.00121, data_load_time:  2.75e-07, best_score:  2.28e+03, current lr:  0.0001, 
Epoch 283. train_acc:  77.7, train_loss:  0.343, data_points:  5.4e+05, total_data_gen_time:  32.1, train_time:  0.00121, data_load_time:  2.79e-07, best_score:  2.28e+03, current lr:  0.0001, 
Epoch 284. train_acc:  77.9, train_loss:  0.341, data_points:  5.4e+05, total_data_gen_time:  32, train_time:  0.00117, data_load_time:  2.8e-07, best_score:  2.28e+03, current lr:  0.0001, 
Epoch 285. train_acc:  77.8, train_loss:  0.341, data_points:  5.4e+05, total_data_gen_time:  32.9, train_time:  0.00116, data_load_time:  2.78e-07, best_score:  2.28e+03, current lr:  0.0001, 
Epoch 286. train_acc:  77.7, train_loss:  0.343, data_points:  5.4e+05, total_data_gen_time:  32.1, train_time:  0.0012, data_load_time:  2.77e-07, best_score:  2.28e+03, current lr:  0.0001, 
Epoch 287. train_acc:  77.6, train_loss:  0.344, data_points:  5.4e+05, total_data_gen_time:  32.2, train_time:  0.00121, data_load_time:  2.53e-07, best_score:  2.28e+03, current lr:  0.0001, 
Epoch 288. train_acc:  77.7, train_loss:  0.345, data_points:  5.4e+05, total_data_gen_time:  32.9, train_time:  0.0012, data_load_time:  2.8e-07, best_score:  2.28e+03, current lr:  0.0001, 
Epoch 289. train_acc:  77.6, train_loss:  0.345, data_points:  5.4e+05, total_data_gen_time:  32, train_time:  0.00123, data_load_time:  2.73e-07, best_score:  2.28e+03, current lr:  0.0001, 
Epoch 290. train_acc:  77.7, train_loss:  0.344, data_points:  5.4e+05, total_data_gen_time:  32.1, train_time:  0.00118, data_load_time:  2.68e-07, total_eval_time:  133, test_score:  554, best_score:  2.28e+03, current lr:  0.0001, 
Epoch 291. train_acc:  77.8, train_loss:  0.341, data_points:  5.4e+05, total_data_gen_time:  32.7, train_time:  0.00118, data_load_time:  2.64e-07, best_score:  2.28e+03, current lr:  0.0001, 
Epoch 292. train_acc:  77.7, train_loss:  0.345, data_points:  5.4e+05, total_data_gen_time:  31.8, train_time:  0.00118, data_load_time:  2.82e-07, best_score:  2.28e+03, current lr:  0.0001, 
Epoch 293. train_acc:  77.8, train_loss:  0.342, data_points:  5.4e+05, total_data_gen_time:  31.8, train_time:  0.00119, data_load_time:  2.7e-07, best_score:  2.28e+03, current lr:  0.0001, 
Epoch 294. train_acc:  77.8, train_loss:  0.341, data_points:  5.4e+05, total_data_gen_time:  32.6, train_time:  0.00118, data_load_time:  2.83e-07, best_score:  2.28e+03, current lr:  0.0001, 
Epoch 295. train_acc:  77.8, train_loss:  0.34, data_points:  5.4e+05, total_data_gen_time:  32.2, train_time:  0.00119, data_load_time:  2.84e-07, best_score:  2.28e+03, current lr:  0.0001, 
Epoch 296. train_acc:  77.8, train_loss:  0.34, data_points:  5.4e+05, total_data_gen_time:  32, train_time:  0.00118, data_load_time:  2.68e-07, best_score:  2.28e+03, current lr:  0.0001, 
Epoch 297. train_acc:  77.9, train_loss:  0.338, data_points:  5.4e+05, total_data_gen_time:  32.7, train_time:  0.00118, data_load_time:  2.89e-07, best_score:  2.28e+03, current lr:  0.0001, 
Epoch 298. train_acc:  77.8, train_loss:  0.339, data_points:  5.4e+05, total_data_gen_time:  32.2, train_time:  0.00116, data_load_time:  2.73e-07, best_score:  2.28e+03, current lr:  0.0001, 
Epoch 299. train_acc:  77.9, train_loss:  0.337, data_points:  5.4e+05, total_data_gen_time:  32.3, train_time:  0.00116, data_load_time:  2.68e-07, best_score:  2.28e+03, current lr:  0.0001, 
Epoch 300. train_acc:  77.9, train_loss:  0.337, data_points:  5.4e+05, total_data_gen_time:  32.6, train_time:  0.00118, data_load_time:  2.75e-07, total_eval_time:  133, test_score:  219, best_score:  2.28e+03, current lr:  0.0001, 
Epoch 301. train_acc:  77.9, train_loss:  0.34, data_points:  5.4e+05, total_data_gen_time:  32.1, train_time:  0.00118, data_load_time:  2.81e-07, best_score:  2.28e+03, current lr:  0.0001, 
Epoch 302. train_acc:  77.9, train_loss:  0.339, data_points:  5.4e+05, total_data_gen_time:  32, train_time:  0.00116, data_load_time:  2.76e-07, best_score:  2.28e+03, current lr:  0.0001, 
Epoch 303. train_acc:  77.7, train_loss:  0.343, data_points:  5.4e+05, total_data_gen_time:  32.8, train_time:  0.00116, data_load_time:  2.74e-07, best_score:  2.28e+03, current lr:  0.0001, 
Epoch 304. train_acc:  77.6, train_loss:  0.347, data_points:  5.4e+05, total_data_gen_time:  32.4, train_time:  0.00119, data_load_time:  2.76e-07, best_score:  2.28e+03, current lr:  0.0001, 
Epoch 305. train_acc:  77.7, train_loss:  0.344, data_points:  5.4e+05, total_data_gen_time:  32.1, train_time:  0.00119, data_load_time:  2.81e-07, best_score:  2.28e+03, current lr:  0.0001, 
Epoch 306. train_acc:  77.8, train_loss:  0.342, data_points:  5.4e+05, total_data_gen_time:  32.9, train_time:  0.00121, data_load_time:  2.78e-07, best_score:  2.28e+03, current lr:  0.0001, 
Epoch 307. train_acc:  77.8, train_loss:  0.342, data_points:  5.4e+05, total_data_gen_time:  32.1, train_time:  0.00121, data_load_time:  2.84e-07, best_score:  2.28e+03, current lr:  0.0001, 
Epoch 308. train_acc:  77.7, train_loss:  0.343, data_points:  5.4e+05, total_data_gen_time:  32.1, train_time:  0.00115, data_load_time:  2.74e-07, best_score:  2.28e+03, current lr:  0.0001, 
Epoch 309. train_acc:  77.9, train_loss:  0.342, data_points:  5.4e+05, total_data_gen_time:  32.8, train_time:  0.00117, data_load_time:  2.72e-07, best_score:  2.28e+03, current lr:  0.0001, 
Epoch 310. train_acc:  77.9, train_loss:  0.342, data_points:  5.4e+05, total_data_gen_time:  32.3, train_time:  0.00121, data_load_time:  2.69e-07, total_eval_time:  132, test_score:  1.35e+03, best_score:  2.28e+03, current lr:  0.0001, 
Epoch 311. train_acc:  78, train_loss:  0.34, data_points:  5.4e+05, total_data_gen_time:  32.2, train_time:  0.0012, data_load_time:  2.73e-07, best_score:  2.28e+03, current lr:  0.0001, 
Epoch 312. train_acc:  77.9, train_loss:  0.34, data_points:  5.4e+05, total_data_gen_time:  32.7, train_time:  0.00117, data_load_time:  2.75e-07, best_score:  2.28e+03, current lr:  0.0001, 
Epoch 313. train_acc:  78.2, train_loss:  0.335, data_points:  5.4e+05, total_data_gen_time:  32.1, train_time:  0.00118, data_load_time:  2.75e-07, best_score:  2.28e+03, current lr:  0.0001, 
Epoch 314. train_acc:  78.4, train_loss:  0.333, data_points:  5.4e+05, total_data_gen_time:  32.1, train_time:  0.00118, data_load_time:  2.76e-07, best_score:  2.28e+03, current lr:  0.0001, 
Epoch 315. train_acc:  78.4, train_loss:  0.333, data_points:  5.4e+05, total_data_gen_time:  32.7, train_time:  0.00116, data_load_time:  2.78e-07, best_score:  2.28e+03, current lr:  0.0001, 
Epoch 316. train_acc:  78.3, train_loss:  0.336, data_points:  5.4e+05, total_data_gen_time:  32.2, train_time:  0.00116, data_load_time:  2.7e-07, best_score:  2.28e+03, current lr:  0.0001, 
Epoch 317. train_acc:  78.2, train_loss:  0.337, data_points:  5.4e+05, total_data_gen_time:  32, train_time:  0.00117, data_load_time:  2.69e-07, best_score:  2.28e+03, current lr:  0.0001, 
Epoch 318. train_acc:  78.2, train_loss:  0.337, data_points:  5.4e+05, total_data_gen_time:  32.8, train_time:  0.00117, data_load_time:  2.74e-07, best_score:  2.28e+03, current lr:  0.0001, 
Epoch 319. train_acc:  78.2, train_loss:  0.336, data_points:  5.4e+05, total_data_gen_time:  32, train_time:  0.0012, data_load_time:  2.75e-07, best_score:  2.28e+03, current lr:  0.0001, 
Epoch 320. train_acc:  78.3, train_loss:  0.335, data_points:  5.4e+05, total_data_gen_time:  32.3, train_time:  0.00123, data_load_time:  2.82e-07, total_eval_time:  133, test_score:  1.42e+03, best_score:  2.28e+03, current lr:  0.0001, 
Epoch 321. train_acc:  78.2, train_loss:  0.337, data_points:  5.4e+05, total_data_gen_time:  33, train_time:  0.00123, data_load_time:  2.77e-07, best_score:  2.28e+03, current lr:  0.0001, 
Epoch 322. train_acc:  78.2, train_loss:  0.338, data_points:  5.4e+05, total_data_gen_time:  32, train_time:  0.00116, data_load_time:  2.73e-07, best_score:  2.28e+03, current lr:  0.0001, 
Epoch 323. train_acc:  78, train_loss:  0.342, data_points:  5.4e+05, total_data_gen_time:  31.7, train_time:  0.00119, data_load_time:  2.69e-07, best_score:  2.28e+03, current lr:  0.0001, 
Epoch 324. train_acc:  78, train_loss:  0.341, data_points:  5.4e+05, total_data_gen_time:  32.8, train_time:  0.00117, data_load_time:  2.8e-07, best_score:  2.28e+03, current lr:  0.0001, 
Epoch 325. train_acc:  77.9, train_loss:  0.341, data_points:  5.4e+05, total_data_gen_time:  32.1, train_time:  0.00118, data_load_time:  2.74e-07, best_score:  2.28e+03, current lr:  0.0001, 
Epoch 326. train_acc:  78, train_loss:  0.339, data_points:  5.4e+05, total_data_gen_time:  32, train_time:  0.00116, data_load_time:  2.68e-07, best_score:  2.28e+03, current lr:  0.0001, 